{"uuid":"0714f191-3d93-4b79-bd02-a2837aab5e69","historyId":"23fa0197bb869dc31397a95e82dbd281","testCaseId":"bd8daf7052b17d14793dd6e83b587eae","fullName":"src/test/resources/features/Register.feature:42","labels":[{"name":"host","value":"rajas-imac.lan"},{"name":"thread","value":"78383@rajas-imac.lan.TestNG-PoolService-13(46)"},{"name":"feature","value":"User Registration"},{"name":"story","value":"Verify that user receives error message for password field with less than eight characters during registration"},{"name":"suite","value":"User Registration"},{"name":"testClass","value":"Verify that user receives error message for password field with less than eight characters during registration"},{"name":"framework","value":"cucumber4jvm"},{"name":"language","value":"java"},{"name":"gherkin_uri","value":"file:///Users/rajitha/DsAlgo/DSAlgo_March2025/src/test/resources/features/Register.feature"},{"name":"package","value":"src.test.resources.features.Register_feature.User Registration"}],"links":[],"name":"Verify that user receives error message for password field with less than eight characters during registration","status":"failed","statusDetails":{"known":false,"muted":false,"flaky":false,"message":"Test failed: Incorrect error message displayed.","trace":"java.lang.AssertionError: Test failed: Incorrect error message displayed.\n\tat com.dsalgo.automation.stepdefinations.RegisterStepDef.then_the_correct_error_message_is_not_displayed(RegisterStepDef.java:145)\n\tat ✽.The correct error message is not displayed(file:///Users/rajitha/DsAlgo/DSAlgo_March2025/src/test/resources/features/Register.feature:45)\n"},"stage":"finished","steps":[{"name":"Given The user is on the home page","status":"passed","statusDetails":{"known":false,"muted":false,"flaky":false},"stage":"finished","steps":[],"attachments":[],"parameters":[],"start":1745218369611,"stop":1745218459845},{"name":"When The user clicks on Register link","status":"passed","statusDetails":{"known":false,"muted":false,"flaky":false},"stage":"finished","steps":[],"attachments":[],"parameters":[],"start":1745218459860,"stop":1745218461360},{"name":"Given The user is on Registration page","status":"passed","statusDetails":{"known":false,"muted":false,"flaky":false},"stage":"finished","steps":[],"attachments":[],"parameters":[],"start":1745218461362,"stop":1745218461410},{"name":"When The user clicks Register button after entering a password and confirm password less than eight characters","status":"passed","statusDetails":{"known":false,"muted":false,"flaky":false},"stage":"finished","steps":[],"attachments":[],"parameters":[],"start":1745218461411,"stop":1745218463752},{"name":"Then The correct error message is not displayed","status":"failed","statusDetails":{"known":false,"muted":false,"flaky":false,"message":"Test failed: Incorrect error message displayed.","trace":"java.lang.AssertionError: Test failed: Incorrect error message displayed.\n\tat com.dsalgo.automation.stepdefinations.RegisterStepDef.then_the_correct_error_message_is_not_displayed(RegisterStepDef.java:145)\n\tat ✽.The correct error message is not displayed(file:///Users/rajitha/DsAlgo/DSAlgo_March2025/src/test/resources/features/Register.feature:45)\n"},"stage":"finished","steps":[],"attachments":[],"parameters":[],"start":1745218463760,"stop":1745218465195}],"attachments":[],"parameters":[],"start":1745218363315,"stop":1745218469109}