{"uuid":"113b261b-0be2-41e0-b8f2-561e206294d6","historyId":"88a1f5d4636b1166bf313a9acafd071a","testCaseId":"6af476add1f03ce451a4de430d625a74","fullName":"src/test/resources/features/Arrays.feature:322","labels":[{"name":"tag","value":"array"},{"name":"host","value":"MadhaviPoreddy"},{"name":"thread","value":"109644@MadhaviPoreddy.TestNG-PoolService-6(40)"},{"name":"feature","value":"Test Scenarios for Arrays"},{"name":"story","value":"Verify that user receives error message without entering any code in \"Squares of a Sorted Array\" editor and click on Submit button"},{"name":"suite","value":"Test Scenarios for Arrays"},{"name":"testClass","value":"Verify that user receives error message without entering any code in \"Squares of a Sorted Array\" editor and click on Submit button"},{"name":"framework","value":"cucumber4jvm"},{"name":"language","value":"java"},{"name":"gherkin_uri","value":"file:///C:/Users/mpore/eclipse-workspace/DSAlgo_March2025/DSAlgo_March2025/src/test/resources/features/Arrays.feature"},{"name":"package","value":"src.test.resources.features.Arrays_feature.Test Scenarios for Arrays"}],"links":[],"name":"Verify that user receives error message without entering any code in \"Squares of a Sorted Array\" editor and click on Submit button","status":"failed","statusDetails":{"known":false,"muted":false,"flaky":false,"message":"Test Case Failed : Expected output is not matching with Actual output expected [ No tests were collected] but found [\" No tests were collected]","trace":"java.lang.AssertionError: Test Case Failed : Expected output is not matching with Actual output expected [ No tests were collected] but found [\" No tests were collected]\r\n\tat org.testng.Assert.fail(Assert.java:99)\r\n\tat org.testng.Assert.failNotEquals(Assert.java:1037)\r\n\tat org.testng.Assert.assertEqualsImpl(Assert.java:140)\r\n\tat org.testng.Assert.assertEquals(Assert.java:122)\r\n\tat org.testng.Assert.assertEquals(Assert.java:629)\r\n\tat com.dsalgo.automation.stepdefinations.ArrayStepDef.the_user_is_able_to_see_error_message_No_tests_were_Collected(ArrayStepDef.java:503)\r\n\tat ✽.The user should be able to see error message No tests were Collected(file:///C:/Users/mpore/eclipse-workspace/DSAlgo_March2025/DSAlgo_March2025/src/test/resources/features/Arrays.feature:325)\r\n"},"stage":"finished","steps":[{"name":"Given the user is on the DS Algo Sign in Page","status":"passed","statusDetails":{"known":false,"muted":false,"flaky":false},"stage":"finished","steps":[],"attachments":[],"parameters":[],"start":1745043768955,"stop":1745043770189},{"name":"And the user enters a valid credentials and click on login","status":"passed","statusDetails":{"known":false,"muted":false,"flaky":false},"stage":"finished","steps":[],"attachments":[],"parameters":[],"start":1745043770190,"stop":1745043771775},{"name":"When The user clicks the Getting Started button in Array Panel After Sign in","status":"passed","statusDetails":{"known":false,"muted":false,"flaky":false},"stage":"finished","steps":[],"attachments":[],"parameters":[],"start":1745043771775,"stop":1745043772552},{"name":"Given The user is on the Squares of a Sorted Array practice question editor","status":"passed","statusDetails":{"known":false,"muted":false,"flaky":false},"stage":"finished","steps":[],"attachments":[],"parameters":[],"start":1745043772552,"stop":1745043774537},{"name":"When The user Clicks the Submit Button without entering any code in Editor","status":"passed","statusDetails":{"known":false,"muted":false,"flaky":false},"stage":"finished","steps":[],"attachments":[],"parameters":[],"start":1745043774538,"stop":1745043774892},{"name":"Then The user should be able to see error message No tests were Collected","status":"failed","statusDetails":{"known":false,"muted":false,"flaky":false,"message":"Test Case Failed : Expected output is not matching with Actual output expected [ No tests were collected] but found [\" No tests were collected]","trace":"java.lang.AssertionError: Test Case Failed : Expected output is not matching with Actual output expected [ No tests were collected] but found [\" No tests were collected]\r\n\tat org.testng.Assert.fail(Assert.java:99)\r\n\tat org.testng.Assert.failNotEquals(Assert.java:1037)\r\n\tat org.testng.Assert.assertEqualsImpl(Assert.java:140)\r\n\tat org.testng.Assert.assertEquals(Assert.java:122)\r\n\tat org.testng.Assert.assertEquals(Assert.java:629)\r\n\tat com.dsalgo.automation.stepdefinations.ArrayStepDef.the_user_is_able_to_see_error_message_No_tests_were_Collected(ArrayStepDef.java:503)\r\n\tat ✽.The user should be able to see error message No tests were Collected(file:///C:/Users/mpore/eclipse-workspace/DSAlgo_March2025/DSAlgo_March2025/src/test/resources/features/Arrays.feature:325)\r\n"},"stage":"finished","steps":[],"attachments":[],"parameters":[],"start":1745043774892,"stop":1745043775408}],"attachments":[],"parameters":[],"start":1745043765096,"stop":1745043776176}