{"uuid":"16c53e90-79eb-4ada-a072-22e1d6ab77ef","historyId":"293b7f641d1922d09d3cd20858b08dfe","testCaseId":"8663318a59f945362a4db499750ec02f","fullName":"src/test/resources/features/Register.feature:37","labels":[{"name":"host","value":"rajas-imac.lan"},{"name":"thread","value":"78383@rajas-imac.lan.TestNG-PoolService-18(51)"},{"name":"feature","value":"User Registration"},{"name":"story","value":"Verify that user receives error message for password too similar to username field during registration"},{"name":"suite","value":"User Registration"},{"name":"testClass","value":"Verify that user receives error message for password too similar to username field during registration"},{"name":"framework","value":"cucumber4jvm"},{"name":"language","value":"java"},{"name":"gherkin_uri","value":"file:///Users/rajitha/DsAlgo/DSAlgo_March2025/src/test/resources/features/Register.feature"},{"name":"package","value":"src.test.resources.features.Register_feature.User Registration"}],"links":[],"name":"Verify that user receives error message for password too similar to username field during registration","status":"failed","statusDetails":{"known":false,"muted":false,"flaky":false,"message":"Test failed: Incorrect error message displayed.","trace":"java.lang.AssertionError: Test failed: Incorrect error message displayed.\n\tat com.dsalgo.automation.stepdefinations.RegisterStepDef.then_the_correct_error_message_is_not_displayed(RegisterStepDef.java:145)\n\tat ✽.The correct error message is not displayed(file:///Users/rajitha/DsAlgo/DSAlgo_March2025/src/test/resources/features/Register.feature:40)\n"},"stage":"finished","steps":[{"name":"Given The user is on the home page","status":"passed","statusDetails":{"known":false,"muted":false,"flaky":false},"stage":"finished","steps":[],"attachments":[],"parameters":[],"start":1745218369581,"stop":1745218439728},{"name":"When The user clicks on Register link","status":"passed","statusDetails":{"known":false,"muted":false,"flaky":false},"stage":"finished","steps":[],"attachments":[],"parameters":[],"start":1745218439730,"stop":1745218440674},{"name":"Given The user is on Registration page","status":"passed","statusDetails":{"known":false,"muted":false,"flaky":false},"stage":"finished","steps":[],"attachments":[],"parameters":[],"start":1745218440677,"stop":1745218440776},{"name":"When The user clicks Register button after entering a password too similar to username","status":"passed","statusDetails":{"known":false,"muted":false,"flaky":false},"stage":"finished","steps":[],"attachments":[],"parameters":[],"start":1745218440776,"stop":1745218442183},{"name":"Then The correct error message is not displayed","status":"failed","statusDetails":{"known":false,"muted":false,"flaky":false,"message":"Test failed: Incorrect error message displayed.","trace":"java.lang.AssertionError: Test failed: Incorrect error message displayed.\n\tat com.dsalgo.automation.stepdefinations.RegisterStepDef.then_the_correct_error_message_is_not_displayed(RegisterStepDef.java:145)\n\tat ✽.The correct error message is not displayed(file:///Users/rajitha/DsAlgo/DSAlgo_March2025/src/test/resources/features/Register.feature:40)\n"},"stage":"finished","steps":[],"attachments":[],"parameters":[],"start":1745218442185,"stop":1745218442593}],"attachments":[],"parameters":[],"start":1745218362909,"stop":1745218445007}