{"uuid":"1ea3acbf-3706-4403-8c5b-2b543f6b7689","historyId":"96b52a45406203b92ba0f5d5b33105e0","testCaseId":"9af9f3265a93d9cf74d88603302ee2f1","fullName":"src/test/resources/features/Arrays.feature:225","labels":[{"name":"host","value":"rajas-imac.lan"},{"name":"thread","value":"78383@rajas-imac.lan.TestNG-PoolService-1(34)"},{"name":"feature","value":"Test Scenarios for Arrays"},{"name":"story","value":"Verify that user receives \"Submission Successful\" on submitting valid python code for \"Max Consecutive Ones\" question"},{"name":"suite","value":"Test Scenarios for Arrays"},{"name":"testClass","value":"Verify that user receives \"Submission Successful\" on submitting valid python code for \"Max Consecutive Ones\" question"},{"name":"framework","value":"cucumber4jvm"},{"name":"language","value":"java"},{"name":"gherkin_uri","value":"file:///Users/rajitha/DsAlgo/DSAlgo_March2025/src/test/resources/features/Arrays.feature"},{"name":"package","value":"src.test.resources.features.Arrays_feature.Test Scenarios for Arrays"}],"links":[],"name":"Verify that user receives \"Submission Successful\" on submitting valid python code for \"Max Consecutive Ones\" question","status":"failed","statusDetails":{"known":false,"muted":false,"flaky":false,"message":"Test case Failed: Out put from console is not matched with the expected output expected [] but found [Submission Successful]","trace":"java.lang.AssertionError: Test case Failed: Out put from console is not matched with the expected output expected [] but found [Submission Successful]\n\tat org.testng.Assert.fail(Assert.java:99)\n\tat org.testng.Assert.failNotEquals(Assert.java:1037)\n\tat org.testng.Assert.assertEqualsImpl(Assert.java:140)\n\tat org.testng.Assert.assertEquals(Assert.java:122)\n\tat org.testng.Assert.assertEquals(Assert.java:629)\n\tat com.dsalgo.automation.stepdefinations.ArrayStepDef.the_user_is_not_able_to_see_Submission_success_message(ArrayStepDef.java:327)\n\tat ✽.The user is not able to see success message Submission successful(file:///Users/rajitha/DsAlgo/DSAlgo_March2025/src/test/resources/features/Arrays.feature:228)\n"},"stage":"finished","steps":[{"name":"Given the user is on the DS Algo Sign in Page","status":"passed","statusDetails":{"known":false,"muted":false,"flaky":false},"stage":"finished","steps":[],"attachments":[],"parameters":[],"start":1745217155474,"stop":1745217244302},{"name":"When the user enters a valid credentials and click on login","status":"passed","statusDetails":{"known":false,"muted":false,"flaky":false},"stage":"finished","steps":[],"attachments":[],"parameters":[],"start":1745217244313,"stop":1745217252619},{"name":"And The user clicks the Getting Started button in Array Panel After Sign in","status":"passed","statusDetails":{"known":false,"muted":false,"flaky":false},"stage":"finished","steps":[],"attachments":[],"parameters":[],"start":1745217252621,"stop":1745217260115},{"name":"Given The user is on the Max Consecutive Ones practice question editor","status":"passed","statusDetails":{"known":false,"muted":false,"flaky":false},"stage":"finished","steps":[],"attachments":[],"parameters":[],"start":1745217260128,"stop":1745217313602},{"name":"When The user write the valid Max Consecutive Ones code in Editor and Click the Submit Button","status":"passed","statusDetails":{"known":false,"muted":false,"flaky":false},"stage":"finished","steps":[],"attachments":[],"parameters":[],"start":1745217313614,"stop":1745217313929},{"name":"Then The user is not able to see success message Submission successful","status":"failed","statusDetails":{"known":false,"muted":false,"flaky":false,"message":"Test case Failed: Out put from console is not matched with the expected output expected [] but found [Submission Successful]","trace":"java.lang.AssertionError: Test case Failed: Out put from console is not matched with the expected output expected [] but found [Submission Successful]\n\tat org.testng.Assert.fail(Assert.java:99)\n\tat org.testng.Assert.failNotEquals(Assert.java:1037)\n\tat org.testng.Assert.assertEqualsImpl(Assert.java:140)\n\tat org.testng.Assert.assertEquals(Assert.java:122)\n\tat org.testng.Assert.assertEquals(Assert.java:629)\n\tat com.dsalgo.automation.stepdefinations.ArrayStepDef.the_user_is_not_able_to_see_Submission_success_message(ArrayStepDef.java:327)\n\tat ✽.The user is not able to see success message Submission successful(file:///Users/rajitha/DsAlgo/DSAlgo_March2025/src/test/resources/features/Arrays.feature:228)\n"},"stage":"finished","steps":[],"attachments":[],"parameters":[],"start":1745217313929,"stop":1745217313993}],"attachments":[],"parameters":[],"start":1745217142884,"stop":1745217317577}