{"uuid":"60adaeb9-cd66-4560-bc43-4d915e059bb8","historyId":"18bc8cc029dd9a456ebc66c125864028","testCaseId":"8bef6a353b4274f4fc264049229f1f48","fullName":"src/test/resources/features/Arrays.feature:309","labels":[{"name":"host","value":"rajas-imac.lan"},{"name":"thread","value":"78383@rajas-imac.lan.TestNG-PoolService-1(34)"},{"name":"feature","value":"Test Scenarios for Arrays"},{"name":"story","value":"Verify that user receives \"Submission Successful\" on submitting valid python code for \"Squares of a Sorted Array\" question"},{"name":"suite","value":"Test Scenarios for Arrays"},{"name":"testClass","value":"Verify that user receives \"Submission Successful\" on submitting valid python code for \"Squares of a Sorted Array\" question"},{"name":"framework","value":"cucumber4jvm"},{"name":"language","value":"java"},{"name":"gherkin_uri","value":"file:///Users/rajitha/DsAlgo/DSAlgo_March2025/src/test/resources/features/Arrays.feature"},{"name":"package","value":"src.test.resources.features.Arrays_feature.Test Scenarios for Arrays"}],"links":[],"name":"Verify that user receives \"Submission Successful\" on submitting valid python code for \"Squares of a Sorted Array\" question","status":"failed","statusDetails":{"known":false,"muted":false,"flaky":false,"message":"Test Case Failed : Expected and Actual results are not matching expected [ No tests were collected] but found [Submission Successful]","trace":"java.lang.AssertionError: Test Case Failed : Expected and Actual results are not matching expected [ No tests were collected] but found [Submission Successful]\n\tat org.testng.Assert.fail(Assert.java:99)\n\tat org.testng.Assert.failNotEquals(Assert.java:1037)\n\tat org.testng.Assert.assertEqualsImpl(Assert.java:140)\n\tat org.testng.Assert.assertEquals(Assert.java:122)\n\tat org.testng.Assert.assertEquals(Assert.java:629)\n\tat com.dsalgo.automation.stepdefinations.ArrayStepDef.the_user_is_not_able_to_see_Submission_success_message_for_SquaresofSortedArray_code(ArrayStepDef.java:455)\n\tat ✽.The user is not able to see success message Submission successful for Squares of a Sorted Array code(file:///Users/rajitha/DsAlgo/DSAlgo_March2025/src/test/resources/features/Arrays.feature:312)\n"},"stage":"finished","steps":[{"name":"Given the user is on the DS Algo Sign in Page","status":"passed","statusDetails":{"known":false,"muted":false,"flaky":false},"stage":"finished","steps":[],"attachments":[],"parameters":[],"start":1745217327459,"stop":1745217372833},{"name":"When the user enters a valid credentials and click on login","status":"passed","statusDetails":{"known":false,"muted":false,"flaky":false},"stage":"finished","steps":[],"attachments":[],"parameters":[],"start":1745217372839,"stop":1745217375009},{"name":"And The user clicks the Getting Started button in Array Panel After Sign in","status":"passed","statusDetails":{"known":false,"muted":false,"flaky":false},"stage":"finished","steps":[],"attachments":[],"parameters":[],"start":1745217375010,"stop":1745217419365},{"name":"Given The user is on the Squares of a Sorted Array practice question editor","status":"passed","statusDetails":{"known":false,"muted":false,"flaky":false},"stage":"finished","steps":[],"attachments":[],"parameters":[],"start":1745217419391,"stop":1745217499757},{"name":"When The user write the valid Squares of a Sorted Array code in Editor and Click the Submit Button","status":"passed","statusDetails":{"known":false,"muted":false,"flaky":false},"stage":"finished","steps":[],"attachments":[],"parameters":[],"start":1745217499762,"stop":1745217500215},{"name":"Then The user is not able to see success message Submission successful for Squares of a Sorted Array code","status":"failed","statusDetails":{"known":false,"muted":false,"flaky":false,"message":"Test Case Failed : Expected and Actual results are not matching expected [ No tests were collected] but found [Submission Successful]","trace":"java.lang.AssertionError: Test Case Failed : Expected and Actual results are not matching expected [ No tests were collected] but found [Submission Successful]\n\tat org.testng.Assert.fail(Assert.java:99)\n\tat org.testng.Assert.failNotEquals(Assert.java:1037)\n\tat org.testng.Assert.assertEqualsImpl(Assert.java:140)\n\tat org.testng.Assert.assertEquals(Assert.java:122)\n\tat org.testng.Assert.assertEquals(Assert.java:629)\n\tat com.dsalgo.automation.stepdefinations.ArrayStepDef.the_user_is_not_able_to_see_Submission_success_message_for_SquaresofSortedArray_code(ArrayStepDef.java:455)\n\tat ✽.The user is not able to see success message Submission successful for Squares of a Sorted Array code(file:///Users/rajitha/DsAlgo/DSAlgo_March2025/src/test/resources/features/Arrays.feature:312)\n"},"stage":"finished","steps":[],"attachments":[],"parameters":[],"start":1745217500216,"stop":1745217505039}],"attachments":[],"parameters":[],"start":1745217317721,"stop":1745217510131}