{"uuid":"6fe365fe-e2e8-4165-af67-2d02d2d35dab","historyId":"75ceeb4a45dc13e1ceadc2ef30d67d8","testCaseId":"2abd5a0572180d86bd8ed692dee365cd","fullName":"src/test/resources/features/Arrays.feature:187","labels":[{"name":"tag","value":"array"},{"name":"host","value":"rajas-imac.lan"},{"name":"thread","value":"31410@rajas-imac.lan.TestNG-PoolService-3(33)"},{"name":"feature","value":"Test Scenarios for Arrays"},{"name":"story","value":"Verify that user receives \"Submission Successful\" on submitting valid python code for \"Search the array\" question"},{"name":"suite","value":"Test Scenarios for Arrays"},{"name":"testClass","value":"Verify that user receives \"Submission Successful\" on submitting valid python code for \"Search the array\" question"},{"name":"framework","value":"cucumber4jvm"},{"name":"language","value":"java"},{"name":"gherkin_uri","value":"file:///Users/rajitha/DsAlgo/DSAlgo_March2025/src/test/resources/features/Arrays.feature"},{"name":"package","value":"src.test.resources.features.Arrays_feature.Test Scenarios for Arrays"}],"links":[],"name":"Verify that user receives \"Submission Successful\" on submitting valid python code for \"Search the array\" question","status":"failed","statusDetails":{"known":false,"muted":false,"flaky":false,"message":"Test case Failed: Out put from console is not matched with the expected output expected [] but found [Some Tests failed. Please review code]","trace":"java.lang.AssertionError: Test case Failed: Out put from console is not matched with the expected output expected [] but found [Some Tests failed. Please review code]\n\tat org.testng.Assert.fail(Assert.java:99)\n\tat org.testng.Assert.failNotEquals(Assert.java:1037)\n\tat org.testng.Assert.assertEqualsImpl(Assert.java:140)\n\tat org.testng.Assert.assertEquals(Assert.java:122)\n\tat org.testng.Assert.assertEquals(Assert.java:629)\n\tat com.dsalgo.automation.stepdefinations.ArrayStepDef.the_user_is_not_able_to_see_Submission_success_message(ArrayStepDef.java:339)\n\tat ✽.The user is not able to see success message Submission successful(file:///Users/rajitha/DsAlgo/DSAlgo_March2025/src/test/resources/features/Arrays.feature:190)\n"},"stage":"finished","steps":[{"name":"Given the user is on the DS Algo Sign in Page","status":"passed","statusDetails":{"known":false,"muted":false,"flaky":false},"stage":"finished","steps":[],"attachments":[],"parameters":[],"start":1745045004050,"stop":1745045019074},{"name":"And the user enters a valid credentials and click on login","status":"passed","statusDetails":{"known":false,"muted":false,"flaky":false},"stage":"finished","steps":[],"attachments":[],"parameters":[],"start":1745045019078,"stop":1745045064409},{"name":"When The user clicks the Getting Started button in Array Panel After Sign in","status":"passed","statusDetails":{"known":false,"muted":false,"flaky":false},"stage":"finished","steps":[],"attachments":[],"parameters":[],"start":1745045064470,"stop":1745045092057},{"name":"Given The user is on the Search the array Practice Questions editor","status":"passed","statusDetails":{"known":false,"muted":false,"flaky":false},"stage":"finished","steps":[],"attachments":[],"parameters":[],"start":1745045092063,"stop":1745045156059},{"name":"When The user write the valid Search the Array code in Editor and Click the Submit Button","status":"passed","statusDetails":{"known":false,"muted":false,"flaky":false},"stage":"finished","steps":[],"attachments":[],"parameters":[],"start":1745045156466,"stop":1745045165709},{"name":"Then The user is not able to see success message Submission successful","status":"failed","statusDetails":{"known":false,"muted":false,"flaky":false,"message":"Test case Failed: Out put from console is not matched with the expected output expected [] but found [Some Tests failed. Please review code]","trace":"java.lang.AssertionError: Test case Failed: Out put from console is not matched with the expected output expected [] but found [Some Tests failed. Please review code]\n\tat org.testng.Assert.fail(Assert.java:99)\n\tat org.testng.Assert.failNotEquals(Assert.java:1037)\n\tat org.testng.Assert.assertEqualsImpl(Assert.java:140)\n\tat org.testng.Assert.assertEquals(Assert.java:122)\n\tat org.testng.Assert.assertEquals(Assert.java:629)\n\tat com.dsalgo.automation.stepdefinations.ArrayStepDef.the_user_is_not_able_to_see_Submission_success_message(ArrayStepDef.java:339)\n\tat ✽.The user is not able to see success message Submission successful(file:///Users/rajitha/DsAlgo/DSAlgo_March2025/src/test/resources/features/Arrays.feature:190)\n"},"stage":"finished","steps":[],"attachments":[],"parameters":[],"start":1745045165757,"stop":1745045174942}],"attachments":[],"parameters":[],"start":1745044935507,"stop":1745045190399}