{"uuid":"797adc54-83f7-45b0-b8dd-dc9ebee9de3d","historyId":"63f8e6d21be47212595c37bde06f3728","testCaseId":"c0f9ea7db2f424a5c90bb7c9e436c5a0","fullName":"src/test/resources/features/Arrays.feature:231","labels":[{"name":"host","value":"MadhaviPoreddy"},{"name":"thread","value":"48096@MadhaviPoreddy.main(1)"},{"name":"feature","value":"Test Scenarios for Arrays"},{"name":"story","value":"Verify that user receives error message without entering any code in \"Max Consecutive Ones\" editor and click on Run button"},{"name":"suite","value":"Test Scenarios for Arrays"},{"name":"testClass","value":"Verify that user receives error message without entering any code in \"Max Consecutive Ones\" editor and click on Run button"},{"name":"framework","value":"cucumber4jvm"},{"name":"language","value":"java"},{"name":"gherkin_uri","value":"file:///C:/Users/mpore/eclipse-workspace/DSAlgo_March2025/DSAlgo_March2025/src/test/resources/features/Arrays.feature"},{"name":"package","value":"src.test.resources.features.Arrays_feature.Test Scenarios for Arrays"}],"links":[],"name":"Verify that user receives error message without entering any code in \"Max Consecutive Ones\" editor and click on Run button","status":"failed","statusDetails":{"known":false,"muted":false,"flaky":false,"message":"Blank out put is displayed and Expected Vs Actual are matching expected [] but found [1\n 1\n 2\n 2]","trace":"java.lang.AssertionError: Blank out put is displayed and Expected Vs Actual are matching expected [] but found [1\n 1\n 2\n 2]\r\n\tat org.testng.Assert.fail(Assert.java:99)\r\n\tat org.testng.Assert.failNotEquals(Assert.java:1037)\r\n\tat org.testng.Assert.assertEqualsImpl(Assert.java:140)\r\n\tat org.testng.Assert.assertEquals(Assert.java:122)\r\n\tat org.testng.Assert.assertEquals(Assert.java:629)\r\n\tat com.dsalgo.automation.stepdefinations.ArrayStepDef.the_user_is_able_to_see_error_message(ArrayStepDef.java:354)\r\n\tat ✽.The user is not able to see error message for blank input(file:///C:/Users/mpore/eclipse-workspace/DSAlgo_March2025/DSAlgo_March2025/src/test/resources/features/Arrays.feature:234)\r\n"},"stage":"finished","steps":[{"name":"Given the user is on the DS Algo Sign in Page","status":"passed","statusDetails":{"known":false,"muted":false,"flaky":false},"stage":"finished","steps":[],"attachments":[],"parameters":[],"start":1745028963089,"stop":1745028963355},{"name":"And the user enters a valid credentials and click on login","status":"passed","statusDetails":{"known":false,"muted":false,"flaky":false},"stage":"finished","steps":[],"attachments":[],"parameters":[],"start":1745028963355,"stop":1745028964514},{"name":"When The user clicks the Getting Started button in Array Panel After Sign in","status":"passed","statusDetails":{"known":false,"muted":false,"flaky":false},"stage":"finished","steps":[],"attachments":[],"parameters":[],"start":1745028964514,"stop":1745028964841},{"name":"Given The user is on the Max Consecutive Ones practice question editor","status":"passed","statusDetails":{"known":false,"muted":false,"flaky":false},"stage":"finished","steps":[],"attachments":[],"parameters":[],"start":1745028964841,"stop":1745028965710},{"name":"When The user Clicks the Run Button without entering any code in Editor","status":"passed","statusDetails":{"known":false,"muted":false,"flaky":false},"stage":"finished","steps":[],"attachments":[],"parameters":[],"start":1745028965710,"stop":1745028965807},{"name":"Then The user is not able to see error message for blank input","status":"failed","statusDetails":{"known":false,"muted":false,"flaky":false,"message":"Blank out put is displayed and Expected Vs Actual are matching expected [] but found [1\n 1\n 2\n 2]","trace":"java.lang.AssertionError: Blank out put is displayed and Expected Vs Actual are matching expected [] but found [1\n 1\n 2\n 2]\r\n\tat org.testng.Assert.fail(Assert.java:99)\r\n\tat org.testng.Assert.failNotEquals(Assert.java:1037)\r\n\tat org.testng.Assert.assertEqualsImpl(Assert.java:140)\r\n\tat org.testng.Assert.assertEquals(Assert.java:122)\r\n\tat org.testng.Assert.assertEquals(Assert.java:629)\r\n\tat com.dsalgo.automation.stepdefinations.ArrayStepDef.the_user_is_able_to_see_error_message(ArrayStepDef.java:354)\r\n\tat ✽.The user is not able to see error message for blank input(file:///C:/Users/mpore/eclipse-workspace/DSAlgo_March2025/DSAlgo_March2025/src/test/resources/features/Arrays.feature:234)\r\n"},"stage":"finished","steps":[],"attachments":[],"parameters":[],"start":1745028965807,"stop":1745028965850}],"attachments":[],"parameters":[],"start":1745028962020,"stop":1745028966570}