{"uuid":"7aa66553-a8f3-43ef-bac5-dbb171f6369f","historyId":"861a8ae268c8d965c0ed08f3829da1d1","testCaseId":"4ffe8129b2ad6eeec379e2e1643f2227","fullName":"src/test/resources/features/Arrays.feature:303","labels":[{"name":"host","value":"rajas-imac.lan"},{"name":"thread","value":"78383@rajas-imac.lan.TestNG-PoolService-19(52)"},{"name":"feature","value":"Test Scenarios for Arrays"},{"name":"story","value":"Verify that user receives error message on submitting invalid python code for \"Squares of a Sorted Array\" question"},{"name":"suite","value":"Test Scenarios for Arrays"},{"name":"testClass","value":"Verify that user receives error message on submitting invalid python code for \"Squares of a Sorted Array\" question"},{"name":"framework","value":"cucumber4jvm"},{"name":"language","value":"java"},{"name":"gherkin_uri","value":"file:///Users/rajitha/DsAlgo/DSAlgo_March2025/src/test/resources/features/Arrays.feature"},{"name":"package","value":"src.test.resources.features.Arrays_feature.Test Scenarios for Arrays"}],"links":[],"name":"Verify that user receives error message on submitting invalid python code for \"Squares of a Sorted Array\" question","status":"failed","statusDetails":{"known":false,"muted":false,"flaky":false,"message":"Test Case Failed : Expected output is not matching with Actual output expected [ No tests were collected] but found [No tests were collected]","trace":"java.lang.AssertionError: Test Case Failed : Expected output is not matching with Actual output expected [ No tests were collected] but found [No tests were collected]\n\tat org.testng.Assert.fail(Assert.java:99)\n\tat org.testng.Assert.failNotEquals(Assert.java:1037)\n\tat org.testng.Assert.assertEqualsImpl(Assert.java:140)\n\tat org.testng.Assert.assertEquals(Assert.java:122)\n\tat org.testng.Assert.assertEquals(Assert.java:629)\n\tat com.dsalgo.automation.stepdefinations.ArrayStepDef.the_user_is_able_to_see_error_message_No_tests_were_Collected(ArrayStepDef.java:491)\n\tat ✽.The user should be able to see error message No tests were Collected(file:///Users/rajitha/DsAlgo/DSAlgo_March2025/src/test/resources/features/Arrays.feature:306)\n"},"stage":"finished","steps":[{"name":"Given the user is on the DS Algo Sign in Page","status":"passed","statusDetails":{"known":false,"muted":false,"flaky":false},"stage":"finished","steps":[],"attachments":[],"parameters":[],"start":1745217308728,"stop":1745217369783},{"name":"When the user enters a valid credentials and click on login","status":"passed","statusDetails":{"known":false,"muted":false,"flaky":false},"stage":"finished","steps":[],"attachments":[],"parameters":[],"start":1745217369789,"stop":1745217376502},{"name":"And The user clicks the Getting Started button in Array Panel After Sign in","status":"passed","statusDetails":{"known":false,"muted":false,"flaky":false},"stage":"finished","steps":[],"attachments":[],"parameters":[],"start":1745217376525,"stop":1745217380758},{"name":"Given The user is on the Squares of a Sorted Array practice question editor","status":"passed","statusDetails":{"known":false,"muted":false,"flaky":false},"stage":"finished","steps":[],"attachments":[],"parameters":[],"start":1745217380762,"stop":1745217422840},{"name":"When The user write the invalid code in Practice Questions Editor and Click the Submit Button","status":"passed","statusDetails":{"known":false,"muted":false,"flaky":false},"stage":"finished","steps":[],"attachments":[],"parameters":[],"start":1745217422842,"stop":1745217423149},{"name":"Then The user should be able to see error message No tests were Collected","status":"failed","statusDetails":{"known":false,"muted":false,"flaky":false,"message":"Test Case Failed : Expected output is not matching with Actual output expected [ No tests were collected] but found [No tests were collected]","trace":"java.lang.AssertionError: Test Case Failed : Expected output is not matching with Actual output expected [ No tests were collected] but found [No tests were collected]\n\tat org.testng.Assert.fail(Assert.java:99)\n\tat org.testng.Assert.failNotEquals(Assert.java:1037)\n\tat org.testng.Assert.assertEqualsImpl(Assert.java:140)\n\tat org.testng.Assert.assertEquals(Assert.java:122)\n\tat org.testng.Assert.assertEquals(Assert.java:629)\n\tat com.dsalgo.automation.stepdefinations.ArrayStepDef.the_user_is_able_to_see_error_message_No_tests_were_Collected(ArrayStepDef.java:491)\n\tat ✽.The user should be able to see error message No tests were Collected(file:///Users/rajitha/DsAlgo/DSAlgo_March2025/src/test/resources/features/Arrays.feature:306)\n"},"stage":"finished","steps":[],"attachments":[],"parameters":[],"start":1745217423149,"stop":1745217427875}],"attachments":[],"parameters":[],"start":1745217302553,"stop":1745217433904}