{"uuid":"860b26d7-a195-4e67-82b7-0abb0d93ef48","historyId":"9256ad3c1ef3fad07373897641a0d36f","testCaseId":"2c417414a972201c48f4f064254c6564","fullName":"src/test/resources/features/graph.feature:22","labels":[{"name":"host","value":"rajas-imac.lan"},{"name":"thread","value":"17177@rajas-imac.lan.TestNG-PoolService-3(33)"},{"name":"feature","value":"Navigation to Graph Data Structure Page"},{"name":"story","value":"Verify that an error is displayed when no code is entered and the Run button is clicked"},{"name":"suite","value":"Navigation to Graph Data Structure Page"},{"name":"testClass","value":"Verify that an error is displayed when no code is entered and the Run button is clicked"},{"name":"framework","value":"cucumber4jvm"},{"name":"language","value":"java"},{"name":"gherkin_uri","value":"file:///Users/rajitha/DsAlgo/DSAlgo_March2025/src/test/resources/features/graph.feature"},{"name":"package","value":"src.test.resources.features.graph_feature.Navigation to Graph Data Structure Page"}],"links":[],"name":"Verify that an error is displayed when no code is entered and the Run button is clicked","status":"failed","statusDetails":{"known":false,"muted":false,"flaky":false,"message":"No error message displayed. expected [false] but found [true]","trace":"java.lang.AssertionError: No error message displayed. expected [false] but found [true]\n\tat org.testng.Assert.fail(Assert.java:99)\n\tat org.testng.Assert.failNotEquals(Assert.java:1037)\n\tat org.testng.Assert.assertFalse(Assert.java:67)\n\tat com.dsalgo.automation.stepdefinations.GraphStepDef.the_user_should_see_error_message_for_graph(GraphStepDef.java:88)\n\tat ✽.the user should see an error message for graph(file:///Users/rajitha/DsAlgo/DSAlgo_March2025/src/test/resources/features/graph.feature:26)\n"},"stage":"finished","steps":[{"name":"Given the user is on the DS Algo Sign in Page","status":"passed","statusDetails":{"known":false,"muted":false,"flaky":false},"stage":"finished","steps":[],"attachments":[],"parameters":[],"start":1745272294428,"stop":1745272341257},{"name":"When the user enters a valid credentials and click on login","status":"passed","statusDetails":{"known":false,"muted":false,"flaky":false},"stage":"finished","steps":[],"attachments":[],"parameters":[],"start":1745272341258,"stop":1745272391038},{"name":"Given the user is on the \"Graph\" \"Try Editor\" page","status":"passed","statusDetails":{"known":false,"muted":false,"flaky":false},"stage":"finished","steps":[],"attachments":[],"parameters":[],"start":1745272391975,"stop":1745272455601},{"name":"And the Try Editor is empty for \"Graph\"","status":"passed","statusDetails":{"known":false,"muted":false,"flaky":false},"stage":"finished","steps":[],"attachments":[],"parameters":[],"start":1745272455807,"stop":1745272456665},{"name":"When the user clicks on the graph \"Run\" button","status":"passed","statusDetails":{"known":false,"muted":false,"flaky":false},"stage":"finished","steps":[],"attachments":[],"parameters":[],"start":1745272456725,"stop":1745272460646},{"name":"Then the user should see an error message for graph","status":"failed","statusDetails":{"known":false,"muted":false,"flaky":false,"message":"No error message displayed. expected [false] but found [true]","trace":"java.lang.AssertionError: No error message displayed. expected [false] but found [true]\n\tat org.testng.Assert.fail(Assert.java:99)\n\tat org.testng.Assert.failNotEquals(Assert.java:1037)\n\tat org.testng.Assert.assertFalse(Assert.java:67)\n\tat com.dsalgo.automation.stepdefinations.GraphStepDef.the_user_should_see_error_message_for_graph(GraphStepDef.java:88)\n\tat ✽.the user should see an error message for graph(file:///Users/rajitha/DsAlgo/DSAlgo_March2025/src/test/resources/features/graph.feature:26)\n"},"stage":"finished","steps":[],"attachments":[],"parameters":[],"start":1745272460678,"stop":1745272462152}],"attachments":[],"parameters":[],"start":1745272260924,"stop":1745272477000}