{"uuid":"8d5ab43e-c118-438b-b776-5063ab48c3c3","historyId":"b1e74ae6a2665b4d8c277185bf26391e","testCaseId":"9af9f3265a93d9cf74d88603302ee2f1","fullName":"src/test/resources/features/Arrays.feature:226","labels":[{"name":"tag","value":"array"},{"name":"host","value":"MadhaviPoreddy"},{"name":"thread","value":"56332@MadhaviPoreddy.main(1)"},{"name":"feature","value":"Test Scenarios for Arrays"},{"name":"story","value":"Verify that user receives \"Submission Successful\" on submitting valid python code for \"Max Consecutive Ones\" question"},{"name":"suite","value":"Test Scenarios for Arrays"},{"name":"testClass","value":"Verify that user receives \"Submission Successful\" on submitting valid python code for \"Max Consecutive Ones\" question"},{"name":"framework","value":"cucumber4jvm"},{"name":"language","value":"java"},{"name":"gherkin_uri","value":"file:///C:/Users/mpore/eclipse-workspace/DSAlgo_March2025/DSAlgo_March2025/src/test/resources/features/Arrays.feature"},{"name":"package","value":"src.test.resources.features.Arrays_feature.Test Scenarios for Arrays"}],"links":[],"name":"Verify that user receives \"Submission Successful\" on submitting valid python code for \"Max Consecutive Ones\" question","status":"failed","statusDetails":{"known":false,"muted":false,"flaky":false,"message":"Test case Failed: Out put from console is not matched with the expected output expected [] but found [Some Tests failed. Please review code]","trace":"java.lang.AssertionError: Test case Failed: Out put from console is not matched with the expected output expected [] but found [Some Tests failed. Please review code]\r\n\tat org.testng.Assert.fail(Assert.java:99)\r\n\tat org.testng.Assert.failNotEquals(Assert.java:1037)\r\n\tat org.testng.Assert.assertEqualsImpl(Assert.java:140)\r\n\tat org.testng.Assert.assertEquals(Assert.java:122)\r\n\tat org.testng.Assert.assertEquals(Assert.java:629)\r\n\tat com.dsalgo.automation.stepdefinations.ArrayStepDef.the_user_is_not_able_to_see_Submission_success_message(ArrayStepDef.java:339)\r\n\tat ✽.The user is not able to see success message Submission successful(file:///C:/Users/mpore/eclipse-workspace/DSAlgo_March2025/DSAlgo_March2025/src/test/resources/features/Arrays.feature:229)\r\n"},"stage":"finished","steps":[{"name":"Given the user is on the DS Algo Sign in Page","status":"passed","statusDetails":{"known":false,"muted":false,"flaky":false},"stage":"finished","steps":[],"attachments":[],"parameters":[],"start":1745031635374,"stop":1745031636294},{"name":"And the user enters a valid credentials and click on login","status":"passed","statusDetails":{"known":false,"muted":false,"flaky":false},"stage":"finished","steps":[],"attachments":[],"parameters":[],"start":1745031636294,"stop":1745031637330},{"name":"When The user clicks the Getting Started button in Array Panel After Sign in","status":"passed","statusDetails":{"known":false,"muted":false,"flaky":false},"stage":"finished","steps":[],"attachments":[],"parameters":[],"start":1745031637330,"stop":1745031637931},{"name":"Given The user is on the Max Consecutive Ones practice question editor","status":"passed","statusDetails":{"known":false,"muted":false,"flaky":false},"stage":"finished","steps":[],"attachments":[],"parameters":[],"start":1745031637940,"stop":1745031639342},{"name":"When The user write the valid Max Consecutive Ones code in Editor and Click the Submit Button","status":"passed","statusDetails":{"known":false,"muted":false,"flaky":false},"stage":"finished","steps":[],"attachments":[],"parameters":[],"start":1745031639342,"stop":1745031639564},{"name":"Then The user is not able to see success message Submission successful","status":"failed","statusDetails":{"known":false,"muted":false,"flaky":false,"message":"Test case Failed: Out put from console is not matched with the expected output expected [] but found [Some Tests failed. Please review code]","trace":"java.lang.AssertionError: Test case Failed: Out put from console is not matched with the expected output expected [] but found [Some Tests failed. Please review code]\r\n\tat org.testng.Assert.fail(Assert.java:99)\r\n\tat org.testng.Assert.failNotEquals(Assert.java:1037)\r\n\tat org.testng.Assert.assertEqualsImpl(Assert.java:140)\r\n\tat org.testng.Assert.assertEquals(Assert.java:122)\r\n\tat org.testng.Assert.assertEquals(Assert.java:629)\r\n\tat com.dsalgo.automation.stepdefinations.ArrayStepDef.the_user_is_not_able_to_see_Submission_success_message(ArrayStepDef.java:339)\r\n\tat ✽.The user is not able to see success message Submission successful(file:///C:/Users/mpore/eclipse-workspace/DSAlgo_March2025/DSAlgo_March2025/src/test/resources/features/Arrays.feature:229)\r\n"},"stage":"finished","steps":[],"attachments":[],"parameters":[],"start":1745031639566,"stop":1745031639616}],"attachments":[],"parameters":[],"start":1745031633473,"stop":1745031641066}