{"uuid":"917a9353-5522-4e11-b8b5-5210029c747a","historyId":"23fa0197bb869dc31397a95e82dbd281","testCaseId":"bd8daf7052b17d14793dd6e83b587eae","fullName":"src/test/resources/features/Register.feature:42","labels":[{"name":"host","value":"rajas-imac.lan"},{"name":"thread","value":"17177@rajas-imac.lan.TestNG-PoolService-2(32)"},{"name":"feature","value":"User Registration"},{"name":"story","value":"Verify that user receives error message for password field with less than eight characters during registration"},{"name":"suite","value":"User Registration"},{"name":"testClass","value":"Verify that user receives error message for password field with less than eight characters during registration"},{"name":"framework","value":"cucumber4jvm"},{"name":"language","value":"java"},{"name":"gherkin_uri","value":"file:///Users/rajitha/DsAlgo/DSAlgo_March2025/src/test/resources/features/Register.feature"},{"name":"package","value":"src.test.resources.features.Register_feature.User Registration"}],"links":[],"name":"Verify that user receives error message for password field with less than eight characters during registration","status":"failed","statusDetails":{"known":false,"muted":false,"flaky":false,"message":"Test failed: Incorrect error message displayed.","trace":"java.lang.AssertionError: Test failed: Incorrect error message displayed.\n\tat com.dsalgo.automation.stepdefinations.RegisterStepDef.then_the_correct_error_message_is_not_displayed(RegisterStepDef.java:145)\n\tat ✽.The correct error message is not displayed(file:///Users/rajitha/DsAlgo/DSAlgo_March2025/src/test/resources/features/Register.feature:45)\n"},"stage":"finished","steps":[{"name":"Given The user is on the home page","status":"passed","statusDetails":{"known":false,"muted":false,"flaky":false},"stage":"finished","steps":[],"attachments":[],"parameters":[],"start":1745270299488,"stop":1745270316502},{"name":"When The user clicks on Register link","status":"passed","statusDetails":{"known":false,"muted":false,"flaky":false},"stage":"finished","steps":[],"attachments":[],"parameters":[],"start":1745270316514,"stop":1745270341875},{"name":"Given The user is on Registration page","status":"passed","statusDetails":{"known":false,"muted":false,"flaky":false},"stage":"finished","steps":[],"attachments":[],"parameters":[],"start":1745270341921,"stop":1745270342065},{"name":"When The user clicks Register button after entering a password and confirm password less than eight characters","status":"passed","statusDetails":{"known":false,"muted":false,"flaky":false},"stage":"finished","steps":[],"attachments":[],"parameters":[],"start":1745270342066,"stop":1745270352220},{"name":"Then The correct error message is not displayed","status":"failed","statusDetails":{"known":false,"muted":false,"flaky":false,"message":"Test failed: Incorrect error message displayed.","trace":"java.lang.AssertionError: Test failed: Incorrect error message displayed.\n\tat com.dsalgo.automation.stepdefinations.RegisterStepDef.then_the_correct_error_message_is_not_displayed(RegisterStepDef.java:145)\n\tat ✽.The correct error message is not displayed(file:///Users/rajitha/DsAlgo/DSAlgo_March2025/src/test/resources/features/Register.feature:45)\n"},"stage":"finished","steps":[],"attachments":[],"parameters":[],"start":1745270352222,"stop":1745270352633}],"attachments":[],"parameters":[],"start":1745270262918,"stop":1745270356548}