{"uuid":"95f12d61-00b6-4239-8ed9-5d3b6f799b5d","historyId":"1ae2c6b5415aa4038f71522c6e32e36b","testCaseId":"9c7456439a0764edc41eb786386acd66","fullName":"src/test/resources/features/Register.feature:32","labels":[{"name":"host","value":"rajas-imac.lan"},{"name":"thread","value":"78383@rajas-imac.lan.TestNG-PoolService-5(38)"},{"name":"feature","value":"User Registration"},{"name":"story","value":"Verify that user receives error message for invalid username field during registration"},{"name":"suite","value":"User Registration"},{"name":"testClass","value":"Verify that user receives error message for invalid username field during registration"},{"name":"framework","value":"cucumber4jvm"},{"name":"language","value":"java"},{"name":"gherkin_uri","value":"file:///Users/rajitha/DsAlgo/DSAlgo_March2025/src/test/resources/features/Register.feature"},{"name":"package","value":"src.test.resources.features.Register_feature.User Registration"}],"links":[],"name":"Verify that user receives error message for invalid username field during registration","status":"failed","statusDetails":{"known":false,"muted":false,"flaky":false,"message":"Test failed: Incorrect error message displayed.","trace":"java.lang.AssertionError: Test failed: Incorrect error message displayed.\n\tat com.dsalgo.automation.stepdefinations.RegisterStepDef.then_the_correct_error_message_is_not_displayed(RegisterStepDef.java:145)\n\tat ✽.The correct error message is not displayed(file:///Users/rajitha/DsAlgo/DSAlgo_March2025/src/test/resources/features/Register.feature:35)\n"},"stage":"finished","steps":[{"name":"Given The user is on the home page","status":"passed","statusDetails":{"known":false,"muted":false,"flaky":false},"stage":"finished","steps":[],"attachments":[],"parameters":[],"start":1745218365352,"stop":1745218423865},{"name":"When The user clicks on Register link","status":"passed","statusDetails":{"known":false,"muted":false,"flaky":false},"stage":"finished","steps":[],"attachments":[],"parameters":[],"start":1745218423866,"stop":1745218431967},{"name":"Given The user is on Registration page","status":"passed","statusDetails":{"known":false,"muted":false,"flaky":false},"stage":"finished","steps":[],"attachments":[],"parameters":[],"start":1745218431982,"stop":1745218432041},{"name":"When The user clicks Register button after entering space in username field and valid passwords","status":"passed","statusDetails":{"known":false,"muted":false,"flaky":false},"stage":"finished","steps":[],"attachments":[],"parameters":[],"start":1745218432041,"stop":1745218433328},{"name":"Then The correct error message is not displayed","status":"failed","statusDetails":{"known":false,"muted":false,"flaky":false,"message":"Test failed: Incorrect error message displayed.","trace":"java.lang.AssertionError: Test failed: Incorrect error message displayed.\n\tat com.dsalgo.automation.stepdefinations.RegisterStepDef.then_the_correct_error_message_is_not_displayed(RegisterStepDef.java:145)\n\tat ✽.The correct error message is not displayed(file:///Users/rajitha/DsAlgo/DSAlgo_March2025/src/test/resources/features/Register.feature:35)\n"},"stage":"finished","steps":[],"attachments":[],"parameters":[],"start":1745218433328,"stop":1745218433708}],"attachments":[],"parameters":[],"start":1745218361761,"stop":1745218435690}