{"uuid":"a55a777a-50ca-4107-85c8-35b5a56a95f2","historyId":"293b7f641d1922d09d3cd20858b08dfe","testCaseId":"8663318a59f945362a4db499750ec02f","fullName":"src/test/resources/features/Register.feature:37","labels":[{"name":"host","value":"rajas-imac.lan"},{"name":"thread","value":"17177@rajas-imac.lan.TestNG-PoolService-5(35)"},{"name":"feature","value":"User Registration"},{"name":"story","value":"Verify that user receives error message for password too similar to username field during registration"},{"name":"suite","value":"User Registration"},{"name":"testClass","value":"Verify that user receives error message for password too similar to username field during registration"},{"name":"framework","value":"cucumber4jvm"},{"name":"language","value":"java"},{"name":"gherkin_uri","value":"file:///Users/rajitha/DsAlgo/DSAlgo_March2025/src/test/resources/features/Register.feature"},{"name":"package","value":"src.test.resources.features.Register_feature.User Registration"}],"links":[],"name":"Verify that user receives error message for password too similar to username field during registration","status":"failed","statusDetails":{"known":false,"muted":false,"flaky":false,"message":"Test failed: Incorrect error message displayed.","trace":"java.lang.AssertionError: Test failed: Incorrect error message displayed.\n\tat com.dsalgo.automation.stepdefinations.RegisterStepDef.then_the_correct_error_message_is_not_displayed(RegisterStepDef.java:145)\n\tat ✽.The correct error message is not displayed(file:///Users/rajitha/DsAlgo/DSAlgo_March2025/src/test/resources/features/Register.feature:40)\n"},"stage":"finished","steps":[{"name":"Given The user is on the home page","status":"passed","statusDetails":{"known":false,"muted":false,"flaky":false},"stage":"finished","steps":[],"attachments":[],"parameters":[],"start":1745270302016,"stop":1745270329660},{"name":"When The user clicks on Register link","status":"passed","statusDetails":{"known":false,"muted":false,"flaky":false},"stage":"finished","steps":[],"attachments":[],"parameters":[],"start":1745270329913,"stop":1745270341891},{"name":"Given The user is on Registration page","status":"passed","statusDetails":{"known":false,"muted":false,"flaky":false},"stage":"finished","steps":[],"attachments":[],"parameters":[],"start":1745270341922,"stop":1745270342067},{"name":"When The user clicks Register button after entering a password too similar to username","status":"passed","statusDetails":{"known":false,"muted":false,"flaky":false},"stage":"finished","steps":[],"attachments":[],"parameters":[],"start":1745270342069,"stop":1745270352235},{"name":"Then The correct error message is not displayed","status":"failed","statusDetails":{"known":false,"muted":false,"flaky":false,"message":"Test failed: Incorrect error message displayed.","trace":"java.lang.AssertionError: Test failed: Incorrect error message displayed.\n\tat com.dsalgo.automation.stepdefinations.RegisterStepDef.then_the_correct_error_message_is_not_displayed(RegisterStepDef.java:145)\n\tat ✽.The correct error message is not displayed(file:///Users/rajitha/DsAlgo/DSAlgo_March2025/src/test/resources/features/Register.feature:40)\n"},"stage":"finished","steps":[],"attachments":[],"parameters":[],"start":1745270352281,"stop":1745270352734}],"attachments":[],"parameters":[],"start":1745270248864,"stop":1745270356384}