{"uuid":"a77f7ba3-0ccc-44be-b1a1-2188229a1936","historyId":"f5ba1b8238175f5ac6ca4e669665ef50","testCaseId":"2abd5a0572180d86bd8ed692dee365cd","fullName":"src/test/resources/features/Arrays.feature:183","labels":[{"name":"host","value":"MadhaviPoreddy"},{"name":"thread","value":"48096@MadhaviPoreddy.main(1)"},{"name":"feature","value":"Test Scenarios for Arrays"},{"name":"story","value":"Verify that user receives \"Submission Successful\" on submitting valid python code for \"Search the array\" question"},{"name":"suite","value":"Test Scenarios for Arrays"},{"name":"testClass","value":"Verify that user receives \"Submission Successful\" on submitting valid python code for \"Search the array\" question"},{"name":"framework","value":"cucumber4jvm"},{"name":"language","value":"java"},{"name":"gherkin_uri","value":"file:///C:/Users/mpore/eclipse-workspace/DSAlgo_March2025/DSAlgo_March2025/src/test/resources/features/Arrays.feature"},{"name":"package","value":"src.test.resources.features.Arrays_feature.Test Scenarios for Arrays"}],"links":[],"name":"Verify that user receives \"Submission Successful\" on submitting valid python code for \"Search the array\" question","status":"failed","statusDetails":{"known":false,"muted":false,"flaky":false,"message":"Test case Failed: Out put from console is not matched with the expected output expected [] but found [Some Tests failed. Please review code]","trace":"java.lang.AssertionError: Test case Failed: Out put from console is not matched with the expected output expected [] but found [Some Tests failed. Please review code]\r\n\tat org.testng.Assert.fail(Assert.java:99)\r\n\tat org.testng.Assert.failNotEquals(Assert.java:1037)\r\n\tat org.testng.Assert.assertEqualsImpl(Assert.java:140)\r\n\tat org.testng.Assert.assertEquals(Assert.java:122)\r\n\tat org.testng.Assert.assertEquals(Assert.java:629)\r\n\tat com.dsalgo.automation.stepdefinations.ArrayStepDef.the_user_is_not_able_to_see_Submission_success_message(ArrayStepDef.java:339)\r\n\tat ✽.The user is not able to see success message Submission successful(file:///C:/Users/mpore/eclipse-workspace/DSAlgo_March2025/DSAlgo_March2025/src/test/resources/features/Arrays.feature:186)\r\n"},"stage":"finished","steps":[{"name":"Given the user is on the DS Algo Sign in Page","status":"passed","statusDetails":{"known":false,"muted":false,"flaky":false},"stage":"finished","steps":[],"attachments":[],"parameters":[],"start":1745028923094,"stop":1745028923802},{"name":"And the user enters a valid credentials and click on login","status":"passed","statusDetails":{"known":false,"muted":false,"flaky":false},"stage":"finished","steps":[],"attachments":[],"parameters":[],"start":1745028923802,"stop":1745028924567},{"name":"When The user clicks the Getting Started button in Array Panel After Sign in","status":"passed","statusDetails":{"known":false,"muted":false,"flaky":false},"stage":"finished","steps":[],"attachments":[],"parameters":[],"start":1745028924568,"stop":1745028924850},{"name":"Given The user is on the Search the array Practice Questions editor","status":"passed","statusDetails":{"known":false,"muted":false,"flaky":false},"stage":"finished","steps":[],"attachments":[],"parameters":[],"start":1745028924851,"stop":1745028925803},{"name":"When The user write the valid Search the Array code in Editor and Click the Submit Button","status":"passed","statusDetails":{"known":false,"muted":false,"flaky":false},"stage":"finished","steps":[],"attachments":[],"parameters":[],"start":1745028925804,"stop":1745028925917},{"name":"Then The user is not able to see success message Submission successful","status":"failed","statusDetails":{"known":false,"muted":false,"flaky":false,"message":"Test case Failed: Out put from console is not matched with the expected output expected [] but found [Some Tests failed. Please review code]","trace":"java.lang.AssertionError: Test case Failed: Out put from console is not matched with the expected output expected [] but found [Some Tests failed. Please review code]\r\n\tat org.testng.Assert.fail(Assert.java:99)\r\n\tat org.testng.Assert.failNotEquals(Assert.java:1037)\r\n\tat org.testng.Assert.assertEqualsImpl(Assert.java:140)\r\n\tat org.testng.Assert.assertEquals(Assert.java:122)\r\n\tat org.testng.Assert.assertEquals(Assert.java:629)\r\n\tat com.dsalgo.automation.stepdefinations.ArrayStepDef.the_user_is_not_able_to_see_Submission_success_message(ArrayStepDef.java:339)\r\n\tat ✽.The user is not able to see success message Submission successful(file:///C:/Users/mpore/eclipse-workspace/DSAlgo_March2025/DSAlgo_March2025/src/test/resources/features/Arrays.feature:186)\r\n"},"stage":"finished","steps":[],"attachments":[],"parameters":[],"start":1745028925917,"stop":1745028925946}],"attachments":[],"parameters":[],"start":1745028922045,"stop":1745028926628}