{"uuid":"c621dfb4-ce4e-49fa-a341-81e81d7a0bf1","historyId":"afc628354dc225b0287d44e5046e1a2a","testCaseId":"52569bd5a1c92dd86f29e2682c1319b3","fullName":"src/test/resources/features/Arrays.feature:319","labels":[{"name":"tag","value":"array"},{"name":"host","value":"rajas-imac.lan"},{"name":"thread","value":"31410@rajas-imac.lan.TestNG-PoolService-7(37)"},{"name":"feature","value":"Test Scenarios for Arrays"},{"name":"story","value":"Verify that user receives error message without entering any code in \"Squares of a Sorted Array\" editor and click on Run button"},{"name":"suite","value":"Test Scenarios for Arrays"},{"name":"testClass","value":"Verify that user receives error message without entering any code in \"Squares of a Sorted Array\" editor and click on Run button"},{"name":"framework","value":"cucumber4jvm"},{"name":"language","value":"java"},{"name":"gherkin_uri","value":"file:///Users/rajitha/DsAlgo/DSAlgo_March2025/src/test/resources/features/Arrays.feature"},{"name":"package","value":"src.test.resources.features.Arrays_feature.Test Scenarios for Arrays"}],"links":[],"name":"Verify that user receives error message without entering any code in \"Squares of a Sorted Array\" editor and click on Run button","status":"failed","statusDetails":{"known":false,"muted":false,"flaky":false,"message":"Blank out put is displayed and Expected Vs Actual are matching expected [] but found [1\n 1\n 2\n 2]","trace":"java.lang.AssertionError: Blank out put is displayed and Expected Vs Actual are matching expected [] but found [1\n 1\n 2\n 2]\n\tat org.testng.Assert.fail(Assert.java:99)\n\tat org.testng.Assert.failNotEquals(Assert.java:1037)\n\tat org.testng.Assert.assertEqualsImpl(Assert.java:140)\n\tat org.testng.Assert.assertEquals(Assert.java:122)\n\tat org.testng.Assert.assertEquals(Assert.java:629)\n\tat com.dsalgo.automation.stepdefinations.ArrayStepDef.the_user_is_able_to_see_error_message(ArrayStepDef.java:354)\n\tat ✽.The user is not able to see error message for blank input(file:///Users/rajitha/DsAlgo/DSAlgo_March2025/src/test/resources/features/Arrays.feature:322)\n"},"stage":"finished","steps":[{"name":"Given the user is on the DS Algo Sign in Page","status":"passed","statusDetails":{"known":false,"muted":false,"flaky":false},"stage":"finished","steps":[],"attachments":[],"parameters":[],"start":1745045553884,"stop":1745045567422},{"name":"And the user enters a valid credentials and click on login","status":"passed","statusDetails":{"known":false,"muted":false,"flaky":false},"stage":"finished","steps":[],"attachments":[],"parameters":[],"start":1745045567474,"stop":1745045599470},{"name":"When The user clicks the Getting Started button in Array Panel After Sign in","status":"passed","statusDetails":{"known":false,"muted":false,"flaky":false},"stage":"finished","steps":[],"attachments":[],"parameters":[],"start":1745045599816,"stop":1745045615666},{"name":"Given The user is on the Squares of a Sorted Array practice question editor","status":"passed","statusDetails":{"known":false,"muted":false,"flaky":false},"stage":"finished","steps":[],"attachments":[],"parameters":[],"start":1745045615667,"stop":1745045644793},{"name":"When The user Clicks the Run Button without entering any code in Editor","status":"passed","statusDetails":{"known":false,"muted":false,"flaky":false},"stage":"finished","steps":[],"attachments":[],"parameters":[],"start":1745045644812,"stop":1745045648854},{"name":"Then The user is not able to see error message for blank input","status":"failed","statusDetails":{"known":false,"muted":false,"flaky":false,"message":"Blank out put is displayed and Expected Vs Actual are matching expected [] but found [1\n 1\n 2\n 2]","trace":"java.lang.AssertionError: Blank out put is displayed and Expected Vs Actual are matching expected [] but found [1\n 1\n 2\n 2]\n\tat org.testng.Assert.fail(Assert.java:99)\n\tat org.testng.Assert.failNotEquals(Assert.java:1037)\n\tat org.testng.Assert.assertEqualsImpl(Assert.java:140)\n\tat org.testng.Assert.assertEquals(Assert.java:122)\n\tat org.testng.Assert.assertEquals(Assert.java:629)\n\tat com.dsalgo.automation.stepdefinations.ArrayStepDef.the_user_is_able_to_see_error_message(ArrayStepDef.java:354)\n\tat ✽.The user is not able to see error message for blank input(file:///Users/rajitha/DsAlgo/DSAlgo_March2025/src/test/resources/features/Arrays.feature:322)\n"},"stage":"finished","steps":[],"attachments":[],"parameters":[],"start":1745045648866,"stop":1745045649262}],"attachments":[],"parameters":[],"start":1745045516719,"stop":1745045651299}