{"uuid":"d9793401-eeb8-4824-a5a9-3d0e45a4d01f","historyId":"a149adca9cdb3996ab66443af87dc307","testCaseId":"90db2328dcadcafc5dd291dafba9ff7d","fullName":"src/test/resources/features/graph.feature:34","labels":[{"name":"host","value":"rajas-imac.lan"},{"name":"thread","value":"78383@rajas-imac.lan.TestNG-PoolService-6(39)"},{"name":"feature","value":"Navigation to Graph Data Structure Page"},{"name":"story","value":"Verify output for valid Python code"},{"name":"suite","value":"Navigation to Graph Data Structure Page"},{"name":"testClass","value":"Verify output for valid Python code"},{"name":"framework","value":"cucumber4jvm"},{"name":"language","value":"java"},{"name":"gherkin_uri","value":"file:///Users/rajitha/DsAlgo/DSAlgo_March2025/src/test/resources/features/graph.feature"},{"name":"package","value":"src.test.resources.features.graph_feature.Navigation to Graph Data Structure Page"}],"links":[],"name":"Verify output for valid Python code","status":"failed","statusDetails":{"known":false,"muted":false,"flaky":false,"message":" Output is empty — expected result was not printed. expected [false] but found [true]","trace":"java.lang.AssertionError:  Output is empty — expected result was not printed. expected [false] but found [true]\n\tat org.testng.Assert.fail(Assert.java:99)\n\tat org.testng.Assert.failNotEquals(Assert.java:1037)\n\tat org.testng.Assert.assertFalse(Assert.java:67)\n\tat com.dsalgo.automation.stepdefinations.GraphStepDef.user_should_see_output_in_console(GraphStepDef.java:123)\n\tat ✽.the user should be able to see output in the console for Graph(file:///Users/rajitha/DsAlgo/DSAlgo_March2025/src/test/resources/features/graph.feature:38)\n"},"stage":"finished","steps":[{"name":"Given the user is on the DS Algo Sign in Page","status":"passed","statusDetails":{"known":false,"muted":false,"flaky":false},"stage":"finished","steps":[],"attachments":[],"parameters":[],"start":1745218907196,"stop":1745218952936},{"name":"When the user enters a valid credentials and click on login","status":"passed","statusDetails":{"known":false,"muted":false,"flaky":false},"stage":"finished","steps":[],"attachments":[],"parameters":[],"start":1745218952940,"stop":1745218954815},{"name":"Given the user is on the \"Graph\" \"Try Editor\" page","status":"passed","statusDetails":{"known":false,"muted":false,"flaky":false},"stage":"finished","steps":[],"attachments":[],"parameters":[],"start":1745218954836,"stop":1745219009263},{"name":"And the user enters valid python code for Graph","status":"passed","statusDetails":{"known":false,"muted":false,"flaky":false},"stage":"finished","steps":[],"attachments":[],"parameters":[],"start":1745219009264,"stop":1745219020166},{"name":"When the user clicks on the \"Graph Run\" button","status":"passed","statusDetails":{"known":false,"muted":false,"flaky":false},"stage":"finished","steps":[],"attachments":[],"parameters":[],"start":1745219020175,"stop":1745219020787},{"name":"Then the user should be able to see output in the console for Graph","status":"failed","statusDetails":{"known":false,"muted":false,"flaky":false,"message":" Output is empty — expected result was not printed. expected [false] but found [true]","trace":"java.lang.AssertionError:  Output is empty — expected result was not printed. expected [false] but found [true]\n\tat org.testng.Assert.fail(Assert.java:99)\n\tat org.testng.Assert.failNotEquals(Assert.java:1037)\n\tat org.testng.Assert.assertFalse(Assert.java:67)\n\tat com.dsalgo.automation.stepdefinations.GraphStepDef.user_should_see_output_in_console(GraphStepDef.java:123)\n\tat ✽.the user should be able to see output in the console for Graph(file:///Users/rajitha/DsAlgo/DSAlgo_March2025/src/test/resources/features/graph.feature:38)\n"},"stage":"finished","steps":[],"attachments":[],"parameters":[],"start":1745219020789,"stop":1745219020870}],"attachments":[],"parameters":[],"start":1745218901350,"stop":1745219025242}