{"uuid":"e007b576-8a9b-4f38-a130-3a53fe40ea50","historyId":"a16d4be804aa04755fbcfba435316b9c","testCaseId":"dd3b67380859baa24d2dc3e8c1dd57d7","fullName":"src/test/resources/features/Arrays.feature:189","labels":[{"name":"host","value":"MadhaviPoreddy"},{"name":"thread","value":"48096@MadhaviPoreddy.main(1)"},{"name":"feature","value":"Test Scenarios for Arrays"},{"name":"story","value":"Verify that user receives error message without entering any code in \"Search the Array\" editor and click on Run button"},{"name":"suite","value":"Test Scenarios for Arrays"},{"name":"testClass","value":"Verify that user receives error message without entering any code in \"Search the Array\" editor and click on Run button"},{"name":"framework","value":"cucumber4jvm"},{"name":"language","value":"java"},{"name":"gherkin_uri","value":"file:///C:/Users/mpore/eclipse-workspace/DSAlgo_March2025/DSAlgo_March2025/src/test/resources/features/Arrays.feature"},{"name":"package","value":"src.test.resources.features.Arrays_feature.Test Scenarios for Arrays"}],"links":[],"name":"Verify that user receives error message without entering any code in \"Search the Array\" editor and click on Run button","status":"failed","statusDetails":{"known":false,"muted":false,"flaky":false,"message":"Blank out put is displayed and Expected Vs Actual are matching expected [] but found [1\n 1\n 2\n 2]","trace":"java.lang.AssertionError: Blank out put is displayed and Expected Vs Actual are matching expected [] but found [1\n 1\n 2\n 2]\r\n\tat org.testng.Assert.fail(Assert.java:99)\r\n\tat org.testng.Assert.failNotEquals(Assert.java:1037)\r\n\tat org.testng.Assert.assertEqualsImpl(Assert.java:140)\r\n\tat org.testng.Assert.assertEquals(Assert.java:122)\r\n\tat org.testng.Assert.assertEquals(Assert.java:629)\r\n\tat com.dsalgo.automation.stepdefinations.ArrayStepDef.the_user_is_able_to_see_error_message(ArrayStepDef.java:354)\r\n\tat ✽.The user is not able to see error message for blank input(file:///C:/Users/mpore/eclipse-workspace/DSAlgo_March2025/DSAlgo_March2025/src/test/resources/features/Arrays.feature:192)\r\n"},"stage":"finished","steps":[{"name":"Given the user is on the DS Algo Sign in Page","status":"passed","statusDetails":{"known":false,"muted":false,"flaky":false},"stage":"finished","steps":[],"attachments":[],"parameters":[],"start":1745028927651,"stop":1745028927848},{"name":"And the user enters a valid credentials and click on login","status":"passed","statusDetails":{"known":false,"muted":false,"flaky":false},"stage":"finished","steps":[],"attachments":[],"parameters":[],"start":1745028927848,"stop":1745028929001},{"name":"When The user clicks the Getting Started button in Array Panel After Sign in","status":"passed","statusDetails":{"known":false,"muted":false,"flaky":false},"stage":"finished","steps":[],"attachments":[],"parameters":[],"start":1745028929013,"stop":1745028929374},{"name":"Given The user is on the Search the array Practice Questions editor","status":"passed","statusDetails":{"known":false,"muted":false,"flaky":false},"stage":"finished","steps":[],"attachments":[],"parameters":[],"start":1745028929375,"stop":1745028930347},{"name":"When The user Clicks the Run Button without entering any code in Editor","status":"passed","statusDetails":{"known":false,"muted":false,"flaky":false},"stage":"finished","steps":[],"attachments":[],"parameters":[],"start":1745028930347,"stop":1745028930494},{"name":"Then The user is not able to see error message for blank input","status":"failed","statusDetails":{"known":false,"muted":false,"flaky":false,"message":"Blank out put is displayed and Expected Vs Actual are matching expected [] but found [1\n 1\n 2\n 2]","trace":"java.lang.AssertionError: Blank out put is displayed and Expected Vs Actual are matching expected [] but found [1\n 1\n 2\n 2]\r\n\tat org.testng.Assert.fail(Assert.java:99)\r\n\tat org.testng.Assert.failNotEquals(Assert.java:1037)\r\n\tat org.testng.Assert.assertEqualsImpl(Assert.java:140)\r\n\tat org.testng.Assert.assertEquals(Assert.java:122)\r\n\tat org.testng.Assert.assertEquals(Assert.java:629)\r\n\tat com.dsalgo.automation.stepdefinations.ArrayStepDef.the_user_is_able_to_see_error_message(ArrayStepDef.java:354)\r\n\tat ✽.The user is not able to see error message for blank input(file:///C:/Users/mpore/eclipse-workspace/DSAlgo_March2025/DSAlgo_March2025/src/test/resources/features/Arrays.feature:192)\r\n"},"stage":"finished","steps":[],"attachments":[],"parameters":[],"start":1745028930494,"stop":1745028930520}],"attachments":[],"parameters":[],"start":1745028926638,"stop":1745028931171}