{"uuid":"e0671c23-2b95-474f-936a-8a572e012797","historyId":"a2e101b74a58525676d0a2995f136b46","testCaseId":"142afebed8e26e39ee13f8b6a8628a70","fullName":"src/test/resources/features/graph.feature:28","labels":[{"name":"host","value":"rajas-imac.lan"},{"name":"thread","value":"78383@rajas-imac.lan.TestNG-PoolService-17(50)"},{"name":"feature","value":"Navigation to Graph Data Structure Page"},{"name":"story","value":"Verify error message for invalid Python code"},{"name":"suite","value":"Navigation to Graph Data Structure Page"},{"name":"testClass","value":"Verify error message for invalid Python code"},{"name":"framework","value":"cucumber4jvm"},{"name":"language","value":"java"},{"name":"gherkin_uri","value":"file:///Users/rajitha/DsAlgo/DSAlgo_March2025/src/test/resources/features/graph.feature"},{"name":"package","value":"src.test.resources.features.graph_feature.Navigation to Graph Data Structure Page"}],"links":[],"name":"Verify error message for invalid Python code","status":"failed","statusDetails":{"known":false,"muted":false,"flaky":false,"message":"Alert was not displayed.","trace":"java.lang.AssertionError: Alert was not displayed.\n\tat org.testng.Assert.fail(Assert.java:99)\n\tat com.dsalgo.automation.stepdefinations.GraphStepDef.the_user_should_see_error_alert(GraphStepDef.java:107)\n\tat ✽.the user should see an error message in an alert window for graph(file:///Users/rajitha/DsAlgo/DSAlgo_March2025/src/test/resources/features/graph.feature:32)\n"},"stage":"finished","steps":[{"name":"Given the user is on the DS Algo Sign in Page","status":"passed","statusDetails":{"known":false,"muted":false,"flaky":false},"stage":"finished","steps":[],"attachments":[],"parameters":[],"start":1745218904767,"stop":1745218953947},{"name":"When the user enters a valid credentials and click on login","status":"passed","statusDetails":{"known":false,"muted":false,"flaky":false},"stage":"finished","steps":[],"attachments":[],"parameters":[],"start":1745218953966,"stop":1745218955256},{"name":"Given the user is on the \"Graph\" \"Try Editor\" page","status":"passed","statusDetails":{"known":false,"muted":false,"flaky":false},"stage":"finished","steps":[],"attachments":[],"parameters":[],"start":1745218955258,"stop":1745218997388},{"name":"And the user enters invalid python code for Graph","status":"passed","statusDetails":{"known":false,"muted":false,"flaky":false},"stage":"finished","steps":[],"attachments":[],"parameters":[],"start":1745218997410,"stop":1745219008608},{"name":"When the user clicks on the \"Graph Run\" button","status":"passed","statusDetails":{"known":false,"muted":false,"flaky":false},"stage":"finished","steps":[],"attachments":[],"parameters":[],"start":1745219008611,"stop":1745219009249},{"name":"Then the user should see an error message in an alert window for graph","status":"failed","statusDetails":{"known":false,"muted":false,"flaky":false,"message":"Alert was not displayed.","trace":"java.lang.AssertionError: Alert was not displayed.\n\tat org.testng.Assert.fail(Assert.java:99)\n\tat com.dsalgo.automation.stepdefinations.GraphStepDef.the_user_should_see_error_alert(GraphStepDef.java:107)\n\tat ✽.the user should see an error message in an alert window for graph(file:///Users/rajitha/DsAlgo/DSAlgo_March2025/src/test/resources/features/graph.feature:32)\n"},"stage":"finished","steps":[],"attachments":[],"parameters":[],"start":1745219009293,"stop":1745219019629}],"attachments":[],"parameters":[],"start":1745218897901,"stop":1745219022824}