{"uuid":"f69b14a2-d16c-4cd3-876b-df5646de7631","historyId":"99ca25d3202c877db4eb24579681e6db","testCaseId":"6b482f00c78da06de7316690d3235754","fullName":"src/test/resources/features/datastructure.feature:39","labels":[{"name":"host","value":"rajas-imac.lan"},{"name":"thread","value":"78383@rajas-imac.lan.TestNG-PoolService-14(47)"},{"name":"feature","value":"Navigation to Data Structures - Introduction Page"},{"name":"story","value":"Verify output for valid Python code"},{"name":"suite","value":"Navigation to Data Structures - Introduction Page"},{"name":"testClass","value":"Verify output for valid Python code"},{"name":"framework","value":"cucumber4jvm"},{"name":"language","value":"java"},{"name":"gherkin_uri","value":"file:///Users/rajitha/DsAlgo/DSAlgo_March2025/src/test/resources/features/datastructure.feature"},{"name":"package","value":"src.test.resources.features.datastructure_feature.Navigation to Data Structures - Introduction Page"}],"links":[],"name":"Verify output for valid Python code","status":"failed","statusDetails":{"known":false,"muted":false,"flaky":false,"message":" Output is empty — expected result was not printed. expected [false] but found [true]","trace":"java.lang.AssertionError:  Output is empty — expected result was not printed. expected [false] but found [true]\n\tat org.testng.Assert.fail(Assert.java:99)\n\tat org.testng.Assert.failNotEquals(Assert.java:1037)\n\tat org.testng.Assert.assertFalse(Assert.java:67)\n\tat com.dsalgo.automation.stepdefinations.DataStructureStepDef.user_should_see_output_in_console(DataStructureStepDef.java:264)\n\tat ✽.the user should be able to see output in the console(file:///Users/rajitha/DsAlgo/DSAlgo_March2025/src/test/resources/features/datastructure.feature:43)\n"},"stage":"finished","steps":[{"name":"Given the user is on the DS Algo Sign in Page","status":"passed","statusDetails":{"known":false,"muted":false,"flaky":false},"stage":"finished","steps":[],"attachments":[],"parameters":[],"start":1745218887300,"stop":1745218953992},{"name":"When the user enters a valid credentials and click on login","status":"passed","statusDetails":{"known":false,"muted":false,"flaky":false},"stage":"finished","steps":[],"attachments":[],"parameters":[],"start":1745218954005,"stop":1745218955233},{"name":"Given the user is on the \"Data Structures-Introduction\" \"Try Editor\" page","status":"passed","statusDetails":{"known":false,"muted":false,"flaky":false},"stage":"finished","steps":[],"attachments":[],"parameters":[],"start":1745218955234,"stop":1745219006903},{"name":"And the user enters valid python code","status":"passed","statusDetails":{"known":false,"muted":false,"flaky":false},"stage":"finished","steps":[],"attachments":[],"parameters":[],"start":1745219006904,"stop":1745219018029},{"name":"When the user clicks on the \"Run\" button","status":"passed","statusDetails":{"known":false,"muted":false,"flaky":false},"stage":"finished","steps":[],"attachments":[],"parameters":[],"start":1745219018030,"stop":1745219018387},{"name":"Then the user should be able to see output in the console","status":"failed","statusDetails":{"known":false,"muted":false,"flaky":false,"message":" Output is empty — expected result was not printed. expected [false] but found [true]","trace":"java.lang.AssertionError:  Output is empty — expected result was not printed. expected [false] but found [true]\n\tat org.testng.Assert.fail(Assert.java:99)\n\tat org.testng.Assert.failNotEquals(Assert.java:1037)\n\tat org.testng.Assert.assertFalse(Assert.java:67)\n\tat com.dsalgo.automation.stepdefinations.DataStructureStepDef.user_should_see_output_in_console(DataStructureStepDef.java:264)\n\tat ✽.the user should be able to see output in the console(file:///Users/rajitha/DsAlgo/DSAlgo_March2025/src/test/resources/features/datastructure.feature:43)\n"},"stage":"finished","steps":[],"attachments":[],"parameters":[],"start":1745219018394,"stop":1745219018553}],"attachments":[],"parameters":[],"start":1745218881038,"stop":1745219022948}