{"uuid":"fe5ce913-006d-41e2-bf1e-0fc3b980ceb5","historyId":"5ab68baae40e90b12fdf5e267ebb01ba","testCaseId":"dd3b67380859baa24d2dc3e8c1dd57d7","fullName":"src/test/resources/features/Arrays.feature:190","labels":[{"name":"tag","value":"array"},{"name":"host","value":"MadhaviPoreddy"},{"name":"thread","value":"56332@MadhaviPoreddy.main(1)"},{"name":"feature","value":"Test Scenarios for Arrays"},{"name":"story","value":"Verify that user receives error message without entering any code in \"Search the Array\" editor and click on Run button"},{"name":"suite","value":"Test Scenarios for Arrays"},{"name":"testClass","value":"Verify that user receives error message without entering any code in \"Search the Array\" editor and click on Run button"},{"name":"framework","value":"cucumber4jvm"},{"name":"language","value":"java"},{"name":"gherkin_uri","value":"file:///C:/Users/mpore/eclipse-workspace/DSAlgo_March2025/DSAlgo_March2025/src/test/resources/features/Arrays.feature"},{"name":"package","value":"src.test.resources.features.Arrays_feature.Test Scenarios for Arrays"}],"links":[],"name":"Verify that user receives error message without entering any code in \"Search the Array\" editor and click on Run button","status":"failed","statusDetails":{"known":false,"muted":false,"flaky":false,"message":"Blank out put is displayed and Expected Vs Actual are matching expected [] but found [1\n 1\n 2\n 2]","trace":"java.lang.AssertionError: Blank out put is displayed and Expected Vs Actual are matching expected [] but found [1\n 1\n 2\n 2]\r\n\tat org.testng.Assert.fail(Assert.java:99)\r\n\tat org.testng.Assert.failNotEquals(Assert.java:1037)\r\n\tat org.testng.Assert.assertEqualsImpl(Assert.java:140)\r\n\tat org.testng.Assert.assertEquals(Assert.java:122)\r\n\tat org.testng.Assert.assertEquals(Assert.java:629)\r\n\tat com.dsalgo.automation.stepdefinations.ArrayStepDef.the_user_is_able_to_see_error_message(ArrayStepDef.java:354)\r\n\tat ✽.The user is not able to see error message for blank input(file:///C:/Users/mpore/eclipse-workspace/DSAlgo_March2025/DSAlgo_March2025/src/test/resources/features/Arrays.feature:193)\r\n"},"stage":"finished","steps":[{"name":"Given the user is on the DS Algo Sign in Page","status":"passed","statusDetails":{"known":false,"muted":false,"flaky":false},"stage":"finished","steps":[],"attachments":[],"parameters":[],"start":1745031589584,"stop":1745031590479},{"name":"And the user enters a valid credentials and click on login","status":"passed","statusDetails":{"known":false,"muted":false,"flaky":false},"stage":"finished","steps":[],"attachments":[],"parameters":[],"start":1745031590479,"stop":1745031591013},{"name":"When The user clicks the Getting Started button in Array Panel After Sign in","status":"passed","statusDetails":{"known":false,"muted":false,"flaky":false},"stage":"finished","steps":[],"attachments":[],"parameters":[],"start":1745031591013,"stop":1745031591895},{"name":"Given The user is on the Search the array Practice Questions editor","status":"passed","statusDetails":{"known":false,"muted":false,"flaky":false},"stage":"finished","steps":[],"attachments":[],"parameters":[],"start":1745031591896,"stop":1745031593354},{"name":"When The user Clicks the Run Button without entering any code in Editor","status":"passed","statusDetails":{"known":false,"muted":false,"flaky":false},"stage":"finished","steps":[],"attachments":[],"parameters":[],"start":1745031593355,"stop":1745031593597},{"name":"Then The user is not able to see error message for blank input","status":"failed","statusDetails":{"known":false,"muted":false,"flaky":false,"message":"Blank out put is displayed and Expected Vs Actual are matching expected [] but found [1\n 1\n 2\n 2]","trace":"java.lang.AssertionError: Blank out put is displayed and Expected Vs Actual are matching expected [] but found [1\n 1\n 2\n 2]\r\n\tat org.testng.Assert.fail(Assert.java:99)\r\n\tat org.testng.Assert.failNotEquals(Assert.java:1037)\r\n\tat org.testng.Assert.assertEqualsImpl(Assert.java:140)\r\n\tat org.testng.Assert.assertEquals(Assert.java:122)\r\n\tat org.testng.Assert.assertEquals(Assert.java:629)\r\n\tat com.dsalgo.automation.stepdefinations.ArrayStepDef.the_user_is_able_to_see_error_message(ArrayStepDef.java:354)\r\n\tat ✽.The user is not able to see error message for blank input(file:///C:/Users/mpore/eclipse-workspace/DSAlgo_March2025/DSAlgo_March2025/src/test/resources/features/Arrays.feature:193)\r\n"},"stage":"finished","steps":[],"attachments":[],"parameters":[],"start":1745031593597,"stop":1745031593647}],"attachments":[],"parameters":[],"start":1745031587596,"stop":1745031594801}