<!DOCTYPE html PUBLIC "-//W3C//DTD XHTML 1.1//EN" "https://www.w3.org/TR/xhtml11/DTD/xhtml11.dtd">
<html xmlns="https://www.w3.org/1999/xhtml">
<head>
<meta http-equiv="content-type" content="text/html; charset=UTF-8"/>
<title>TestNG Report</title>
<style type="text/css">table {margin-bottom:10px;border-collapse:collapse;empty-cells:show}th,td {border:1px solid #009;padding:.25em .5em}th {vertical-align:bottom}td {vertical-align:top}table a {font-weight:bold}.stripe td {background-color: #E6EBF9}.num {text-align:right}.passedodd td {background-color: #3F3}.passedeven td {background-color: #0A0}.skippedodd td {background-color: #DDD}.skippedeven td {background-color: #CCC}.failedodd td,.attn {background-color: #F33}.failedeven td,.stripe .attn {background-color: #D00}.stacktrace {white-space:pre;font-family:monospace}.totop {font-size:85%;text-align:center;border-bottom:2px solid #000}.invisible {display:none}</style>
</head>
<body>
<table>
<tr><th>Test</th><th># Passed</th><th># Skipped</th><th># Retried</th><th># Failed</th><th>Time (ms)</th><th>Included Groups</th><th>Excluded Groups</th></tr>
<tr><th colspan="8">Default suite</th></tr>
<tr><td><a href="#t0">Default test</a></td><td class="num">252</td><td class="num">0</td><td class="num">0</td><td class="num attn">51</td><td class="num">4,309,723</td><td></td><td></td></tr>
</table>
<table id='summary'><thead><tr><th>Class</th><th>Method</th><th>Start</th><th>Time (ms)</th></tr></thead><tbody><tr><th colspan="4">Default suite</th></tr></tbody><tbody id="t0"><tr><th colspan="4">Default test &#8212; failed</th></tr><tr class="failedeven"><td rowspan="51">com.dsalgo.automation.runners.TestRunner</td><td><a href="#m0">runScenario</a></td><td rowspan="51">1745270241513</td><td rowspan="51">78230</td></tr><tr class="failedeven"><td><a href="#m1">runScenario</a></td></tr><tr class="failedeven"><td><a href="#m2">runScenario</a></td></tr><tr class="failedeven"><td><a href="#m3">runScenario</a></td></tr><tr class="failedeven"><td><a href="#m4">runScenario</a></td></tr><tr class="failedeven"><td><a href="#m5">runScenario</a></td></tr><tr class="failedeven"><td><a href="#m6">runScenario</a></td></tr><tr class="failedeven"><td><a href="#m7">runScenario</a></td></tr><tr class="failedeven"><td><a href="#m8">runScenario</a></td></tr><tr class="failedeven"><td><a href="#m9">runScenario</a></td></tr><tr class="failedeven"><td><a href="#m10">runScenario</a></td></tr><tr class="failedeven"><td><a href="#m11">runScenario</a></td></tr><tr class="failedeven"><td><a href="#m12">runScenario</a></td></tr><tr class="failedeven"><td><a href="#m13">runScenario</a></td></tr><tr class="failedeven"><td><a href="#m14">runScenario</a></td></tr><tr class="failedeven"><td><a href="#m15">runScenario</a></td></tr><tr class="failedeven"><td><a href="#m16">runScenario</a></td></tr><tr class="failedeven"><td><a href="#m17">runScenario</a></td></tr><tr class="failedeven"><td><a href="#m18">runScenario</a></td></tr><tr class="failedeven"><td><a href="#m19">runScenario</a></td></tr><tr class="failedeven"><td><a href="#m20">runScenario</a></td></tr><tr class="failedeven"><td><a href="#m21">runScenario</a></td></tr><tr class="failedeven"><td><a href="#m22">runScenario</a></td></tr><tr class="failedeven"><td><a href="#m23">runScenario</a></td></tr><tr class="failedeven"><td><a href="#m24">runScenario</a></td></tr><tr class="failedeven"><td><a href="#m25">runScenario</a></td></tr><tr class="failedeven"><td><a href="#m26">runScenario</a></td></tr><tr class="failedeven"><td><a href="#m27">runScenario</a></td></tr><tr class="failedeven"><td><a href="#m28">runScenario</a></td></tr><tr class="failedeven"><td><a href="#m29">runScenario</a></td></tr><tr class="failedeven"><td><a href="#m30">runScenario</a></td></tr><tr class="failedeven"><td><a href="#m31">runScenario</a></td></tr><tr class="failedeven"><td><a href="#m32">runScenario</a></td></tr><tr class="failedeven"><td><a href="#m33">runScenario</a></td></tr><tr class="failedeven"><td><a href="#m34">runScenario</a></td></tr><tr class="failedeven"><td><a href="#m35">runScenario</a></td></tr><tr class="failedeven"><td><a href="#m36">runScenario</a></td></tr><tr class="failedeven"><td><a href="#m37">runScenario</a></td></tr><tr class="failedeven"><td><a href="#m38">runScenario</a></td></tr><tr class="failedeven"><td><a href="#m39">runScenario</a></td></tr><tr class="failedeven"><td><a href="#m40">runScenario</a></td></tr><tr class="failedeven"><td><a href="#m41">runScenario</a></td></tr><tr class="failedeven"><td><a href="#m42">runScenario</a></td></tr><tr class="failedeven"><td><a href="#m43">runScenario</a></td></tr><tr class="failedeven"><td><a href="#m44">runScenario</a></td></tr><tr class="failedeven"><td><a href="#m45">runScenario</a></td></tr><tr class="failedeven"><td><a href="#m46">runScenario</a></td></tr><tr class="failedeven"><td><a href="#m47">runScenario</a></td></tr><tr class="failedeven"><td><a href="#m48">runScenario</a></td></tr><tr class="failedeven"><td><a href="#m49">runScenario</a></td></tr><tr class="failedeven"><td><a href="#m50">runScenario</a></td></tr><tr><th colspan="4">Default test &#8212; passed</th></tr><tr class="passedeven"><td rowspan="252">com.dsalgo.automation.runners.TestRunner</td><td><a href="#m51">runScenario</a></td><td rowspan="252">1745270987690</td><td rowspan="252">138498</td></tr><tr class="passedeven"><td><a href="#m52">runScenario</a></td></tr><tr class="passedeven"><td><a href="#m53">runScenario</a></td></tr><tr class="passedeven"><td><a href="#m54">runScenario</a></td></tr><tr class="passedeven"><td><a href="#m55">runScenario</a></td></tr><tr class="passedeven"><td><a href="#m56">runScenario</a></td></tr><tr class="passedeven"><td><a href="#m57">runScenario</a></td></tr><tr class="passedeven"><td><a href="#m58">runScenario</a></td></tr><tr class="passedeven"><td><a href="#m59">runScenario</a></td></tr><tr class="passedeven"><td><a href="#m60">runScenario</a></td></tr><tr class="passedeven"><td><a href="#m61">runScenario</a></td></tr><tr class="passedeven"><td><a href="#m62">runScenario</a></td></tr><tr class="passedeven"><td><a href="#m63">runScenario</a></td></tr><tr class="passedeven"><td><a href="#m64">runScenario</a></td></tr><tr class="passedeven"><td><a href="#m65">runScenario</a></td></tr><tr class="passedeven"><td><a href="#m66">runScenario</a></td></tr><tr class="passedeven"><td><a href="#m67">runScenario</a></td></tr><tr class="passedeven"><td><a href="#m68">runScenario</a></td></tr><tr class="passedeven"><td><a href="#m69">runScenario</a></td></tr><tr class="passedeven"><td><a href="#m70">runScenario</a></td></tr><tr class="passedeven"><td><a href="#m71">runScenario</a></td></tr><tr class="passedeven"><td><a href="#m72">runScenario</a></td></tr><tr class="passedeven"><td><a href="#m73">runScenario</a></td></tr><tr class="passedeven"><td><a href="#m74">runScenario</a></td></tr><tr class="passedeven"><td><a href="#m75">runScenario</a></td></tr><tr class="passedeven"><td><a href="#m76">runScenario</a></td></tr><tr class="passedeven"><td><a href="#m77">runScenario</a></td></tr><tr class="passedeven"><td><a href="#m78">runScenario</a></td></tr><tr class="passedeven"><td><a href="#m79">runScenario</a></td></tr><tr class="passedeven"><td><a href="#m80">runScenario</a></td></tr><tr class="passedeven"><td><a href="#m81">runScenario</a></td></tr><tr class="passedeven"><td><a href="#m82">runScenario</a></td></tr><tr class="passedeven"><td><a href="#m83">runScenario</a></td></tr><tr class="passedeven"><td><a href="#m84">runScenario</a></td></tr><tr class="passedeven"><td><a href="#m85">runScenario</a></td></tr><tr class="passedeven"><td><a href="#m86">runScenario</a></td></tr><tr class="passedeven"><td><a href="#m87">runScenario</a></td></tr><tr class="passedeven"><td><a href="#m88">runScenario</a></td></tr><tr class="passedeven"><td><a href="#m89">runScenario</a></td></tr><tr class="passedeven"><td><a href="#m90">runScenario</a></td></tr><tr class="passedeven"><td><a href="#m91">runScenario</a></td></tr><tr class="passedeven"><td><a href="#m92">runScenario</a></td></tr><tr class="passedeven"><td><a href="#m93">runScenario</a></td></tr><tr class="passedeven"><td><a href="#m94">runScenario</a></td></tr><tr class="passedeven"><td><a href="#m95">runScenario</a></td></tr><tr class="passedeven"><td><a href="#m96">runScenario</a></td></tr><tr class="passedeven"><td><a href="#m97">runScenario</a></td></tr><tr class="passedeven"><td><a href="#m98">runScenario</a></td></tr><tr class="passedeven"><td><a href="#m99">runScenario</a></td></tr><tr class="passedeven"><td><a href="#m100">runScenario</a></td></tr><tr class="passedeven"><td><a href="#m101">runScenario</a></td></tr><tr class="passedeven"><td><a href="#m102">runScenario</a></td></tr><tr class="passedeven"><td><a href="#m103">runScenario</a></td></tr><tr class="passedeven"><td><a href="#m104">runScenario</a></td></tr><tr class="passedeven"><td><a href="#m105">runScenario</a></td></tr><tr class="passedeven"><td><a href="#m106">runScenario</a></td></tr><tr class="passedeven"><td><a href="#m107">runScenario</a></td></tr><tr class="passedeven"><td><a href="#m108">runScenario</a></td></tr><tr class="passedeven"><td><a href="#m109">runScenario</a></td></tr><tr class="passedeven"><td><a href="#m110">runScenario</a></td></tr><tr class="passedeven"><td><a href="#m111">runScenario</a></td></tr><tr class="passedeven"><td><a href="#m112">runScenario</a></td></tr><tr class="passedeven"><td><a href="#m113">runScenario</a></td></tr><tr class="passedeven"><td><a href="#m114">runScenario</a></td></tr><tr class="passedeven"><td><a href="#m115">runScenario</a></td></tr><tr class="passedeven"><td><a href="#m116">runScenario</a></td></tr><tr class="passedeven"><td><a href="#m117">runScenario</a></td></tr><tr class="passedeven"><td><a href="#m118">runScenario</a></td></tr><tr class="passedeven"><td><a href="#m119">runScenario</a></td></tr><tr class="passedeven"><td><a href="#m120">runScenario</a></td></tr><tr class="passedeven"><td><a href="#m121">runScenario</a></td></tr><tr class="passedeven"><td><a href="#m122">runScenario</a></td></tr><tr class="passedeven"><td><a href="#m123">runScenario</a></td></tr><tr class="passedeven"><td><a href="#m124">runScenario</a></td></tr><tr class="passedeven"><td><a href="#m125">runScenario</a></td></tr><tr class="passedeven"><td><a href="#m126">runScenario</a></td></tr><tr class="passedeven"><td><a href="#m127">runScenario</a></td></tr><tr class="passedeven"><td><a href="#m128">runScenario</a></td></tr><tr class="passedeven"><td><a href="#m129">runScenario</a></td></tr><tr class="passedeven"><td><a href="#m130">runScenario</a></td></tr><tr class="passedeven"><td><a href="#m131">runScenario</a></td></tr><tr class="passedeven"><td><a href="#m132">runScenario</a></td></tr><tr class="passedeven"><td><a href="#m133">runScenario</a></td></tr><tr class="passedeven"><td><a href="#m134">runScenario</a></td></tr><tr class="passedeven"><td><a href="#m135">runScenario</a></td></tr><tr class="passedeven"><td><a href="#m136">runScenario</a></td></tr><tr class="passedeven"><td><a href="#m137">runScenario</a></td></tr><tr class="passedeven"><td><a href="#m138">runScenario</a></td></tr><tr class="passedeven"><td><a href="#m139">runScenario</a></td></tr><tr class="passedeven"><td><a href="#m140">runScenario</a></td></tr><tr class="passedeven"><td><a href="#m141">runScenario</a></td></tr><tr class="passedeven"><td><a href="#m142">runScenario</a></td></tr><tr class="passedeven"><td><a href="#m143">runScenario</a></td></tr><tr class="passedeven"><td><a href="#m144">runScenario</a></td></tr><tr class="passedeven"><td><a href="#m145">runScenario</a></td></tr><tr class="passedeven"><td><a href="#m146">runScenario</a></td></tr><tr class="passedeven"><td><a href="#m147">runScenario</a></td></tr><tr class="passedeven"><td><a href="#m148">runScenario</a></td></tr><tr class="passedeven"><td><a href="#m149">runScenario</a></td></tr><tr class="passedeven"><td><a href="#m150">runScenario</a></td></tr><tr class="passedeven"><td><a href="#m151">runScenario</a></td></tr><tr class="passedeven"><td><a href="#m152">runScenario</a></td></tr><tr class="passedeven"><td><a href="#m153">runScenario</a></td></tr><tr class="passedeven"><td><a href="#m154">runScenario</a></td></tr><tr class="passedeven"><td><a href="#m155">runScenario</a></td></tr><tr class="passedeven"><td><a href="#m156">runScenario</a></td></tr><tr class="passedeven"><td><a href="#m157">runScenario</a></td></tr><tr class="passedeven"><td><a href="#m158">runScenario</a></td></tr><tr class="passedeven"><td><a href="#m159">runScenario</a></td></tr><tr class="passedeven"><td><a href="#m160">runScenario</a></td></tr><tr class="passedeven"><td><a href="#m161">runScenario</a></td></tr><tr class="passedeven"><td><a href="#m162">runScenario</a></td></tr><tr class="passedeven"><td><a href="#m163">runScenario</a></td></tr><tr class="passedeven"><td><a href="#m164">runScenario</a></td></tr><tr class="passedeven"><td><a href="#m165">runScenario</a></td></tr><tr class="passedeven"><td><a href="#m166">runScenario</a></td></tr><tr class="passedeven"><td><a href="#m167">runScenario</a></td></tr><tr class="passedeven"><td><a href="#m168">runScenario</a></td></tr><tr class="passedeven"><td><a href="#m169">runScenario</a></td></tr><tr class="passedeven"><td><a href="#m170">runScenario</a></td></tr><tr class="passedeven"><td><a href="#m171">runScenario</a></td></tr><tr class="passedeven"><td><a href="#m172">runScenario</a></td></tr><tr class="passedeven"><td><a href="#m173">runScenario</a></td></tr><tr class="passedeven"><td><a href="#m174">runScenario</a></td></tr><tr class="passedeven"><td><a href="#m175">runScenario</a></td></tr><tr class="passedeven"><td><a href="#m176">runScenario</a></td></tr><tr class="passedeven"><td><a href="#m177">runScenario</a></td></tr><tr class="passedeven"><td><a href="#m178">runScenario</a></td></tr><tr class="passedeven"><td><a href="#m179">runScenario</a></td></tr><tr class="passedeven"><td><a href="#m180">runScenario</a></td></tr><tr class="passedeven"><td><a href="#m181">runScenario</a></td></tr><tr class="passedeven"><td><a href="#m182">runScenario</a></td></tr><tr class="passedeven"><td><a href="#m183">runScenario</a></td></tr><tr class="passedeven"><td><a href="#m184">runScenario</a></td></tr><tr class="passedeven"><td><a href="#m185">runScenario</a></td></tr><tr class="passedeven"><td><a href="#m186">runScenario</a></td></tr><tr class="passedeven"><td><a href="#m187">runScenario</a></td></tr><tr class="passedeven"><td><a href="#m188">runScenario</a></td></tr><tr class="passedeven"><td><a href="#m189">runScenario</a></td></tr><tr class="passedeven"><td><a href="#m190">runScenario</a></td></tr><tr class="passedeven"><td><a href="#m191">runScenario</a></td></tr><tr class="passedeven"><td><a href="#m192">runScenario</a></td></tr><tr class="passedeven"><td><a href="#m193">runScenario</a></td></tr><tr class="passedeven"><td><a href="#m194">runScenario</a></td></tr><tr class="passedeven"><td><a href="#m195">runScenario</a></td></tr><tr class="passedeven"><td><a href="#m196">runScenario</a></td></tr><tr class="passedeven"><td><a href="#m197">runScenario</a></td></tr><tr class="passedeven"><td><a href="#m198">runScenario</a></td></tr><tr class="passedeven"><td><a href="#m199">runScenario</a></td></tr><tr class="passedeven"><td><a href="#m200">runScenario</a></td></tr><tr class="passedeven"><td><a href="#m201">runScenario</a></td></tr><tr class="passedeven"><td><a href="#m202">runScenario</a></td></tr><tr class="passedeven"><td><a href="#m203">runScenario</a></td></tr><tr class="passedeven"><td><a href="#m204">runScenario</a></td></tr><tr class="passedeven"><td><a href="#m205">runScenario</a></td></tr><tr class="passedeven"><td><a href="#m206">runScenario</a></td></tr><tr class="passedeven"><td><a href="#m207">runScenario</a></td></tr><tr class="passedeven"><td><a href="#m208">runScenario</a></td></tr><tr class="passedeven"><td><a href="#m209">runScenario</a></td></tr><tr class="passedeven"><td><a href="#m210">runScenario</a></td></tr><tr class="passedeven"><td><a href="#m211">runScenario</a></td></tr><tr class="passedeven"><td><a href="#m212">runScenario</a></td></tr><tr class="passedeven"><td><a href="#m213">runScenario</a></td></tr><tr class="passedeven"><td><a href="#m214">runScenario</a></td></tr><tr class="passedeven"><td><a href="#m215">runScenario</a></td></tr><tr class="passedeven"><td><a href="#m216">runScenario</a></td></tr><tr class="passedeven"><td><a href="#m217">runScenario</a></td></tr><tr class="passedeven"><td><a href="#m218">runScenario</a></td></tr><tr class="passedeven"><td><a href="#m219">runScenario</a></td></tr><tr class="passedeven"><td><a href="#m220">runScenario</a></td></tr><tr class="passedeven"><td><a href="#m221">runScenario</a></td></tr><tr class="passedeven"><td><a href="#m222">runScenario</a></td></tr><tr class="passedeven"><td><a href="#m223">runScenario</a></td></tr><tr class="passedeven"><td><a href="#m224">runScenario</a></td></tr><tr class="passedeven"><td><a href="#m225">runScenario</a></td></tr><tr class="passedeven"><td><a href="#m226">runScenario</a></td></tr><tr class="passedeven"><td><a href="#m227">runScenario</a></td></tr><tr class="passedeven"><td><a href="#m228">runScenario</a></td></tr><tr class="passedeven"><td><a href="#m229">runScenario</a></td></tr><tr class="passedeven"><td><a href="#m230">runScenario</a></td></tr><tr class="passedeven"><td><a href="#m231">runScenario</a></td></tr><tr class="passedeven"><td><a href="#m232">runScenario</a></td></tr><tr class="passedeven"><td><a href="#m233">runScenario</a></td></tr><tr class="passedeven"><td><a href="#m234">runScenario</a></td></tr><tr class="passedeven"><td><a href="#m235">runScenario</a></td></tr><tr class="passedeven"><td><a href="#m236">runScenario</a></td></tr><tr class="passedeven"><td><a href="#m237">runScenario</a></td></tr><tr class="passedeven"><td><a href="#m238">runScenario</a></td></tr><tr class="passedeven"><td><a href="#m239">runScenario</a></td></tr><tr class="passedeven"><td><a href="#m240">runScenario</a></td></tr><tr class="passedeven"><td><a href="#m241">runScenario</a></td></tr><tr class="passedeven"><td><a href="#m242">runScenario</a></td></tr><tr class="passedeven"><td><a href="#m243">runScenario</a></td></tr><tr class="passedeven"><td><a href="#m244">runScenario</a></td></tr><tr class="passedeven"><td><a href="#m245">runScenario</a></td></tr><tr class="passedeven"><td><a href="#m246">runScenario</a></td></tr><tr class="passedeven"><td><a href="#m247">runScenario</a></td></tr><tr class="passedeven"><td><a href="#m248">runScenario</a></td></tr><tr class="passedeven"><td><a href="#m249">runScenario</a></td></tr><tr class="passedeven"><td><a href="#m250">runScenario</a></td></tr><tr class="passedeven"><td><a href="#m251">runScenario</a></td></tr><tr class="passedeven"><td><a href="#m252">runScenario</a></td></tr><tr class="passedeven"><td><a href="#m253">runScenario</a></td></tr><tr class="passedeven"><td><a href="#m254">runScenario</a></td></tr><tr class="passedeven"><td><a href="#m255">runScenario</a></td></tr><tr class="passedeven"><td><a href="#m256">runScenario</a></td></tr><tr class="passedeven"><td><a href="#m257">runScenario</a></td></tr><tr class="passedeven"><td><a href="#m258">runScenario</a></td></tr><tr class="passedeven"><td><a href="#m259">runScenario</a></td></tr><tr class="passedeven"><td><a href="#m260">runScenario</a></td></tr><tr class="passedeven"><td><a href="#m261">runScenario</a></td></tr><tr class="passedeven"><td><a href="#m262">runScenario</a></td></tr><tr class="passedeven"><td><a href="#m263">runScenario</a></td></tr><tr class="passedeven"><td><a href="#m264">runScenario</a></td></tr><tr class="passedeven"><td><a href="#m265">runScenario</a></td></tr><tr class="passedeven"><td><a href="#m266">runScenario</a></td></tr><tr class="passedeven"><td><a href="#m267">runScenario</a></td></tr><tr class="passedeven"><td><a href="#m268">runScenario</a></td></tr><tr class="passedeven"><td><a href="#m269">runScenario</a></td></tr><tr class="passedeven"><td><a href="#m270">runScenario</a></td></tr><tr class="passedeven"><td><a href="#m271">runScenario</a></td></tr><tr class="passedeven"><td><a href="#m272">runScenario</a></td></tr><tr class="passedeven"><td><a href="#m273">runScenario</a></td></tr><tr class="passedeven"><td><a href="#m274">runScenario</a></td></tr><tr class="passedeven"><td><a href="#m275">runScenario</a></td></tr><tr class="passedeven"><td><a href="#m276">runScenario</a></td></tr><tr class="passedeven"><td><a href="#m277">runScenario</a></td></tr><tr class="passedeven"><td><a href="#m278">runScenario</a></td></tr><tr class="passedeven"><td><a href="#m279">runScenario</a></td></tr><tr class="passedeven"><td><a href="#m280">runScenario</a></td></tr><tr class="passedeven"><td><a href="#m281">runScenario</a></td></tr><tr class="passedeven"><td><a href="#m282">runScenario</a></td></tr><tr class="passedeven"><td><a href="#m283">runScenario</a></td></tr><tr class="passedeven"><td><a href="#m284">runScenario</a></td></tr><tr class="passedeven"><td><a href="#m285">runScenario</a></td></tr><tr class="passedeven"><td><a href="#m286">runScenario</a></td></tr><tr class="passedeven"><td><a href="#m287">runScenario</a></td></tr><tr class="passedeven"><td><a href="#m288">runScenario</a></td></tr><tr class="passedeven"><td><a href="#m289">runScenario</a></td></tr><tr class="passedeven"><td><a href="#m290">runScenario</a></td></tr><tr class="passedeven"><td><a href="#m291">runScenario</a></td></tr><tr class="passedeven"><td><a href="#m292">runScenario</a></td></tr><tr class="passedeven"><td><a href="#m293">runScenario</a></td></tr><tr class="passedeven"><td><a href="#m294">runScenario</a></td></tr><tr class="passedeven"><td><a href="#m295">runScenario</a></td></tr><tr class="passedeven"><td><a href="#m296">runScenario</a></td></tr><tr class="passedeven"><td><a href="#m297">runScenario</a></td></tr><tr class="passedeven"><td><a href="#m298">runScenario</a></td></tr><tr class="passedeven"><td><a href="#m299">runScenario</a></td></tr><tr class="passedeven"><td><a href="#m300">runScenario</a></td></tr><tr class="passedeven"><td><a href="#m301">runScenario</a></td></tr><tr class="passedeven"><td><a href="#m302">runScenario</a></td></tr></tbody>
</table>
<h2>Default test</h2><h3 id="m0">com.dsalgo.automation.runners.TestRunner#runScenario</h3><table class="result"><tr class="param"><th>Parameter #1</th><th>Parameter #2</th></tr><tr class="param stripe"><td>&quot;Verify that user receives error message for invalid username field during registration&quot;</td><td>&quot;User Registration&quot;</td></tr><tr><th colspan="2">Exception</th></tr><tr><td colspan="2"><div class="stacktrace">java.lang.AssertionError: Test failed: Incorrect error message displayed.
	at com.dsalgo.automation.stepdefinations.RegisterStepDef.then_the_correct_error_message_is_not_displayed(RegisterStepDef.java:145)
	at ✽.The correct error message is not displayed(file:///Users/rajitha/DsAlgo/DSAlgo_March2025/src/test/resources/features/Register.feature:35)
</div></td></tr></table><p class="totop"><a href="#summary">back to summary</a></p>
<h3 id="m1">com.dsalgo.automation.runners.TestRunner#runScenario</h3><table class="result"><tr class="param"><th>Parameter #1</th><th>Parameter #2</th></tr><tr class="param stripe"><td>&quot;Verify that user is able to navigate to Practice questions page&quot;</td><td>&quot;Tree&quot;</td></tr><tr><th colspan="2">Exception</th></tr><tr><td colspan="2"><div class="stacktrace">java.lang.AssertionError: Test failed: Page is Empty.
	at com.dsalgo.automation.stepdefinations.CommonStepDef.then_the_user_should_be_navigated_to_practice_questions_page(CommonStepDef.java:46)
	at ✽.The User should be navigated to Practice Questions page(file:///Users/rajitha/DsAlgo/DSAlgo_March2025/src/test/resources/features/Tree.feature:293)
</div></td></tr></table><p class="totop"><a href="#summary">back to summary</a></p>
<h3 id="m2">com.dsalgo.automation.runners.TestRunner#runScenario</h3><table class="result"><tr class="param"><th>Parameter #1</th><th>Parameter #2</th></tr><tr class="param stripe"><td>&quot;Verify that user is able to navigate to Practice questions page&quot;</td><td>&quot;Tree&quot;</td></tr><tr><th colspan="2">Exception</th></tr><tr><td colspan="2"><div class="stacktrace">java.lang.AssertionError: Test failed: Page is Empty.
	at com.dsalgo.automation.stepdefinations.CommonStepDef.then_the_user_should_be_navigated_to_practice_questions_page(CommonStepDef.java:46)
	at ✽.The User should be navigated to Practice Questions page(file:///Users/rajitha/DsAlgo/DSAlgo_March2025/src/test/resources/features/Tree.feature:191)
</div></td></tr></table><p class="totop"><a href="#summary">back to summary</a></p>
<h3 id="m3">com.dsalgo.automation.runners.TestRunner#runScenario</h3><table class="result"><tr class="param"><th>Parameter #1</th><th>Parameter #2</th></tr><tr class="param stripe"><td>&quot;Verify that user is redirected to the home page when clicking the &quot;NumpyNinja&quot; link on the &quot;Data Structures - Introduction&quot; page&quot;</td><td>&quot;Navigation to Data Structures - Introduction Page&quot;</td></tr><tr><th colspan="2">Exception</th></tr><tr><td colspan="2"><div class="stacktrace">java.lang.AssertionError:  User was not redirected to the Home page. expected [https://dsportalapp.herokuapp.com/home] but found [https://dsportalapp.herokuapp.com/]
	at org.testng.Assert.fail(Assert.java:99)
	at org.testng.Assert.failNotEquals(Assert.java:1037)
	at org.testng.Assert.assertEqualsImpl(Assert.java:140)
	at org.testng.Assert.assertEquals(Assert.java:122)
	at org.testng.Assert.assertEquals(Assert.java:629)
	at com.dsalgo.automation.stepdefinations.LoginStepDef.the_user_should_be_redirected_to_the_home_page(LoginStepDef.java:156)
	at ✽.the user should be redirected to the home page(file:///Users/rajitha/DsAlgo/DSAlgo_March2025/src/test/resources/features/datastructure.feature:48)
</div></td></tr></table><p class="totop"><a href="#summary">back to summary</a></p>
<h3 id="m4">com.dsalgo.automation.runners.TestRunner#runScenario</h3><table class="result"><tr class="param"><th>Parameter #1</th><th>Parameter #2</th></tr><tr class="param stripe"><td>&quot;Verify that user receives error message for password  with all numeric value during registration&quot;</td><td>&quot;User Registration&quot;</td></tr><tr><th colspan="2">Exception</th></tr><tr><td colspan="2"><div class="stacktrace">java.lang.AssertionError: Test failed: Incorrect error message displayed.
	at com.dsalgo.automation.stepdefinations.RegisterStepDef.then_the_correct_error_message_is_not_displayed(RegisterStepDef.java:145)
	at ✽.The correct error message is not displayed(file:///Users/rajitha/DsAlgo/DSAlgo_March2025/src/test/resources/features/Register.feature:50)
</div></td></tr></table><p class="totop"><a href="#summary">back to summary</a></p>
<h3 id="m5">com.dsalgo.automation.runners.TestRunner#runScenario</h3><table class="result"><tr class="param"><th>Parameter #1</th><th>Parameter #2</th></tr><tr class="param stripe"><td>&quot;Verify that user is able to navigate to &quot;try here Editor&quot; page for &quot;Types of Linked List&quot; page&quot;</td><td>&quot;Test Scenarios for Linked List Module&quot;</td></tr><tr><th colspan="2">Exception</th></tr><tr><td colspan="2"><div class="stacktrace">org.openqa.selenium.SessionNotCreatedException: Could not start a new session. Response code 500. Message: session not created: DevToolsActivePort file doesn&apos;t exist 
Host info: host: &apos;rajas-imac.lan&apos;, ip: &apos;192.168.86.24&apos;
Build info: version: &apos;4.31.0&apos;, revision: &apos;1ef9f18787*&apos;
System info: os.name: &apos;Mac OS X&apos;, os.arch: &apos;x86_64&apos;, os.version: &apos;14.6.1&apos;, java.version: &apos;23&apos;
Driver info: org.openqa.selenium.chrome.ChromeDriver
Command: [null, newSession {capabilities=[Capabilities {browserName: chrome, goog:chromeOptions: {args: [], binary: /Applications/Google Chrome..., extensions: []}}]}]
	at org.openqa.selenium.remote.ProtocolHandshake.createSession(ProtocolHandshake.java:114)
	at org.openqa.selenium.remote.ProtocolHandshake.createSession(ProtocolHandshake.java:75)
	at org.openqa.selenium.remote.ProtocolHandshake.createSession(ProtocolHandshake.java:61)
	at org.openqa.selenium.remote.HttpCommandExecutor.execute(HttpCommandExecutor.java:187)
	at org.openqa.selenium.remote.service.DriverCommandExecutor.invokeExecute(DriverCommandExecutor.java:216)
	at org.openqa.selenium.remote.service.DriverCommandExecutor.execute(DriverCommandExecutor.java:174)
	at org.openqa.selenium.remote.RemoteWebDriver.execute(RemoteWebDriver.java:545)
	at org.openqa.selenium.remote.RemoteWebDriver.startSession(RemoteWebDriver.java:245)
	at org.openqa.selenium.remote.RemoteWebDriver.&lt;init&gt;(RemoteWebDriver.java:174)
	at org.openqa.selenium.chromium.ChromiumDriver.&lt;init&gt;(ChromiumDriver.java:110)
	at org.openqa.selenium.chrome.ChromeDriver.&lt;init&gt;(ChromeDriver.java:88)
	at org.openqa.selenium.chrome.ChromeDriver.&lt;init&gt;(ChromeDriver.java:83)
	at org.openqa.selenium.chrome.ChromeDriver.&lt;init&gt;(ChromeDriver.java:72)
	at com.dsalgo.automation.driver.DriverFactory.initializeDriver(DriverFactory.java:42)
	at com.dsalgo.automation.hooks.Hooks.setUpFreshBrowser(Hooks.java:33)
</div></td></tr></table><p class="totop"><a href="#summary">back to summary</a></p>
<h3 id="m6">com.dsalgo.automation.runners.TestRunner#runScenario</h3><table class="result"><tr class="param"><th>Parameter #1</th><th>Parameter #2</th></tr><tr class="param stripe"><td>&quot;Verify that user receives &quot;Submission Successful&quot; on submitting valid python code for &quot;Search the array&quot; question&quot;</td><td>&quot;Test Scenarios for Arrays&quot;</td></tr><tr><th colspan="2">Exception</th></tr><tr><td colspan="2"><div class="stacktrace">java.lang.AssertionError: Test case Failed: Out put from console is not matched with the expected output expected [] but found [Submission Successful]
	at org.testng.Assert.fail(Assert.java:99)
	at org.testng.Assert.failNotEquals(Assert.java:1037)
	at org.testng.Assert.assertEqualsImpl(Assert.java:140)
	at org.testng.Assert.assertEquals(Assert.java:122)
	at org.testng.Assert.assertEquals(Assert.java:629)
	at com.dsalgo.automation.stepdefinations.ArrayStepDef.the_user_is_not_able_to_see_Submission_success_message(ArrayStepDef.java:336)
	at ✽.The user is not able to see success message Submission successful(file:///Users/rajitha/DsAlgo/DSAlgo_March2025/src/test/resources/features/Arrays.feature:186)
</div></td></tr></table><p class="totop"><a href="#summary">back to summary</a></p>
<h3 id="m7">com.dsalgo.automation.runners.TestRunner#runScenario</h3><table class="result"><tr class="param"><th>Parameter #1</th><th>Parameter #2</th></tr><tr class="param stripe"><td>&quot;Verify TryEditor with valid code&quot;</td><td>&quot;Tree&quot;</td></tr><tr><th colspan="2">Exception</th></tr><tr><td colspan="2"><div class="stacktrace">org.openqa.selenium.WebDriverException: Timed out waiting for driver server to shutdown.
Build info: version: &apos;4.31.0&apos;, revision: &apos;1ef9f18787*&apos;
System info: os.name: &apos;Mac OS X&apos;, os.arch: &apos;x86_64&apos;, os.version: &apos;14.6.1&apos;, java.version: &apos;23&apos;
Driver info: org.openqa.selenium.chrome.ChromeDriver
Command: [eaddb0d9a045c7a999aeac5cf6b427a7, quit {}]
Capabilities {acceptInsecureCerts: false, browserName: chrome, browserVersion: 135.0.7049.96, chrome: {chromedriverVersion: 135.0.7049.95 (de2eb485a195..., userDataDir: /var/folders/c5/dbmv4z8n69j...}, fedcm:accounts: true, goog:chromeOptions: {debuggerAddress: localhost:53536}, networkConnectionEnabled: false, pageLoadStrategy: normal, platformName: mac, proxy: Proxy(), se:cdp: ws://localhost:53536/devtoo..., se:cdpVersion: 135.0.7049.96, setWindowRect: true, strictFileInteractability: false, timeouts: {implicit: 0, pageLoad: 300000, script: 30000}, unhandledPromptBehavior: dismiss and notify, webauthn:extension:credBlob: true, webauthn:extension:largeBlob: true, webauthn:extension:minPinLength: true, webauthn:extension:prf: true, webauthn:virtualAuthenticators: true}
Session ID: eaddb0d9a045c7a999aeac5cf6b427a7
	at org.openqa.selenium.remote.service.DriverService.stop(DriverService.java:312)
	at org.openqa.selenium.remote.service.DriverCommandExecutor.execute(DriverCommandExecutor.java:161)
	at org.openqa.selenium.remote.RemoteWebDriver.execute(RemoteWebDriver.java:545)
	at org.openqa.selenium.remote.RemoteWebDriver.execute(RemoteWebDriver.java:618)
	at org.openqa.selenium.remote.RemoteWebDriver.execute(RemoteWebDriver.java:622)
	at org.openqa.selenium.remote.RemoteWebDriver.quit(RemoteWebDriver.java:446)
	at org.openqa.selenium.chromium.ChromiumDriver.quit(ChromiumDriver.java:418)
	at com.dsalgo.automation.driver.DriverFactory.quitDriver(DriverFactory.java:60)
	at com.dsalgo.automation.hooks.Hooks.tearDownFreshBrowser(Hooks.java:50)
Caused by: org.openqa.selenium.net.UrlChecker$TimeoutException: Timed out waiting for http://localhost:9551/shutdown to become unavailable after 3379 ms
	at org.openqa.selenium.net.UrlChecker.waitUntilUnavailable(UrlChecker.java:151)
	at org.openqa.selenium.remote.service.DriverService.stop(DriverService.java:303)
	... 8 more
Caused by: java.util.concurrent.TimeoutException
	at java.base/java.util.concurrent.FutureTask.get(FutureTask.java:204)
	at org.openqa.selenium.net.UrlChecker.waitUntilUnavailable(UrlChecker.java:144)
	... 9 more
</div></td></tr></table><p class="totop"><a href="#summary">back to summary</a></p>
<h3 id="m8">com.dsalgo.automation.runners.TestRunner#runScenario</h3><table class="result"><tr class="param"><th>Parameter #1</th><th>Parameter #2</th></tr><tr class="param stripe"><td>&quot;Verify that user is able to navigate to Practice questions page&quot;</td><td>&quot;Queue&quot;</td></tr><tr><th colspan="2">Exception</th></tr><tr><td colspan="2"><div class="stacktrace">java.lang.AssertionError: Test failed: Page is Empty.
	at com.dsalgo.automation.stepdefinations.CommonStepDef.then_the_user_should_be_navigated_to_practice_questions_page(CommonStepDef.java:46)
	at ✽.The User should be navigated to Practice Questions page(file:///Users/rajitha/DsAlgo/DSAlgo_March2025/src/test/resources/features/Queue.feature:107)
</div></td></tr></table><p class="totop"><a href="#summary">back to summary</a></p>
<h3 id="m9">com.dsalgo.automation.runners.TestRunner#runScenario</h3><table class="result"><tr class="param"><th>Parameter #1</th><th>Parameter #2</th></tr><tr class="param stripe"><td>&quot;Verify that user is able to navigate to &quot;linked list page&quot; upon clicking the hyperlink from Types of Linked List page&quot;</td><td>&quot;Test Scenarios for Linked List Module&quot;</td></tr><tr><th colspan="2">Exception</th></tr><tr><td colspan="2"><div class="stacktrace">java.lang.AssertionError: &quot;Test failed:Page title is not matched with Actual Title expected [linked list] but found [www.javatpoint.com]
	at org.testng.Assert.fail(Assert.java:99)
	at org.testng.Assert.failNotEquals(Assert.java:1037)
	at org.testng.Assert.assertEqualsImpl(Assert.java:140)
	at org.testng.Assert.assertEquals(Assert.java:122)
	at org.testng.Assert.assertEquals(Assert.java:629)
	at com.dsalgo.automation.stepdefinations.LinkedListStepDef.the_user_should_be_redirected_to_Linked_List_page_through_Linkedlist_hyperlink(LinkedListStepDef.java:166)
	at ✽.The user should be redirected to linked list link page(file:///Users/rajitha/DsAlgo/DSAlgo_March2025/src/test/resources/features/LinkedList.feature:108)
</div></td></tr></table><p class="totop"><a href="#summary">back to summary</a></p>
<h3 id="m10">com.dsalgo.automation.runners.TestRunner#runScenario</h3><table class="result"><tr class="param"><th>Parameter #1</th><th>Parameter #2</th></tr><tr class="param stripe"><td>&quot;Verify that user is able to navigate to Practice questions page&quot;</td><td>&quot;Tree&quot;</td></tr><tr><th colspan="2">Exception</th></tr><tr><td colspan="2"><div class="stacktrace">java.lang.AssertionError: Test failed: Page is Empty.
	at com.dsalgo.automation.stepdefinations.CommonStepDef.then_the_user_should_be_navigated_to_practice_questions_page(CommonStepDef.java:46)
	at ✽.The User should be navigated to Practice Questions page(file:///Users/rajitha/DsAlgo/DSAlgo_March2025/src/test/resources/features/Tree.feature:123)
</div></td></tr></table><p class="totop"><a href="#summary">back to summary</a></p>
<h3 id="m11">com.dsalgo.automation.runners.TestRunner#runScenario</h3><table class="result"><tr class="param"><th>Parameter #1</th><th>Parameter #2</th></tr><tr class="param stripe"><td>&quot;Verify that user is able to navigate to &quot;singly linked list page&quot; upon clicking the hyperlink from Types of Linked List page&quot;</td><td>&quot;Test Scenarios for Linked List Module&quot;</td></tr><tr><th colspan="2">Exception</th></tr><tr><td colspan="2"><div class="stacktrace">java.lang.AssertionError: &quot;Test failed:Page title is not matched with Actual Title expected [singly linked list] but found [www.javatpoint.com]
	at org.testng.Assert.fail(Assert.java:99)
	at org.testng.Assert.failNotEquals(Assert.java:1037)
	at org.testng.Assert.assertEqualsImpl(Assert.java:140)
	at org.testng.Assert.assertEquals(Assert.java:122)
	at org.testng.Assert.assertEquals(Assert.java:629)
	at com.dsalgo.automation.stepdefinations.LinkedListStepDef.the_user_should_be_redirected_to_singly_Linked_List_page(LinkedListStepDef.java:152)
	at ✽.The user should be redirected to singly linked list page(file:///Users/rajitha/DsAlgo/DSAlgo_March2025/src/test/resources/features/LinkedList.feature:102)
</div></td></tr></table><p class="totop"><a href="#summary">back to summary</a></p>
<h3 id="m12">com.dsalgo.automation.runners.TestRunner#runScenario</h3><table class="result"><tr class="param"><th>Parameter #1</th><th>Parameter #2</th></tr><tr class="param stripe"><td>&quot;Verify that user receives &quot;Submission Successful&quot; on submitting valid python code for &quot;Squares of a Sorted Array&quot; question&quot;</td><td>&quot;Test Scenarios for Arrays&quot;</td></tr><tr><th colspan="2">Exception</th></tr><tr><td colspan="2"><div class="stacktrace">java.lang.AssertionError: Test Case Failed : Expected and Actual results are not matching expected [ No tests were collected] but found [Submission Successful]
	at org.testng.Assert.fail(Assert.java:99)
	at org.testng.Assert.failNotEquals(Assert.java:1037)
	at org.testng.Assert.assertEqualsImpl(Assert.java:140)
	at org.testng.Assert.assertEquals(Assert.java:122)
	at org.testng.Assert.assertEquals(Assert.java:629)
	at com.dsalgo.automation.stepdefinations.ArrayStepDef.the_user_is_not_able_to_see_Submission_success_message_for_SquaresofSortedArray_code(ArrayStepDef.java:464)
	at ✽.The user is not able to see success message Submission successful for Squares of a Sorted Array code(file:///Users/rajitha/DsAlgo/DSAlgo_March2025/src/test/resources/features/Arrays.feature:312)
</div></td></tr></table><p class="totop"><a href="#summary">back to summary</a></p>
<h3 id="m13">com.dsalgo.automation.runners.TestRunner#runScenario</h3><table class="result"><tr class="param"><th>Parameter #1</th><th>Parameter #2</th></tr><tr class="param stripe"><td>&quot;Verify that user receives &quot;Submission Successful&quot; on submitting valid python code for &quot;Max Consecutive Ones&quot; question&quot;</td><td>&quot;Test Scenarios for Arrays&quot;</td></tr><tr><th colspan="2">Exception</th></tr><tr><td colspan="2"><div class="stacktrace">java.lang.AssertionError: Test case Failed: Out put from console is not matched with the expected output expected [] but found [Submission Successful]
	at org.testng.Assert.fail(Assert.java:99)
	at org.testng.Assert.failNotEquals(Assert.java:1037)
	at org.testng.Assert.assertEqualsImpl(Assert.java:140)
	at org.testng.Assert.assertEquals(Assert.java:122)
	at org.testng.Assert.assertEquals(Assert.java:629)
	at com.dsalgo.automation.stepdefinations.ArrayStepDef.the_user_is_not_able_to_see_Submission_success_message(ArrayStepDef.java:336)
	at ✽.The user is not able to see success message Submission successful(file:///Users/rajitha/DsAlgo/DSAlgo_March2025/src/test/resources/features/Arrays.feature:228)
</div></td></tr></table><p class="totop"><a href="#summary">back to summary</a></p>
<h3 id="m14">com.dsalgo.automation.runners.TestRunner#runScenario</h3><table class="result"><tr class="param"><th>Parameter #1</th><th>Parameter #2</th></tr><tr class="param stripe"><td>&quot;Verify that user is able to navigate to Practice questions page&quot;</td><td>&quot;Tree&quot;</td></tr><tr><th colspan="2">Exception</th></tr><tr><td colspan="2"><div class="stacktrace">java.lang.AssertionError: Test failed: Page is Empty.
	at com.dsalgo.automation.stepdefinations.CommonStepDef.then_the_user_should_be_navigated_to_practice_questions_page(CommonStepDef.java:46)
	at ✽.The User should be navigated to Practice Questions page(file:///Users/rajitha/DsAlgo/DSAlgo_March2025/src/test/resources/features/Tree.feature:21)
</div></td></tr></table><p class="totop"><a href="#summary">back to summary</a></p>
<h3 id="m15">com.dsalgo.automation.runners.TestRunner#runScenario</h3><table class="result"><tr class="param"><th>Parameter #1</th><th>Parameter #2</th></tr><tr class="param stripe"><td>&quot;Verify that user receives error message without entering any code in &quot;Squares of a Sorted Array&quot; editor and click on Submit button&quot;</td><td>&quot;Test Scenarios for Arrays&quot;</td></tr><tr><th colspan="2">Exception</th></tr><tr><td colspan="2"><div class="stacktrace">java.lang.AssertionError: Test Case Failed : Expected output is not matching with Actual output expected [ No tests were collected] but found [No tests were collected]
	at org.testng.Assert.fail(Assert.java:99)
	at org.testng.Assert.failNotEquals(Assert.java:1037)
	at org.testng.Assert.assertEqualsImpl(Assert.java:140)
	at org.testng.Assert.assertEquals(Assert.java:122)
	at org.testng.Assert.assertEquals(Assert.java:629)
	at com.dsalgo.automation.stepdefinations.ArrayStepDef.the_user_is_able_to_see_error_message_No_tests_were_Collected(ArrayStepDef.java:500)
	at ✽.The user should be able to see error message No tests were Collected(file:///Users/rajitha/DsAlgo/DSAlgo_March2025/src/test/resources/features/Arrays.feature:324)
</div></td></tr></table><p class="totop"><a href="#summary">back to summary</a></p>
<h3 id="m16">com.dsalgo.automation.runners.TestRunner#runScenario</h3><table class="result"><tr class="param"><th>Parameter #1</th><th>Parameter #2</th></tr><tr class="param stripe"><td>&quot;Verify that user receives error message for commonly used password field during registration&quot;</td><td>&quot;User Registration&quot;</td></tr><tr><th colspan="2">Exception</th></tr><tr><td colspan="2"><div class="stacktrace">java.lang.AssertionError: Test failed: Incorrect error message displayed.
	at com.dsalgo.automation.stepdefinations.RegisterStepDef.then_the_correct_error_message_is_not_displayed(RegisterStepDef.java:145)
	at ✽.The correct error message is not displayed(file:///Users/rajitha/DsAlgo/DSAlgo_March2025/src/test/resources/features/Register.feature:55)
</div></td></tr></table><p class="totop"><a href="#summary">back to summary</a></p>
<h3 id="m17">com.dsalgo.automation.runners.TestRunner#runScenario</h3><table class="result"><tr class="param"><th>Parameter #1</th><th>Parameter #2</th></tr><tr class="param stripe"><td>&quot;Verify that user is able to navigate to &quot;Squares of a Sorted Array&quot; Page from Practice question page of &quot;Arrays in Python&quot; page&quot;</td><td>&quot;Test Scenarios for Arrays&quot;</td></tr><tr><th colspan="2">Exception</th></tr><tr><td colspan="2"><div class="stacktrace">org.openqa.selenium.WebDriverException: Timed out waiting for driver server to shutdown.
Build info: version: &apos;4.31.0&apos;, revision: &apos;1ef9f18787*&apos;
System info: os.name: &apos;Mac OS X&apos;, os.arch: &apos;x86_64&apos;, os.version: &apos;14.6.1&apos;, java.version: &apos;23&apos;
Driver info: org.openqa.selenium.chrome.ChromeDriver
Command: [0e4aed5a208dfa20c08e44adf39c2e46, quit {}]
Capabilities {acceptInsecureCerts: false, browserName: chrome, browserVersion: 135.0.7049.96, chrome: {chromedriverVersion: 135.0.7049.95 (de2eb485a195..., userDataDir: /var/folders/c5/dbmv4z8n69j...}, fedcm:accounts: true, goog:chromeOptions: {debuggerAddress: localhost:51340}, networkConnectionEnabled: false, pageLoadStrategy: normal, platformName: mac, proxy: Proxy(), se:cdp: ws://localhost:51340/devtoo..., se:cdpVersion: 135.0.7049.96, setWindowRect: true, strictFileInteractability: false, timeouts: {implicit: 0, pageLoad: 300000, script: 30000}, unhandledPromptBehavior: dismiss and notify, webauthn:extension:credBlob: true, webauthn:extension:largeBlob: true, webauthn:extension:minPinLength: true, webauthn:extension:prf: true, webauthn:virtualAuthenticators: true}
Session ID: 0e4aed5a208dfa20c08e44adf39c2e46
	at org.openqa.selenium.remote.service.DriverService.stop(DriverService.java:312)
	at org.openqa.selenium.remote.service.DriverCommandExecutor.execute(DriverCommandExecutor.java:161)
	at org.openqa.selenium.remote.RemoteWebDriver.execute(RemoteWebDriver.java:545)
	at org.openqa.selenium.remote.RemoteWebDriver.execute(RemoteWebDriver.java:618)
	at org.openqa.selenium.remote.RemoteWebDriver.execute(RemoteWebDriver.java:622)
	at org.openqa.selenium.remote.RemoteWebDriver.quit(RemoteWebDriver.java:446)
	at org.openqa.selenium.chromium.ChromiumDriver.quit(ChromiumDriver.java:418)
	at com.dsalgo.automation.driver.DriverFactory.quitDriver(DriverFactory.java:60)
	at com.dsalgo.automation.hooks.Hooks.tearDownFreshBrowser(Hooks.java:50)
Caused by: org.openqa.selenium.net.UrlChecker$TimeoutException: Timed out waiting for http://localhost:2732/shutdown to become unavailable after 3849 ms
	at org.openqa.selenium.net.UrlChecker.waitUntilUnavailable(UrlChecker.java:151)
	at org.openqa.selenium.remote.service.DriverService.stop(DriverService.java:303)
	... 8 more
Caused by: java.util.concurrent.TimeoutException
	at java.base/java.util.concurrent.FutureTask.get(FutureTask.java:204)
	at org.openqa.selenium.net.UrlChecker.waitUntilUnavailable(UrlChecker.java:144)
	... 9 more
</div></td></tr></table><p class="totop"><a href="#summary">back to summary</a></p>
<h3 id="m18">com.dsalgo.automation.runners.TestRunner#runScenario</h3><table class="result"><tr class="param"><th>Parameter #1</th><th>Parameter #2</th></tr><tr class="param stripe"><td>&quot;Verify that user receives error on submitting invalid python code for &quot;Search the array&quot; question&quot;</td><td>&quot;Test Scenarios for Arrays&quot;</td></tr><tr><th colspan="2">Exception</th></tr><tr><td colspan="2"><div class="stacktrace">org.openqa.selenium.NoSuchElementException: no such element: Unable to locate element: {&quot;method&quot;:&quot;xpath&quot;,&quot;selector&quot;:&quot;//pre[text()=&quot;Error occurred during submission&quot;]&quot;}
  (Session info: chrome=135.0.7049.96)
For documentation on this error, please visit: https://www.selenium.dev/documentation/webdriver/troubleshooting/errors#no-such-element-exception
Build info: version: &apos;4.31.0&apos;, revision: &apos;1ef9f18787*&apos;
System info: os.name: &apos;Mac OS X&apos;, os.arch: &apos;x86_64&apos;, os.version: &apos;14.6.1&apos;, java.version: &apos;23&apos;
Driver info: org.openqa.selenium.chrome.ChromeDriver
Command: [180c0d8ace81bf614ac3eb7a7be3c007, findElement {using=xpath, value=//pre[text()=&quot;Error occurred during submission&quot;]}]
Capabilities {acceptInsecureCerts: false, browserName: chrome, browserVersion: 135.0.7049.96, chrome: {chromedriverVersion: 135.0.7049.95 (de2eb485a195..., userDataDir: /var/folders/c5/dbmv4z8n69j...}, fedcm:accounts: true, goog:chromeOptions: {debuggerAddress: localhost:51040}, networkConnectionEnabled: false, pageLoadStrategy: normal, platformName: mac, proxy: Proxy(), se:cdp: ws://localhost:51040/devtoo..., se:cdpVersion: 135.0.7049.96, setWindowRect: true, strictFileInteractability: false, timeouts: {implicit: 0, pageLoad: 300000, script: 30000}, unhandledPromptBehavior: dismiss and notify, webauthn:extension:credBlob: true, webauthn:extension:largeBlob: true, webauthn:extension:minPinLength: true, webauthn:extension:prf: true, webauthn:virtualAuthenticators: true}
Session ID: 180c0d8ace81bf614ac3eb7a7be3c007
	at java.base/jdk.internal.reflect.DirectConstructorHandleAccessor.newInstance(DirectConstructorHandleAccessor.java:62)
	at java.base/java.lang.reflect.Constructor.newInstanceWithCaller(Constructor.java:501)
	at java.base/java.lang.reflect.Constructor.newInstance(Constructor.java:485)
	at org.openqa.selenium.remote.ErrorCodec.decode(ErrorCodec.java:167)
	at org.openqa.selenium.remote.codec.w3c.W3CHttpResponseCodec.decode(W3CHttpResponseCodec.java:138)
	at org.openqa.selenium.remote.codec.w3c.W3CHttpResponseCodec.decode(W3CHttpResponseCodec.java:50)
	at org.openqa.selenium.remote.HttpCommandExecutor.execute(HttpCommandExecutor.java:215)
	at org.openqa.selenium.remote.service.DriverCommandExecutor.invokeExecute(DriverCommandExecutor.java:216)
	at org.openqa.selenium.remote.service.DriverCommandExecutor.execute(DriverCommandExecutor.java:174)
	at org.openqa.selenium.remote.RemoteWebDriver.execute(RemoteWebDriver.java:545)
	at org.openqa.selenium.remote.ElementLocation$ElementFinder$2.findElement(ElementLocation.java:165)
	at org.openqa.selenium.remote.ElementLocation.findElement(ElementLocation.java:59)
	at org.openqa.selenium.remote.RemoteWebDriver.findElement(RemoteWebDriver.java:368)
	at org.openqa.selenium.remote.RemoteWebDriver.findElement(RemoteWebDriver.java:362)
	at org.openqa.selenium.support.pagefactory.DefaultElementLocator.findElement(DefaultElementLocator.java:68)
	at org.openqa.selenium.support.pagefactory.internal.LocatingElementHandler.invoke(LocatingElementHandler.java:38)
	at jdk.proxy2/jdk.proxy2.$Proxy44.getText(Unknown Source)
	at com.dsalgo.automation.pages.ArrayPage.verifyOutputError(ArrayPage.java:118)
	at com.dsalgo.automation.stepdefinations.ArrayStepDef.the_user_see_an_error_message(ArrayStepDef.java:320)
	at ✽.The user see an error message Error occurred during submission(file:///Users/rajitha/DsAlgo/DSAlgo_March2025/src/test/resources/features/Arrays.feature:180)
</div></td></tr></table><p class="totop"><a href="#summary">back to summary</a></p>
<h3 id="m19">com.dsalgo.automation.runners.TestRunner#runScenario</h3><table class="result"><tr class="param"><th>Parameter #1</th><th>Parameter #2</th></tr><tr class="param stripe"><td>&quot;Verify that user is able to navigate to Practice questions page&quot;</td><td>&quot;Tree&quot;</td></tr><tr><th colspan="2">Exception</th></tr><tr><td colspan="2"><div class="stacktrace">java.lang.AssertionError: Test failed: Page is Empty.
	at com.dsalgo.automation.stepdefinations.CommonStepDef.then_the_user_should_be_navigated_to_practice_questions_page(CommonStepDef.java:46)
	at ✽.The User should be navigated to Practice Questions page(file:///Users/rajitha/DsAlgo/DSAlgo_March2025/src/test/resources/features/Tree.feature:229)
</div></td></tr></table><p class="totop"><a href="#summary">back to summary</a></p>
<h3 id="m20">com.dsalgo.automation.runners.TestRunner#runScenario</h3><table class="result"><tr class="param"><th>Parameter #1</th><th>Parameter #2</th></tr><tr class="param stripe"><td>&quot;Verify that user is able to navigate to Practice questions page&quot;</td><td>&quot;Tree&quot;</td></tr><tr><th colspan="2">Exception</th></tr><tr><td colspan="2"><div class="stacktrace">java.lang.AssertionError: Test failed: Page is Empty.
	at com.dsalgo.automation.stepdefinations.CommonStepDef.then_the_user_should_be_navigated_to_practice_questions_page(CommonStepDef.java:46)
	at ✽.The User should be navigated to Practice Questions page(file:///Users/rajitha/DsAlgo/DSAlgo_March2025/src/test/resources/features/Tree.feature:417)
</div></td></tr></table><p class="totop"><a href="#summary">back to summary</a></p>
<h3 id="m21">com.dsalgo.automation.runners.TestRunner#runScenario</h3><table class="result"><tr class="param"><th>Parameter #1</th><th>Parameter #2</th></tr><tr class="param stripe"><td>&quot;Verify that user is able to navigate to Practice questions page&quot;</td><td>&quot;Tree&quot;</td></tr><tr><th colspan="2">Exception</th></tr><tr><td colspan="2"><div class="stacktrace">java.lang.AssertionError: Test failed: Page is Empty.
	at com.dsalgo.automation.stepdefinations.CommonStepDef.then_the_user_should_be_navigated_to_practice_questions_page(CommonStepDef.java:46)
	at ✽.The User should be navigated to Practice Questions page(file:///Users/rajitha/DsAlgo/DSAlgo_March2025/src/test/resources/features/Tree.feature:85)
</div></td></tr></table><p class="totop"><a href="#summary">back to summary</a></p>
<h3 id="m22">com.dsalgo.automation.runners.TestRunner#runScenario</h3><table class="result"><tr class="param"><th>Parameter #1</th><th>Parameter #2</th></tr><tr class="param stripe"><td>&quot;Verify that user is able to navigate to Practice questions page&quot;</td><td>&quot;Tree&quot;</td></tr><tr><th colspan="2">Exception</th></tr><tr><td colspan="2"><div class="stacktrace">java.lang.AssertionError: Test failed: Page is Empty.
	at com.dsalgo.automation.stepdefinations.CommonStepDef.then_the_user_should_be_navigated_to_practice_questions_page(CommonStepDef.java:46)
	at ✽.The User should be navigated to Practice Questions page(file:///Users/rajitha/DsAlgo/DSAlgo_March2025/src/test/resources/features/Tree.feature:157)
</div></td></tr></table><p class="totop"><a href="#summary">back to summary</a></p>
<h3 id="m23">com.dsalgo.automation.runners.TestRunner#runScenario</h3><table class="result"><tr class="param"><th>Parameter #1</th><th>Parameter #2</th></tr><tr class="param stripe"><td>&quot;Verify that user views Data Structures dropdown options before sign in&quot;</td><td>&quot;Access dsAlgo Portal&quot;</td></tr><tr><th colspan="2">Exception</th></tr><tr><td colspan="2"><div class="stacktrace">java.lang.AssertionError: Expected &apos;Data Structure Introduction&apos; to be visible, but it was not. expected [true] but found [false]
	at org.testng.Assert.fail(Assert.java:99)
	at org.testng.Assert.failNotEquals(Assert.java:1037)
	at org.testng.Assert.assertTrue(Assert.java:45)
	at com.dsalgo.automation.stepdefinations.HomeStepDef.the_user_is_not_able_to_see_data_structure_introduction_in_the_dropdown(HomeStepDef.java:68)
	at ✽.the user is not able to see Data Structure Introduction in the dropdown(file:///Users/rajitha/DsAlgo/DSAlgo_March2025/src/test/resources/features/home.feature:15)
</div></td></tr></table><p class="totop"><a href="#summary">back to summary</a></p>
<h3 id="m24">com.dsalgo.automation.runners.TestRunner#runScenario</h3><table class="result"><tr class="param"><th>Parameter #1</th><th>Parameter #2</th></tr><tr class="param stripe"><td>&quot;Verify that the user can open the dsAlgo Portal&quot;</td><td>&quot;Access dsAlgo Portal&quot;</td></tr><tr><th colspan="2">Exception</th></tr><tr><td colspan="2"><div class="stacktrace">org.openqa.selenium.WebDriverException: Timed out waiting for driver server to shutdown.
Build info: version: &apos;4.31.0&apos;, revision: &apos;1ef9f18787*&apos;
System info: os.name: &apos;Mac OS X&apos;, os.arch: &apos;x86_64&apos;, os.version: &apos;14.6.1&apos;, java.version: &apos;23&apos;
Driver info: org.openqa.selenium.chrome.ChromeDriver
Command: [f51a1c564c4abb73bff9aeaeca5e4a70, quit {}]
Capabilities {acceptInsecureCerts: false, browserName: chrome, browserVersion: 135.0.7049.96, chrome: {chromedriverVersion: 135.0.7049.95 (de2eb485a195..., userDataDir: /var/folders/c5/dbmv4z8n69j...}, fedcm:accounts: true, goog:chromeOptions: {debuggerAddress: localhost:54644}, networkConnectionEnabled: false, pageLoadStrategy: normal, platformName: mac, proxy: Proxy(), se:cdp: ws://localhost:54644/devtoo..., se:cdpVersion: 135.0.7049.96, setWindowRect: true, strictFileInteractability: false, timeouts: {implicit: 0, pageLoad: 300000, script: 30000}, unhandledPromptBehavior: dismiss and notify, webauthn:extension:credBlob: true, webauthn:extension:largeBlob: true, webauthn:extension:minPinLength: true, webauthn:extension:prf: true, webauthn:virtualAuthenticators: true}
Session ID: f51a1c564c4abb73bff9aeaeca5e4a70
	at org.openqa.selenium.remote.service.DriverService.stop(DriverService.java:312)
	at org.openqa.selenium.remote.service.DriverCommandExecutor.execute(DriverCommandExecutor.java:161)
	at org.openqa.selenium.remote.RemoteWebDriver.execute(RemoteWebDriver.java:545)
	at org.openqa.selenium.remote.RemoteWebDriver.execute(RemoteWebDriver.java:618)
	at org.openqa.selenium.remote.RemoteWebDriver.execute(RemoteWebDriver.java:622)
	at org.openqa.selenium.remote.RemoteWebDriver.quit(RemoteWebDriver.java:446)
	at org.openqa.selenium.chromium.ChromiumDriver.quit(ChromiumDriver.java:418)
	at com.dsalgo.automation.driver.DriverFactory.quitDriver(DriverFactory.java:60)
	at com.dsalgo.automation.hooks.Hooks.tearDownFreshBrowser(Hooks.java:50)
Caused by: org.openqa.selenium.net.UrlChecker$TimeoutException: Timed out waiting for http://localhost:8220/shutdown to become unavailable after 3141 ms
	at org.openqa.selenium.net.UrlChecker.waitUntilUnavailable(UrlChecker.java:151)
	at org.openqa.selenium.remote.service.DriverService.stop(DriverService.java:303)
	... 8 more
Caused by: java.util.concurrent.TimeoutException
	at java.base/java.util.concurrent.FutureTask.get(FutureTask.java:204)
	at org.openqa.selenium.net.UrlChecker.waitUntilUnavailable(UrlChecker.java:144)
	... 9 more
</div></td></tr></table><p class="totop"><a href="#summary">back to summary</a></p>
<h3 id="m25">com.dsalgo.automation.runners.TestRunner#runScenario</h3><table class="result"><tr class="param"><th>Parameter #1</th><th>Parameter #2</th></tr><tr class="param stripe"><td>&quot;Verify that user views Data Structures dropdown options after sign in&quot;</td><td>&quot;Access dsAlgo Portal&quot;</td></tr><tr><th colspan="2">Exception</th></tr><tr><td colspan="2"><div class="stacktrace">java.lang.AssertionError:  Missing menu item: Data Structure Introduction expected [true] but found [false]
	at org.testng.Assert.fail(Assert.java:99)
	at org.testng.Assert.failNotEquals(Assert.java:1037)
	at org.testng.Assert.assertTrue(Assert.java:45)
	at com.dsalgo.automation.stepdefinations.HomeStepDef.dropdown_submenus_should_match_expected_items(HomeStepDef.java:132)
	at ✽.the dropdown submenus should match the expected items from &quot;dropdown&quot; sheet(file:///Users/rajitha/DsAlgo/DSAlgo_March2025/src/test/resources/features/home.feature:85)
</div></td></tr></table><p class="totop"><a href="#summary">back to summary</a></p>
<h3 id="m26">com.dsalgo.automation.runners.TestRunner#runScenario</h3><table class="result"><tr class="param"><th>Parameter #1</th><th>Parameter #2</th></tr><tr class="param stripe"><td>&quot;Verify that user receives error message for password too similar to username field during registration&quot;</td><td>&quot;User Registration&quot;</td></tr><tr><th colspan="2">Exception</th></tr><tr><td colspan="2"><div class="stacktrace">java.lang.AssertionError: Test failed: Incorrect error message displayed.
	at com.dsalgo.automation.stepdefinations.RegisterStepDef.then_the_correct_error_message_is_not_displayed(RegisterStepDef.java:145)
	at ✽.The correct error message is not displayed(file:///Users/rajitha/DsAlgo/DSAlgo_March2025/src/test/resources/features/Register.feature:40)
</div></td></tr></table><p class="totop"><a href="#summary">back to summary</a></p>
<h3 id="m27">com.dsalgo.automation.runners.TestRunner#runScenario</h3><table class="result"><tr class="param"><th>Parameter #1</th><th>Parameter #2</th></tr><tr class="param stripe"><td>&quot;Verify TryEditor with valid code&quot;</td><td>&quot;Tree&quot;</td></tr><tr><th colspan="2">Exception</th></tr><tr><td colspan="2"><div class="stacktrace">org.openqa.selenium.WebDriverException: Timed out waiting for driver server to shutdown.
Build info: version: &apos;4.31.0&apos;, revision: &apos;1ef9f18787*&apos;
System info: os.name: &apos;Mac OS X&apos;, os.arch: &apos;x86_64&apos;, os.version: &apos;14.6.1&apos;, java.version: &apos;23&apos;
Driver info: org.openqa.selenium.chrome.ChromeDriver
Command: [eb5c6c14479b986334627017e24c5578, quit {}]
Capabilities {acceptInsecureCerts: false, browserName: chrome, browserVersion: 135.0.7049.96, chrome: {chromedriverVersion: 135.0.7049.95 (de2eb485a195..., userDataDir: /var/folders/c5/dbmv4z8n69j...}, fedcm:accounts: true, goog:chromeOptions: {debuggerAddress: localhost:53784}, networkConnectionEnabled: false, pageLoadStrategy: normal, platformName: mac, proxy: Proxy(), se:cdp: ws://localhost:53784/devtoo..., se:cdpVersion: 135.0.7049.96, setWindowRect: true, strictFileInteractability: false, timeouts: {implicit: 0, pageLoad: 300000, script: 30000}, unhandledPromptBehavior: dismiss and notify, webauthn:extension:credBlob: true, webauthn:extension:largeBlob: true, webauthn:extension:minPinLength: true, webauthn:extension:prf: true, webauthn:virtualAuthenticators: true}
Session ID: eb5c6c14479b986334627017e24c5578
	at org.openqa.selenium.remote.service.DriverService.stop(DriverService.java:312)
	at org.openqa.selenium.remote.service.DriverCommandExecutor.execute(DriverCommandExecutor.java:161)
	at org.openqa.selenium.remote.RemoteWebDriver.execute(RemoteWebDriver.java:545)
	at org.openqa.selenium.remote.RemoteWebDriver.execute(RemoteWebDriver.java:618)
	at org.openqa.selenium.remote.RemoteWebDriver.execute(RemoteWebDriver.java:622)
	at org.openqa.selenium.remote.RemoteWebDriver.quit(RemoteWebDriver.java:446)
	at org.openqa.selenium.chromium.ChromiumDriver.quit(ChromiumDriver.java:418)
	at com.dsalgo.automation.driver.DriverFactory.quitDriver(DriverFactory.java:60)
	at com.dsalgo.automation.hooks.Hooks.tearDownFreshBrowser(Hooks.java:50)
Caused by: org.openqa.selenium.net.UrlChecker$TimeoutException: Timed out waiting for http://localhost:46917/shutdown to become unavailable after 3219 ms
	at org.openqa.selenium.net.UrlChecker.waitUntilUnavailable(UrlChecker.java:151)
	at org.openqa.selenium.remote.service.DriverService.stop(DriverService.java:303)
	... 8 more
Caused by: java.util.concurrent.TimeoutException
	at java.base/java.util.concurrent.FutureTask.get(FutureTask.java:204)
	at org.openqa.selenium.net.UrlChecker.waitUntilUnavailable(UrlChecker.java:144)
	... 9 more
</div></td></tr></table><p class="totop"><a href="#summary">back to summary</a></p>
<h3 id="m28">com.dsalgo.automation.runners.TestRunner#runScenario</h3><table class="result"><tr class="param"><th>Parameter #1</th><th>Parameter #2</th></tr><tr class="param stripe"><td>&quot;Verify that user is able to navigate to &quot;doubly linked list page&quot; upon clicking the hyperlink from Types of Linked List page&quot;</td><td>&quot;Test Scenarios for Linked List Module&quot;</td></tr><tr><th colspan="2">Exception</th></tr><tr><td colspan="2"><div class="stacktrace">java.lang.AssertionError: &quot;Test failed:Page title is not matched with Actual Title expected [doubly linked list] but found [www.javatpoint.com]
	at org.testng.Assert.fail(Assert.java:99)
	at org.testng.Assert.failNotEquals(Assert.java:1037)
	at org.testng.Assert.assertEqualsImpl(Assert.java:140)
	at org.testng.Assert.assertEquals(Assert.java:122)
	at org.testng.Assert.assertEquals(Assert.java:629)
	at com.dsalgo.automation.stepdefinations.LinkedListStepDef.the_user_should_be_redirected_to_doubly_Linked_List_page(LinkedListStepDef.java:181)
	at ✽.The user should be redirected to doubly linked list page(file:///Users/rajitha/DsAlgo/DSAlgo_March2025/src/test/resources/features/LinkedList.feature:114)
</div></td></tr></table><p class="totop"><a href="#summary">back to summary</a></p>
<h3 id="m29">com.dsalgo.automation.runners.TestRunner#runScenario</h3><table class="result"><tr class="param"><th>Parameter #1</th><th>Parameter #2</th></tr><tr class="param stripe"><td>&quot;Verify that user is able to navigate to Practice questions page&quot;</td><td>&quot;Tree&quot;</td></tr><tr><th colspan="2">Exception</th></tr><tr><td colspan="2"><div class="stacktrace">java.lang.AssertionError: Test failed: Page is Empty.
	at com.dsalgo.automation.stepdefinations.CommonStepDef.then_the_user_should_be_navigated_to_practice_questions_page(CommonStepDef.java:46)
	at ✽.The User should be navigated to Practice Questions page(file:///Users/rajitha/DsAlgo/DSAlgo_March2025/src/test/resources/features/Tree.feature:353)
</div></td></tr></table><p class="totop"><a href="#summary">back to summary</a></p>
<h3 id="m30">com.dsalgo.automation.runners.TestRunner#runScenario</h3><table class="result"><tr class="param"><th>Parameter #1</th><th>Parameter #2</th></tr><tr class="param stripe"><td>&quot;Verify that user is able to navigate to Practice questions page&quot;</td><td>&quot;Queue&quot;</td></tr><tr><th colspan="2">Exception</th></tr><tr><td colspan="2"><div class="stacktrace">java.lang.AssertionError: Test failed: Page is Empty.
	at com.dsalgo.automation.stepdefinations.CommonStepDef.then_the_user_should_be_navigated_to_practice_questions_page(CommonStepDef.java:46)
	at ✽.The User should be navigated to Practice Questions page(file:///Users/rajitha/DsAlgo/DSAlgo_March2025/src/test/resources/features/Queue.feature:77)
</div></td></tr></table><p class="totop"><a href="#summary">back to summary</a></p>
<h3 id="m31">com.dsalgo.automation.runners.TestRunner#runScenario</h3><table class="result"><tr class="param"><th>Parameter #1</th><th>Parameter #2</th></tr><tr class="param stripe"><td>&quot;Verify that user receives error message on submitting invalid python code for &quot;Squares of a Sorted Array&quot; question&quot;</td><td>&quot;Test Scenarios for Arrays&quot;</td></tr><tr><th colspan="2">Exception</th></tr><tr><td colspan="2"><div class="stacktrace">java.lang.AssertionError: Test Case Failed : Expected output is not matching with Actual output expected [ No tests were collected] but found [No tests were collected]
	at org.testng.Assert.fail(Assert.java:99)
	at org.testng.Assert.failNotEquals(Assert.java:1037)
	at org.testng.Assert.assertEqualsImpl(Assert.java:140)
	at org.testng.Assert.assertEquals(Assert.java:122)
	at org.testng.Assert.assertEquals(Assert.java:629)
	at com.dsalgo.automation.stepdefinations.ArrayStepDef.the_user_is_able_to_see_error_message_No_tests_were_Collected(ArrayStepDef.java:500)
	at ✽.The user should be able to see error message No tests were Collected(file:///Users/rajitha/DsAlgo/DSAlgo_March2025/src/test/resources/features/Arrays.feature:306)
</div></td></tr></table><p class="totop"><a href="#summary">back to summary</a></p>
<h3 id="m32">com.dsalgo.automation.runners.TestRunner#runScenario</h3><table class="result"><tr class="param"><th>Parameter #1</th><th>Parameter #2</th></tr><tr class="param stripe"><td>&quot;User navigates to &quot;Practice Questions&quot; page&quot;</td><td>&quot;Navigation to Graph Data Structure Page&quot;</td></tr><tr><th colspan="2">Exception</th></tr><tr><td colspan="2"><div class="stacktrace">java.lang.AssertionError: The Practice Questions page is blank.No content Found expected [true] but found [false]
	at org.testng.Assert.fail(Assert.java:99)
	at org.testng.Assert.failNotEquals(Assert.java:1037)
	at org.testng.Assert.assertTrue(Assert.java:45)
	at com.dsalgo.automation.stepdefinations.DataStructureStepDef.user_is_redirected_to_blank_practice_questions_page(DataStructureStepDef.java:157)
	at ✽.the user is redirected to the blank page of &quot;graph&quot; &quot;Practice Questions&quot;(file:///Users/rajitha/DsAlgo/DSAlgo_March2025/src/test/resources/features/graph.feature:58)
</div></td></tr></table><p class="totop"><a href="#summary">back to summary</a></p>
<h3 id="m33">com.dsalgo.automation.runners.TestRunner#runScenario</h3><table class="result"><tr class="param"><th>Parameter #1</th><th>Parameter #2</th></tr><tr class="param stripe"><td>&quot;Verify that user receives error message for password field with less than eight characters during registration&quot;</td><td>&quot;User Registration&quot;</td></tr><tr><th colspan="2">Exception</th></tr><tr><td colspan="2"><div class="stacktrace">java.lang.AssertionError: Test failed: Incorrect error message displayed.
	at com.dsalgo.automation.stepdefinations.RegisterStepDef.then_the_correct_error_message_is_not_displayed(RegisterStepDef.java:145)
	at ✽.The correct error message is not displayed(file:///Users/rajitha/DsAlgo/DSAlgo_March2025/src/test/resources/features/Register.feature:45)
</div></td></tr></table><p class="totop"><a href="#summary">back to summary</a></p>
<h3 id="m34">com.dsalgo.automation.runners.TestRunner#runScenario</h3><table class="result"><tr class="param"><th>Parameter #1</th><th>Parameter #2</th></tr><tr class="param stripe"><td>&quot;Verify that user is able to navigate to Implementation in Python page&quot;</td><td>&quot;Tree&quot;</td></tr><tr><th colspan="2">Exception</th></tr><tr><td colspan="2"><div class="stacktrace">org.openqa.selenium.WebDriverException: Timed out waiting for driver server to shutdown.
Build info: version: &apos;4.31.0&apos;, revision: &apos;1ef9f18787*&apos;
System info: os.name: &apos;Mac OS X&apos;, os.arch: &apos;x86_64&apos;, os.version: &apos;14.6.1&apos;, java.version: &apos;23&apos;
Driver info: org.openqa.selenium.chrome.ChromeDriver
Command: [55a185b2c58bd9b61986084ee1246829, quit {}]
Capabilities {acceptInsecureCerts: false, browserName: chrome, browserVersion: 135.0.7049.96, chrome: {chromedriverVersion: 135.0.7049.95 (de2eb485a195..., userDataDir: /var/folders/c5/dbmv4z8n69j...}, fedcm:accounts: true, goog:chromeOptions: {debuggerAddress: localhost:53698}, networkConnectionEnabled: false, pageLoadStrategy: normal, platformName: mac, proxy: Proxy(), se:cdp: ws://localhost:53698/devtoo..., se:cdpVersion: 135.0.7049.96, setWindowRect: true, strictFileInteractability: false, timeouts: {implicit: 0, pageLoad: 300000, script: 30000}, unhandledPromptBehavior: dismiss and notify, webauthn:extension:credBlob: true, webauthn:extension:largeBlob: true, webauthn:extension:minPinLength: true, webauthn:extension:prf: true, webauthn:virtualAuthenticators: true}
Session ID: 55a185b2c58bd9b61986084ee1246829
	at org.openqa.selenium.remote.service.DriverService.stop(DriverService.java:312)
	at org.openqa.selenium.remote.service.DriverCommandExecutor.execute(DriverCommandExecutor.java:161)
	at org.openqa.selenium.remote.RemoteWebDriver.execute(RemoteWebDriver.java:545)
	at org.openqa.selenium.remote.RemoteWebDriver.execute(RemoteWebDriver.java:618)
	at org.openqa.selenium.remote.RemoteWebDriver.execute(RemoteWebDriver.java:622)
	at org.openqa.selenium.remote.RemoteWebDriver.quit(RemoteWebDriver.java:446)
	at org.openqa.selenium.chromium.ChromiumDriver.quit(ChromiumDriver.java:418)
	at com.dsalgo.automation.driver.DriverFactory.quitDriver(DriverFactory.java:60)
	at com.dsalgo.automation.hooks.Hooks.tearDownFreshBrowser(Hooks.java:50)
Caused by: org.openqa.selenium.net.UrlChecker$TimeoutException: Timed out waiting for http://localhost:15191/shutdown to become unavailable after 3376 ms
	at org.openqa.selenium.net.UrlChecker.waitUntilUnavailable(UrlChecker.java:151)
	at org.openqa.selenium.remote.service.DriverService.stop(DriverService.java:303)
	... 8 more
Caused by: java.util.concurrent.TimeoutException
	at java.base/java.util.concurrent.FutureTask.get(FutureTask.java:204)
	at org.openqa.selenium.net.UrlChecker.waitUntilUnavailable(UrlChecker.java:144)
	... 9 more
</div></td></tr></table><p class="totop"><a href="#summary">back to summary</a></p>
<h3 id="m35">com.dsalgo.automation.runners.TestRunner#runScenario</h3><table class="result"><tr class="param"><th>Parameter #1</th><th>Parameter #2</th></tr><tr class="param stripe"><td>&quot;Verrify that user navigates to Practice Questions page&quot;</td><td>&quot;Navigation to Data Structures - Introduction Page&quot;</td></tr><tr><th colspan="2">Exception</th></tr><tr><td colspan="2"><div class="stacktrace">java.lang.AssertionError: The Practice Questions page is blank.No content Found expected [true] but found [false]
	at org.testng.Assert.fail(Assert.java:99)
	at org.testng.Assert.failNotEquals(Assert.java:1037)
	at org.testng.Assert.assertTrue(Assert.java:45)
	at com.dsalgo.automation.stepdefinations.DataStructureStepDef.user_is_redirected_to_blank_practice_questions_page(DataStructureStepDef.java:150)
	at ✽.the user is redirected to the blank page of &quot;data structures-introduction&quot; &quot;Practice Questions&quot;(file:///Users/rajitha/DsAlgo/DSAlgo_March2025/src/test/resources/features/datastructure.feature:20)
</div></td></tr></table><p class="totop"><a href="#summary">back to summary</a></p>
<h3 id="m36">com.dsalgo.automation.runners.TestRunner#runScenario</h3><table class="result"><tr class="param"><th>Parameter #1</th><th>Parameter #2</th></tr><tr class="param stripe"><td>&quot;Verify that an error is displayed when no code is entered and the Run button is clicked&quot;</td><td>&quot;Navigation to Data Structures - Introduction Page&quot;</td></tr><tr><th colspan="2">Exception</th></tr><tr><td colspan="2"><div class="stacktrace">java.lang.AssertionError: No error message displayed. expected [false] but found [true]
	at org.testng.Assert.fail(Assert.java:99)
	at org.testng.Assert.failNotEquals(Assert.java:1037)
	at org.testng.Assert.assertFalse(Assert.java:67)
	at com.dsalgo.automation.stepdefinations.DataStructureStepDef.the_user_should_see_an_error_message(DataStructureStepDef.java:229)
	at ✽.the user should see an error message(file:///Users/rajitha/DsAlgo/DSAlgo_March2025/src/test/resources/features/datastructure.feature:31)
</div></td></tr></table><p class="totop"><a href="#summary">back to summary</a></p>
<h3 id="m37">com.dsalgo.automation.runners.TestRunner#runScenario</h3><table class="result"><tr class="param"><th>Parameter #1</th><th>Parameter #2</th></tr><tr class="param stripe"><td>&quot;Verify that the user is able to be redirected to the home page&quot;</td><td>&quot;Navigation to Sign-In Page&quot;</td></tr><tr><th colspan="2">Exception</th></tr><tr><td colspan="2"><div class="stacktrace">java.lang.AssertionError:  User was not redirected to the Home page. expected [https://dsportalapp.herokuapp.com/home] but found [https://dsportalapp.herokuapp.com/]
	at org.testng.Assert.fail(Assert.java:99)
	at org.testng.Assert.failNotEquals(Assert.java:1037)
	at org.testng.Assert.assertEqualsImpl(Assert.java:140)
	at org.testng.Assert.assertEquals(Assert.java:122)
	at org.testng.Assert.assertEquals(Assert.java:629)
	at com.dsalgo.automation.stepdefinations.LoginStepDef.the_user_should_be_redirected_to_the_home_page(LoginStepDef.java:156)
	at ✽.the user should be redirected to the home page(file:///Users/rajitha/DsAlgo/DSAlgo_March2025/src/test/resources/features/login.feature:41)
</div></td></tr></table><p class="totop"><a href="#summary">back to summary</a></p>
<h3 id="m38">com.dsalgo.automation.runners.TestRunner#runScenario</h3><table class="result"><tr class="param"><th>Parameter #1</th><th>Parameter #2</th></tr><tr class="param stripe"><td>&quot;Verify that user is able to land on Homepage after registration with valid fields&quot;</td><td>&quot;User Registration&quot;</td></tr><tr><th colspan="2">Exception</th></tr><tr><td colspan="2"><div class="stacktrace">java.lang.AssertionError: expected [password_mismatch:The two password fields didn’t match.] but found [New Account Created. You are logged in as abc@testers.com]
	at org.testng.Assert.fail(Assert.java:99)
	at org.testng.Assert.failNotEquals(Assert.java:1037)
	at org.testng.Assert.assertEqualsImpl(Assert.java:140)
	at org.testng.Assert.assertEquals(Assert.java:122)
	at org.testng.Assert.assertEquals(Assert.java:629)
	at org.testng.Assert.assertEquals(Assert.java:639)
	at com.dsalgo.automation.stepdefinations.RegisterStepDef.then_the_user_should_be_redirected_to_home_page_of_ds_algo_with_message(RegisterStepDef.java:210)
	at ✽.The user should be redirected to Home Page of DS Algo with message &quot;New Account Created. You are logged in as &quot;(file:///Users/rajitha/DsAlgo/DSAlgo_March2025/src/test/resources/features/Register.feature:65)
</div></td></tr></table><p class="totop"><a href="#summary">back to summary</a></p>
<h3 id="m39">com.dsalgo.automation.runners.TestRunner#runScenario</h3><table class="result"><tr class="param"><th>Parameter #1</th><th>Parameter #2</th></tr><tr class="param stripe"><td>&quot;Verify that user is able to navigate to &quot;type of the linked list page&quot; upon clicking the hyperlink from Types of Linked List page&quot;</td><td>&quot;Test Scenarios for Linked List Module&quot;</td></tr><tr><th colspan="2">Exception</th></tr><tr><td colspan="2"><div class="stacktrace">java.lang.AssertionError: Test Case Failed: Title of the page is not matched with Expected Title expected [www.javatpoint.com] but found [type of the linked list]
	at org.testng.Assert.fail(Assert.java:99)
	at org.testng.Assert.failNotEquals(Assert.java:1037)
	at org.testng.Assert.assertEqualsImpl(Assert.java:140)
	at org.testng.Assert.assertEquals(Assert.java:122)
	at org.testng.Assert.assertEquals(Assert.java:629)
	at com.dsalgo.automation.stepdefinations.LinkedListStepDef.the_user_should_be_redirected_to_typesof_Linked_List_page_through_link(LinkedListStepDef.java:196)
	at ✽.The user should be redirected to type of the linked list page(file:///Users/rajitha/DsAlgo/DSAlgo_March2025/src/test/resources/features/LinkedList.feature:120)
</div></td></tr></table><p class="totop"><a href="#summary">back to summary</a></p>
<h3 id="m40">com.dsalgo.automation.runners.TestRunner#runScenario</h3><table class="result"><tr class="param"><th>Parameter #1</th><th>Parameter #2</th></tr><tr class="param stripe"><td>&quot;Verify that an error is displayed when no code is entered and the Run button is clicked&quot;</td><td>&quot;Navigation to Graph Data Structure Page&quot;</td></tr><tr><th colspan="2">Exception</th></tr><tr><td colspan="2"><div class="stacktrace">java.lang.AssertionError: No error message displayed. expected [false] but found [true]
	at org.testng.Assert.fail(Assert.java:99)
	at org.testng.Assert.failNotEquals(Assert.java:1037)
	at org.testng.Assert.assertFalse(Assert.java:67)
	at com.dsalgo.automation.stepdefinations.GraphStepDef.the_user_should_see_error_message_for_graph(GraphStepDef.java:88)
	at ✽.the user should see an error message for graph(file:///Users/rajitha/DsAlgo/DSAlgo_March2025/src/test/resources/features/graph.feature:26)
</div></td></tr></table><p class="totop"><a href="#summary">back to summary</a></p>
<h3 id="m41">com.dsalgo.automation.runners.TestRunner#runScenario</h3><table class="result"><tr class="param"><th>Parameter #1</th><th>Parameter #2</th></tr><tr class="param stripe"><td>&quot;Verify that user is able to navigate to Practice questions page&quot;</td><td>&quot;Tree&quot;</td></tr><tr><th colspan="2">Exception</th></tr><tr><td colspan="2"><div class="stacktrace">java.lang.AssertionError: Test failed: Page is Empty.
	at com.dsalgo.automation.stepdefinations.CommonStepDef.then_the_user_should_be_navigated_to_practice_questions_page(CommonStepDef.java:46)
	at ✽.The User should be navigated to Practice Questions page(file:///Users/rajitha/DsAlgo/DSAlgo_March2025/src/test/resources/features/Tree.feature:323)
</div></td></tr></table><p class="totop"><a href="#summary">back to summary</a></p>
<h3 id="m42">com.dsalgo.automation.runners.TestRunner#runScenario</h3><table class="result"><tr class="param"><th>Parameter #1</th><th>Parameter #2</th></tr><tr class="param stripe"><td>&quot;Verify that user is able to navigate to Practice questions page&quot;</td><td>&quot;Tree&quot;</td></tr><tr><th colspan="2">Exception</th></tr><tr><td colspan="2"><div class="stacktrace">java.lang.AssertionError: Test failed: Page is Empty.
	at com.dsalgo.automation.stepdefinations.CommonStepDef.then_the_user_should_be_navigated_to_practice_questions_page(CommonStepDef.java:46)
	at ✽.The User should be navigated to Practice Questions page(file:///Users/rajitha/DsAlgo/DSAlgo_March2025/src/test/resources/features/Tree.feature:55)
</div></td></tr></table><p class="totop"><a href="#summary">back to summary</a></p>
<h3 id="m43">com.dsalgo.automation.runners.TestRunner#runScenario</h3><table class="result"><tr class="param"><th>Parameter #1</th><th>Parameter #2</th></tr><tr class="param stripe"><td>&quot;Verify that user is able to navigate to Practice questions page&quot;</td><td>&quot;Queue&quot;</td></tr><tr><th colspan="2">Exception</th></tr><tr><td colspan="2"><div class="stacktrace">java.lang.AssertionError: Test failed: Page is Empty.
	at com.dsalgo.automation.stepdefinations.CommonStepDef.then_the_user_should_be_navigated_to_practice_questions_page(CommonStepDef.java:46)
	at ✽.The User should be navigated to Practice Questions page(file:///Users/rajitha/DsAlgo/DSAlgo_March2025/src/test/resources/features/Queue.feature:17)
</div></td></tr></table><p class="totop"><a href="#summary">back to summary</a></p>
<h3 id="m44">com.dsalgo.automation.runners.TestRunner#runScenario</h3><table class="result"><tr class="param"><th>Parameter #1</th><th>Parameter #2</th></tr><tr class="param stripe"><td>&quot;Verify that user is able to navigate to Practice questions page&quot;</td><td>&quot;Queue&quot;</td></tr><tr><th colspan="2">Exception</th></tr><tr><td colspan="2"><div class="stacktrace">java.lang.AssertionError: Test failed: Page is Empty.
	at com.dsalgo.automation.stepdefinations.CommonStepDef.then_the_user_should_be_navigated_to_practice_questions_page(CommonStepDef.java:46)
	at ✽.The User should be navigated to Practice Questions page(file:///Users/rajitha/DsAlgo/DSAlgo_March2025/src/test/resources/features/Queue.feature:47)
</div></td></tr></table><p class="totop"><a href="#summary">back to summary</a></p>
<h3 id="m45">com.dsalgo.automation.runners.TestRunner#runScenario</h3><table class="result"><tr class="param"><th>Parameter #1</th><th>Parameter #2</th></tr><tr class="param stripe"><td>&quot;Verify that user is able to navigate to Practice questions page&quot;</td><td>&quot;Tree&quot;</td></tr><tr><th colspan="2">Exception</th></tr><tr><td colspan="2"><div class="stacktrace">java.lang.AssertionError: Test failed: Page is Empty.
	at com.dsalgo.automation.stepdefinations.CommonStepDef.then_the_user_should_be_navigated_to_practice_questions_page(CommonStepDef.java:46)
	at ✽.The User should be navigated to Practice Questions page(file:///Users/rajitha/DsAlgo/DSAlgo_March2025/src/test/resources/features/Tree.feature:387)
</div></td></tr></table><p class="totop"><a href="#summary">back to summary</a></p>
<h3 id="m46">com.dsalgo.automation.runners.TestRunner#runScenario</h3><table class="result"><tr class="param"><th>Parameter #1</th><th>Parameter #2</th></tr><tr class="param stripe"><td>&quot;Verify that user sees the paragraph starts on a new line and is left-aligned after a table&quot;</td><td>&quot;Navigation to Graph Data Structure Page&quot;</td></tr><tr><th colspan="2">Exception</th></tr><tr><td colspan="2"><div class="stacktrace">java.lang.AssertionError: Overlap detected between paragraph and table/image! expected [false] but found [true]
	at org.testng.Assert.fail(Assert.java:99)
	at org.testng.Assert.failNotEquals(Assert.java:1037)
	at org.testng.Assert.assertFalse(Assert.java:67)
	at com.dsalgo.automation.stepdefinations.GraphStepDef.the_paragraph_should_not_overlap_with_matrix_table(GraphStepDef.java:151)
	at ✽.the paragraph should not overlap with the matrix table(file:///Users/rajitha/DsAlgo/DSAlgo_March2025/src/test/resources/features/graph.feature:63)
</div></td></tr></table><p class="totop"><a href="#summary">back to summary</a></p>
<h3 id="m47">com.dsalgo.automation.runners.TestRunner#runScenario</h3><table class="result"><tr class="param"><th>Parameter #1</th><th>Parameter #2</th></tr><tr class="param stripe"><td>&quot;Verify that user is redirected to the home page when clicking the &quot;NumpyNinja&quot; link on the &quot;Graph&quot; page&quot;</td><td>&quot;Navigation to Graph Data Structure Page&quot;</td></tr><tr><th colspan="2">Exception</th></tr><tr><td colspan="2"><div class="stacktrace">java.lang.AssertionError:  User was not redirected to the Home page. expected [https://dsportalapp.herokuapp.com/home] but found [https://dsportalapp.herokuapp.com/]
	at org.testng.Assert.fail(Assert.java:99)
	at org.testng.Assert.failNotEquals(Assert.java:1037)
	at org.testng.Assert.assertEqualsImpl(Assert.java:140)
	at org.testng.Assert.assertEquals(Assert.java:122)
	at org.testng.Assert.assertEquals(Assert.java:629)
	at com.dsalgo.automation.stepdefinations.LoginStepDef.the_user_should_be_redirected_to_the_home_page(LoginStepDef.java:156)
	at ✽.the user should be redirected to the home page(file:///Users/rajitha/DsAlgo/DSAlgo_March2025/src/test/resources/features/graph.feature:53)
</div></td></tr></table><p class="totop"><a href="#summary">back to summary</a></p>
<h3 id="m48">com.dsalgo.automation.runners.TestRunner#runScenario</h3><table class="result"><tr class="param"><th>Parameter #1</th><th>Parameter #2</th></tr><tr class="param stripe"><td>&quot;Verify that user is able to view  diagram on Binary Search Trees page&quot;</td><td>&quot;Tree&quot;</td></tr><tr><th colspan="2">Exception</th></tr><tr><td colspan="2"><div class="stacktrace">org.openqa.selenium.WebDriverException: Timed out waiting for driver server to shutdown.
Build info: version: &apos;4.31.0&apos;, revision: &apos;1ef9f18787*&apos;
System info: os.name: &apos;Mac OS X&apos;, os.arch: &apos;x86_64&apos;, os.version: &apos;14.6.1&apos;, java.version: &apos;23&apos;
Driver info: org.openqa.selenium.chrome.ChromeDriver
Command: [206c1a7810a5926c5c9097e601744dd2, quit {}]
Capabilities {acceptInsecureCerts: false, browserName: chrome, browserVersion: 135.0.7049.96, chrome: {chromedriverVersion: 135.0.7049.95 (de2eb485a195..., userDataDir: /var/folders/c5/dbmv4z8n69j...}, fedcm:accounts: true, goog:chromeOptions: {debuggerAddress: localhost:54086}, networkConnectionEnabled: false, pageLoadStrategy: normal, platformName: mac, proxy: Proxy(), se:cdp: ws://localhost:54086/devtoo..., se:cdpVersion: 135.0.7049.96, setWindowRect: true, strictFileInteractability: false, timeouts: {implicit: 0, pageLoad: 300000, script: 30000}, unhandledPromptBehavior: dismiss and notify, webauthn:extension:credBlob: true, webauthn:extension:largeBlob: true, webauthn:extension:minPinLength: true, webauthn:extension:prf: true, webauthn:virtualAuthenticators: true}
Session ID: 206c1a7810a5926c5c9097e601744dd2
	at org.openqa.selenium.remote.service.DriverService.stop(DriverService.java:312)
	at org.openqa.selenium.remote.service.DriverCommandExecutor.execute(DriverCommandExecutor.java:161)
	at org.openqa.selenium.remote.RemoteWebDriver.execute(RemoteWebDriver.java:545)
	at org.openqa.selenium.remote.RemoteWebDriver.execute(RemoteWebDriver.java:618)
	at org.openqa.selenium.remote.RemoteWebDriver.execute(RemoteWebDriver.java:622)
	at org.openqa.selenium.remote.RemoteWebDriver.quit(RemoteWebDriver.java:446)
	at org.openqa.selenium.chromium.ChromiumDriver.quit(ChromiumDriver.java:418)
	at com.dsalgo.automation.driver.DriverFactory.quitDriver(DriverFactory.java:60)
	at com.dsalgo.automation.hooks.Hooks.tearDownFreshBrowser(Hooks.java:50)
Caused by: org.openqa.selenium.net.UrlChecker$TimeoutException: Timed out waiting for http://localhost:5467/shutdown to become unavailable after 3219 ms
	at org.openqa.selenium.net.UrlChecker.waitUntilUnavailable(UrlChecker.java:151)
	at org.openqa.selenium.remote.service.DriverService.stop(DriverService.java:303)
	... 8 more
Caused by: java.util.concurrent.TimeoutException
	at java.base/java.util.concurrent.FutureTask.get(FutureTask.java:204)
	at org.openqa.selenium.net.UrlChecker.waitUntilUnavailable(UrlChecker.java:144)
	... 9 more
</div></td></tr></table><p class="totop"><a href="#summary">back to summary</a></p>
<h3 id="m49">com.dsalgo.automation.runners.TestRunner#runScenario</h3><table class="result"><tr class="param"><th>Parameter #1</th><th>Parameter #2</th></tr><tr class="param stripe"><td>&quot;Verify that user is able to navigate to Practice questions page&quot;</td><td>&quot;Tree&quot;</td></tr><tr><th colspan="2">Exception</th></tr><tr><td colspan="2"><div class="stacktrace">java.lang.AssertionError: Test failed: Page is Empty.
	at com.dsalgo.automation.stepdefinations.CommonStepDef.then_the_user_should_be_navigated_to_practice_questions_page(CommonStepDef.java:46)
	at ✽.The User should be navigated to Practice Questions page(file:///Users/rajitha/DsAlgo/DSAlgo_March2025/src/test/resources/features/Tree.feature:259)
</div></td></tr></table><p class="totop"><a href="#summary">back to summary</a></p>
<h3 id="m50">com.dsalgo.automation.runners.TestRunner#runScenario</h3><table class="result"><tr class="param"><th>Parameter #1</th><th>Parameter #2</th></tr><tr class="param stripe"><td>&quot;Verify the data is present in the table on Terminlogies page&quot;</td><td>&quot;Tree&quot;</td></tr><tr><th colspan="2">Exception</th></tr><tr><td colspan="2"><div class="stacktrace">java.lang.AssertionError: expected [] but found [ ]
	at org.testng.Assert.fail(Assert.java:99)
	at org.testng.Assert.failNotEquals(Assert.java:1037)
	at org.testng.Assert.assertEqualsImpl(Assert.java:140)
	at org.testng.Assert.assertEquals(Assert.java:122)
	at org.testng.Assert.assertEquals(Assert.java:629)
	at org.testng.Assert.assertEquals(Assert.java:639)
	at com.dsalgo.automation.stepdefinations.TreeStepDef.then_the_user_should_be_able_to_view_all_the_data_in_table(TreeStepDef.java:89)
	at ✽.The user should be able to view all the data in table(file:///Users/rajitha/DsAlgo/DSAlgo_March2025/src/test/resources/features/Tree.feature:50)
</div></td></tr></table><p class="totop"><a href="#summary">back to summary</a></p>
<h3 id="m51">com.dsalgo.automation.runners.TestRunner#runScenario</h3><table class="result"><tr class="param"><th>Parameter #1</th><th>Parameter #2</th></tr><tr class="param stripe"><td>&quot;Verify that user is able to view image on Traversals-Illustration page&quot;</td><td>&quot;Tree&quot;</td></tr></table><p class="totop"><a href="#summary">back to summary</a></p>
<h3 id="m52">com.dsalgo.automation.runners.TestRunner#runScenario</h3><table class="result"><tr class="param"><th>Parameter #1</th><th>Parameter #2</th></tr><tr class="param stripe"><td>&quot;Verify that user is able to see output for valid python code on&quot;Traversal&quot; page&quot;</td><td>&quot;Test Scenarios for Linked List Module&quot;</td></tr></table><p class="totop"><a href="#summary">back to summary</a></p>
<h3 id="m53">com.dsalgo.automation.runners.TestRunner#runScenario</h3><table class="result"><tr class="param"><th>Parameter #1</th><th>Parameter #2</th></tr><tr class="param stripe"><td>&quot;Verify that user receives error for invalid python code on running &quot;Search the array&quot; question&quot;</td><td>&quot;Test Scenarios for Arrays&quot;</td></tr></table><p class="totop"><a href="#summary">back to summary</a></p>
<h3 id="m54">com.dsalgo.automation.runners.TestRunner#runScenario</h3><table class="result"><tr class="param"><th>Parameter #1</th><th>Parameter #2</th></tr><tr class="param stripe"><td>&quot;Verify that user is navigated to login page when clicked on signin link&quot;</td><td>&quot;User Registration&quot;</td></tr></table><p class="totop"><a href="#summary">back to summary</a></p>
<h3 id="m55">com.dsalgo.automation.runners.TestRunner#runScenario</h3><table class="result"><tr class="param"><th>Parameter #1</th><th>Parameter #2</th></tr><tr class="param stripe"><td>&quot;Verify that user is able to navigate to Code executor page&quot;</td><td>&quot;Tree&quot;</td></tr></table><p class="totop"><a href="#summary">back to summary</a></p>
<h3 id="m56">com.dsalgo.automation.runners.TestRunner#runScenario</h3><table class="result"><tr class="param"><th>Parameter #1</th><th>Parameter #2</th></tr><tr class="param stripe"><td>&quot;Verify that user is able to navigate to Data Structures-Introduction page&quot;</td><td>&quot;Navigation to Data Structures - Introduction Page&quot;</td></tr></table><p class="totop"><a href="#summary">back to summary</a></p>
<h3 id="m57">com.dsalgo.automation.runners.TestRunner#runScenario</h3><table class="result"><tr class="param"><th>Parameter #1</th><th>Parameter #2</th></tr><tr class="param stripe"><td>&quot;Verify that user is able to navigate to Code executor page&quot;</td><td>&quot;Queue&quot;</td></tr></table><p class="totop"><a href="#summary">back to summary</a></p>
<h3 id="m58">com.dsalgo.automation.runners.TestRunner#runScenario</h3><table class="result"><tr class="param"><th>Parameter #1</th><th>Parameter #2</th></tr><tr class="param stripe"><td>&quot;Verify that user is able to navigate to &quot;Linked List&quot; data structure page&quot;</td><td>&quot;Test Scenarios for Linked List Module&quot;</td></tr></table><p class="totop"><a href="#summary">back to summary</a></p>
<h3 id="m59">com.dsalgo.automation.runners.TestRunner#runScenario</h3><table class="result"><tr class="param"><th>Parameter #1</th><th>Parameter #2</th></tr><tr class="param stripe"><td>&quot;Verify TryEditor with empty code&quot;</td><td>&quot;Tree&quot;</td></tr></table><p class="totop"><a href="#summary">back to summary</a></p>
<h3 id="m60">com.dsalgo.automation.runners.TestRunner#runScenario</h3><table class="result"><tr class="param"><th>Parameter #1</th><th>Parameter #2</th></tr><tr class="param stripe"><td>&quot;Verify that user navigates to Time Complexity page&quot;</td><td>&quot;Navigation to Data Structures - Introduction Page&quot;</td></tr></table><p class="totop"><a href="#summary">back to summary</a></p>
<h3 id="m61">com.dsalgo.automation.runners.TestRunner#runScenario</h3><table class="result"><tr class="param"><th>Parameter #1</th><th>Parameter #2</th></tr><tr class="param stripe"><td>&quot;Verify that the user is able to be redirected to the home page&quot;</td><td>&quot;Access dsAlgo Portal&quot;</td></tr></table><p class="totop"><a href="#summary">back to summary</a></p>
<h3 id="m62">com.dsalgo.automation.runners.TestRunner#runScenario</h3><table class="result"><tr class="param"><th>Parameter #1</th><th>Parameter #2</th></tr><tr class="param stripe"><td>&quot;Verify error message for invalid Python code&quot;</td><td>&quot;Navigation to Data Structures - Introduction Page&quot;</td></tr></table><p class="totop"><a href="#summary">back to summary</a></p>
<h3 id="m63">com.dsalgo.automation.runners.TestRunner#runScenario</h3><table class="result"><tr class="param"><th>Parameter #1</th><th>Parameter #2</th></tr><tr class="param stripe"><td>&quot;Verify that user is able to redirected to the home page&quot;</td><td>&quot;User Registration&quot;</td></tr></table><p class="totop"><a href="#summary">back to summary</a></p>
<h3 id="m64">com.dsalgo.automation.runners.TestRunner#runScenario</h3><table class="result"><tr class="param"><th>Parameter #1</th><th>Parameter #2</th></tr><tr class="param stripe"><td>&quot;Verify TryEditor with empty code&quot;</td><td>&quot;Tree&quot;</td></tr></table><p class="totop"><a href="#summary">back to summary</a></p>
<h3 id="m65">com.dsalgo.automation.runners.TestRunner#runScenario</h3><table class="result"><tr class="param"><th>Parameter #1</th><th>Parameter #2</th></tr><tr class="param stripe"><td>&quot;Verify user navigates to the Graph Representations page&quot;</td><td>&quot;Navigation to Graph Data Structure Page&quot;</td></tr></table><p class="totop"><a href="#summary">back to summary</a></p>
<h3 id="m66">com.dsalgo.automation.runners.TestRunner#runScenario</h3><table class="result"><tr class="param"><th>Parameter #1</th><th>Parameter #2</th></tr><tr class="param stripe"><td>&quot;Verify TryEditor with valid code&quot;</td><td>&quot;Tree&quot;</td></tr></table><p class="totop"><a href="#summary">back to summary</a></p>
<h3 id="m67">com.dsalgo.automation.runners.TestRunner#runScenario</h3><table class="result"><tr class="param"><th>Parameter #1</th><th>Parameter #2</th></tr><tr class="param stripe"><td>&quot;Verify that user is allowed to enter x characters in user name&quot;</td><td>&quot;User Registration&quot;</td></tr></table><p class="totop"><a href="#summary">back to summary</a></p>
<h3 id="m68">com.dsalgo.automation.runners.TestRunner#runScenario</h3><table class="result"><tr class="param"><th>Parameter #1</th><th>Parameter #2</th></tr><tr class="param stripe"><td>&quot;Verify TryEditor with empty code&quot;</td><td>&quot;Queue&quot;</td></tr></table><p class="totop"><a href="#summary">back to summary</a></p>
<h3 id="m69">com.dsalgo.automation.runners.TestRunner#runScenario</h3><table class="result"><tr class="param"><th>Parameter #1</th><th>Parameter #2</th></tr><tr class="param stripe"><td>&quot;Verify that user is navigated to login page when clicked on login link&quot;</td><td>&quot;User Registration&quot;</td></tr></table><p class="totop"><a href="#summary">back to summary</a></p>
<h3 id="m70">com.dsalgo.automation.runners.TestRunner#runScenario</h3><table class="result"><tr class="param"><th>Parameter #1</th><th>Parameter #2</th></tr><tr class="param stripe"><td>&quot;Verify TryEditor with empty code&quot;</td><td>&quot;Tree&quot;</td></tr></table><p class="totop"><a href="#summary">back to summary</a></p>
<h3 id="m71">com.dsalgo.automation.runners.TestRunner#runScenario</h3><table class="result"><tr class="param"><th>Parameter #1</th><th>Parameter #2</th></tr><tr class="param stripe"><td>&quot;Verify that user is able to navigate to Applications of Binary Trees page&quot;</td><td>&quot;Tree&quot;</td></tr></table><p class="totop"><a href="#summary">back to summary</a></p>
<h3 id="m72">com.dsalgo.automation.runners.TestRunner#runScenario</h3><table class="result"><tr class="param"><th>Parameter #1</th><th>Parameter #2</th></tr><tr class="param stripe"><td>&quot;Verify that user receives error message for empty Username field during Login&quot;</td><td>&quot;Navigation to Sign-In Page&quot;</td></tr></table><p class="totop"><a href="#summary">back to summary</a></p>
<h3 id="m73">com.dsalgo.automation.runners.TestRunner#runScenario</h3><table class="result"><tr class="param"><th>Parameter #1</th><th>Parameter #2</th></tr><tr class="param stripe"><td>&quot;Verify that user is able to see output for valid python code on&quot;Linked List Introduction&quot; page&quot;</td><td>&quot;Test Scenarios for Linked List Module&quot;</td></tr></table><p class="totop"><a href="#summary">back to summary</a></p>
<h3 id="m74">com.dsalgo.automation.runners.TestRunner#runScenario</h3><table class="result"><tr class="param"><th>Parameter #1</th><th>Parameter #2</th></tr><tr class="param stripe"><td>&quot;Verify that user is able to view diagram on Types of Binary Trees page&quot;</td><td>&quot;Tree&quot;</td></tr></table><p class="totop"><a href="#summary">back to summary</a></p>
<h3 id="m75">com.dsalgo.automation.runners.TestRunner#runScenario</h3><table class="result"><tr class="param"><th>Parameter #1</th><th>Parameter #2</th></tr><tr class="param stripe"><td>&quot;Verify that user is able to run valid python code for &quot;Find Numbers with Even Number of Digits&quot; question&quot;</td><td>&quot;Test Scenarios for Arrays&quot;</td></tr></table><p class="totop"><a href="#summary">back to summary</a></p>
<h3 id="m76">com.dsalgo.automation.runners.TestRunner#runScenario</h3><table class="result"><tr class="param"><th>Parameter #1</th><th>Parameter #2</th></tr><tr class="param stripe"><td>&quot;Verify that user is able to navigate to &quot;Arrays using List&quot; page&quot;</td><td>&quot;Test Scenarios for Arrays&quot;</td></tr></table><p class="totop"><a href="#summary">back to summary</a></p>
<h3 id="m77">com.dsalgo.automation.runners.TestRunner#runScenario</h3><table class="result"><tr class="param"><th>Parameter #1</th><th>Parameter #2</th></tr><tr class="param stripe"><td>&quot;Verify that user is able to navigate to &quot;try here Editor&quot; page for &quot;Insertion&quot; page&quot;</td><td>&quot;Test Scenarios for Linked List Module&quot;</td></tr></table><p class="totop"><a href="#summary">back to summary</a></p>
<h3 id="m78">com.dsalgo.automation.runners.TestRunner#runScenario</h3><table class="result"><tr class="param"><th>Parameter #1</th><th>Parameter #2</th></tr><tr class="param stripe"><td>&quot;Verify user navigates to &quot;Try Editor&quot; page&quot;</td><td>&quot;Navigation to Graph Data Structure Page&quot;</td></tr></table><p class="totop"><a href="#summary">back to summary</a></p>
<h3 id="m79">com.dsalgo.automation.runners.TestRunner#runScenario</h3><table class="result"><tr class="param"><th>Parameter #1</th><th>Parameter #2</th></tr><tr class="param stripe"><td>&quot;Verify that user is able to see output for valid python code on&quot;Operations in Stack&quot; page&quot;</td><td>&quot;Test Scenarios for Stack Module&quot;</td></tr></table><p class="totop"><a href="#summary">back to summary</a></p>
<h3 id="m80">com.dsalgo.automation.runners.TestRunner#runScenario</h3><table class="result"><tr class="param"><th>Parameter #1</th><th>Parameter #2</th></tr><tr class="param stripe"><td>&quot;Verify that user receives error when click on Run button without entering code for &quot;Arrays using List&quot; page&quot;</td><td>&quot;Test Scenarios for Arrays&quot;</td></tr></table><p class="totop"><a href="#summary">back to summary</a></p>
<h3 id="m81">com.dsalgo.automation.runners.TestRunner#runScenario</h3><table class="result"><tr class="param"><th>Parameter #1</th><th>Parameter #2</th></tr><tr class="param stripe"><td>&quot;Verify that user is able to navigate to &quot;Practice Questions&quot; Page for &quot;Traversal&quot; page&quot;</td><td>&quot;Test Scenarios for Linked List Module&quot;</td></tr></table><p class="totop"><a href="#summary">back to summary</a></p>
<h3 id="m82">com.dsalgo.automation.runners.TestRunner#runScenario</h3><table class="result"><tr class="param"><th>Parameter #1</th><th>Parameter #2</th></tr><tr class="param stripe"><td>&quot;Verify that user is able to navigate to &quot;Stack&quot; data structure page&quot;</td><td>&quot;Test Scenarios for Stack Module&quot;</td></tr></table><p class="totop"><a href="#summary">back to summary</a></p>
<h3 id="m83">com.dsalgo.automation.runners.TestRunner#runScenario</h3><table class="result"><tr class="param"><th>Parameter #1</th><th>Parameter #2</th></tr><tr class="param stripe"><td>&quot;Verify that user receives error for invalid python code for &quot;Creating Linked List&quot; page&quot;</td><td>&quot;Test Scenarios for Linked List Module&quot;</td></tr></table><p class="totop"><a href="#summary">back to summary</a></p>
<h3 id="m84">com.dsalgo.automation.runners.TestRunner#runScenario</h3><table class="result"><tr class="param"><th>Parameter #1</th><th>Parameter #2</th></tr><tr class="param stripe"><td>&quot;Verify that user is able to navigate to &quot;Arrays using List&quot; page&quot;</td><td>&quot;Test Scenarios for Arrays&quot;</td></tr></table><p class="totop"><a href="#summary">back to summary</a></p>
<h3 id="m85">com.dsalgo.automation.runners.TestRunner#runScenario</h3><table class="result"><tr class="param"><th>Parameter #1</th><th>Parameter #2</th></tr><tr class="param stripe"><td>&quot;Verify that user is able to navigate to Code executor page&quot;</td><td>&quot;Tree&quot;</td></tr></table><p class="totop"><a href="#summary">back to summary</a></p>
<h3 id="m86">com.dsalgo.automation.runners.TestRunner#runScenario</h3><table class="result"><tr class="param"><th>Parameter #1</th><th>Parameter #2</th></tr><tr class="param stripe"><td>&quot;Verify that user receives error message without entering any code in &quot;Search the Array&quot; editor and click on Run button&quot;</td><td>&quot;Test Scenarios for Arrays&quot;</td></tr></table><p class="totop"><a href="#summary">back to summary</a></p>
<h3 id="m87">com.dsalgo.automation.runners.TestRunner#runScenario</h3><table class="result"><tr class="param"><th>Parameter #1</th><th>Parameter #2</th></tr><tr class="param stripe"><td>&quot;Verify that user is able to navigate to &quot;Max Consecutive Ones&quot; Page from Practice question page of &quot;Arrays in Python&quot; page&quot;</td><td>&quot;Test Scenarios for Arrays&quot;</td></tr></table><p class="totop"><a href="#summary">back to summary</a></p>
<h3 id="m88">com.dsalgo.automation.runners.TestRunner#runScenario</h3><table class="result"><tr class="param"><th>Parameter #1</th><th>Parameter #2</th></tr><tr class="param stripe"><td>&quot;Verify that user is able to navigate to &quot;Arrays in Python&quot; page&quot;</td><td>&quot;Test Scenarios for Arrays&quot;</td></tr></table><p class="totop"><a href="#summary">back to summary</a></p>
<h3 id="m89">com.dsalgo.automation.runners.TestRunner#runScenario</h3><table class="result"><tr class="param"><th>Parameter #1</th><th>Parameter #2</th></tr><tr class="param stripe"><td>&quot;Verify TryEditor with empty code&quot;</td><td>&quot;Queue&quot;</td></tr></table><p class="totop"><a href="#summary">back to summary</a></p>
<h3 id="m90">com.dsalgo.automation.runners.TestRunner#runScenario</h3><table class="result"><tr class="param"><th>Parameter #1</th><th>Parameter #2</th></tr><tr class="param stripe"><td>&quot;Verify Stucture of Tree image is present&quot;</td><td>&quot;Tree&quot;</td></tr></table><p class="totop"><a href="#summary">back to summary</a></p>
<h3 id="m91">com.dsalgo.automation.runners.TestRunner#runScenario</h3><table class="result"><tr class="param"><th>Parameter #1</th><th>Parameter #2</th></tr><tr class="param stripe"><td>&quot;Verify that user is able to see output for valid python code on&quot;Types of Linked List&quot; page&quot;</td><td>&quot;Test Scenarios for Linked List Module&quot;</td></tr></table><p class="totop"><a href="#summary">back to summary</a></p>
<h3 id="m92">com.dsalgo.automation.runners.TestRunner#runScenario</h3><table class="result"><tr class="param"><th>Parameter #1</th><th>Parameter #2</th></tr><tr class="param stripe"><td>&quot;Verify that user is able to navigate to Code executor page&quot;</td><td>&quot;Tree&quot;</td></tr></table><p class="totop"><a href="#summary">back to summary</a></p>
<h3 id="m93">com.dsalgo.automation.runners.TestRunner#runScenario</h3><table class="result"><tr class="param"><th>Parameter #1</th><th>Parameter #2</th></tr><tr class="param stripe"><td>&quot;Verify that user is able to navigate to &quot;Implementation&quot; page&quot;</td><td>&quot;Test Scenarios for Stack Module&quot;</td></tr></table><p class="totop"><a href="#summary">back to summary</a></p>
<h3 id="m94">com.dsalgo.automation.runners.TestRunner#runScenario</h3><table class="result"><tr class="param"><th>Parameter #1</th><th>Parameter #2</th></tr><tr class="param stripe"><td>&quot;Verify that user receives error when click on Run button without entering code for &quot;Applications of Array&quot; page&quot;</td><td>&quot;Test Scenarios for Arrays&quot;</td></tr></table><p class="totop"><a href="#summary">back to summary</a></p>
<h3 id="m95">com.dsalgo.automation.runners.TestRunner#runScenario</h3><table class="result"><tr class="param"><th>Parameter #1</th><th>Parameter #2</th></tr><tr class="param stripe"><td>&quot;Verify TryEditor with empty code&quot;</td><td>&quot;Tree&quot;</td></tr></table><p class="totop"><a href="#summary">back to summary</a></p>
<h3 id="m96">com.dsalgo.automation.runners.TestRunner#runScenario</h3><table class="result"><tr class="param"><th>Parameter #1</th><th>Parameter #2</th></tr><tr class="param stripe"><td>&quot;Verify TryEditor with valid code&quot;</td><td>&quot;Queue&quot;</td></tr></table><p class="totop"><a href="#summary">back to summary</a></p>
<h3 id="m97">com.dsalgo.automation.runners.TestRunner#runScenario</h3><table class="result"><tr class="param"><th>Parameter #1</th><th>Parameter #2</th></tr><tr class="param stripe"><td>&quot;Verify that user navigates to the Sign-In page from the Home Page&quot;</td><td>&quot;Access dsAlgo Portal&quot;</td></tr></table><p class="totop"><a href="#summary">back to summary</a></p>
<h3 id="m98">com.dsalgo.automation.runners.TestRunner#runScenario</h3><table class="result"><tr class="param"><th>Parameter #1</th><th>Parameter #2</th></tr><tr class="param stripe"><td>&quot;Verify output for valid Python code&quot;</td><td>&quot;Navigation to Data Structures - Introduction Page&quot;</td></tr></table><p class="totop"><a href="#summary">back to summary</a></p>
<h3 id="m99">com.dsalgo.automation.runners.TestRunner#runScenario</h3><table class="result"><tr class="param"><th>Parameter #1</th><th>Parameter #2</th></tr><tr class="param stripe"><td>&quot;Verify that user is able to navigate to &quot;Stack&quot; data structure page&quot;</td><td>&quot;Access dsAlgo Portal&quot;</td></tr></table><p class="totop"><a href="#summary">back to summary</a></p>
<h3 id="m100">com.dsalgo.automation.runners.TestRunner#runScenario</h3><table class="result"><tr class="param"><th>Parameter #1</th><th>Parameter #2</th></tr><tr class="param stripe"><td>&quot;Verify that user receives error for invalid python code for &quot;Applications&quot; page&quot;</td><td>&quot;Test Scenarios for Stack Module&quot;</td></tr></table><p class="totop"><a href="#summary">back to summary</a></p>
<h3 id="m101">com.dsalgo.automation.runners.TestRunner#runScenario</h3><table class="result"><tr class="param"><th>Parameter #1</th><th>Parameter #2</th></tr><tr class="param stripe"><td>&quot;Verify  TryEditor with valid code&quot;</td><td>&quot;Tree&quot;</td></tr></table><p class="totop"><a href="#summary">back to summary</a></p>
<h3 id="m102">com.dsalgo.automation.runners.TestRunner#runScenario</h3><table class="result"><tr class="param"><th>Parameter #1</th><th>Parameter #2</th></tr><tr class="param stripe"><td>&quot;Verify that user is able to navigate to &quot;Applications&quot; page&quot;</td><td>&quot;Test Scenarios for Stack Module&quot;</td></tr></table><p class="totop"><a href="#summary">back to summary</a></p>
<h3 id="m103">com.dsalgo.automation.runners.TestRunner#runScenario</h3><table class="result"><tr class="param"><th>Parameter #1</th><th>Parameter #2</th></tr><tr class="param stripe"><td>&quot;Verify TryEditor with empty code&quot;</td><td>&quot;Tree&quot;</td></tr></table><p class="totop"><a href="#summary">back to summary</a></p>
<h3 id="m104">com.dsalgo.automation.runners.TestRunner#runScenario</h3><table class="result"><tr class="param"><th>Parameter #1</th><th>Parameter #2</th></tr><tr class="param stripe"><td>&quot;Verify TryEditor with invalid code&quot;</td><td>&quot;Tree&quot;</td></tr></table><p class="totop"><a href="#summary">back to summary</a></p>
<h3 id="m105">com.dsalgo.automation.runners.TestRunner#runScenario</h3><table class="result"><tr class="param"><th>Parameter #1</th><th>Parameter #2</th></tr><tr class="param stripe"><td>&quot;Verify that user is able to navigate to &quot;Basic Operation in List&quot; page&quot;</td><td>&quot;Test Scenarios for Arrays&quot;</td></tr></table><p class="totop"><a href="#summary">back to summary</a></p>
<h3 id="m106">com.dsalgo.automation.runners.TestRunner#runScenario</h3><table class="result"><tr class="param"><th>Parameter #1</th><th>Parameter #2</th></tr><tr class="param stripe"><td>&quot;Verify that user receives error message for mismatched Password and Password Confirmation field during registration&quot;</td><td>&quot;User Registration&quot;</td></tr></table><p class="totop"><a href="#summary">back to summary</a></p>
<h3 id="m107">com.dsalgo.automation.runners.TestRunner#runScenario</h3><table class="result"><tr class="param"><th>Parameter #1</th><th>Parameter #2</th></tr><tr class="param stripe"><td>&quot;Verify that user is able to view image on Tree Traversals page&quot;</td><td>&quot;Tree&quot;</td></tr></table><p class="totop"><a href="#summary">back to summary</a></p>
<h3 id="m108">com.dsalgo.automation.runners.TestRunner#runScenario</h3><table class="result"><tr class="param"><th>Parameter #1</th><th>Parameter #2</th></tr><tr class="param stripe"><td>&quot;Verify TryEditor with invalid code&quot;</td><td>&quot;Tree&quot;</td></tr></table><p class="totop"><a href="#summary">back to summary</a></p>
<h3 id="m109">com.dsalgo.automation.runners.TestRunner#runScenario</h3><table class="result"><tr class="param"><th>Parameter #1</th><th>Parameter #2</th></tr><tr class="param stripe"><td>&quot;Verify that user is able to navigate to Code executor page&quot;</td><td>&quot;Queue&quot;</td></tr></table><p class="totop"><a href="#summary">back to summary</a></p>
<h3 id="m110">com.dsalgo.automation.runners.TestRunner#runScenario</h3><table class="result"><tr class="param"><th>Parameter #1</th><th>Parameter #2</th></tr><tr class="param stripe"><td>&quot;Verify that user is able to navigate to &quot;try here Editor&quot; page for &quot;Implement Linked List in Python&quot; page&quot;</td><td>&quot;Test Scenarios for Linked List Module&quot;</td></tr></table><p class="totop"><a href="#summary">back to summary</a></p>
<h3 id="m111">com.dsalgo.automation.runners.TestRunner#runScenario</h3><table class="result"><tr class="param"><th>Parameter #1</th><th>Parameter #2</th></tr><tr class="param stripe"><td>&quot;Verify that user is able to navigate to &quot;Practice Questions&quot; Page for &quot;Insertion&quot; page&quot;</td><td>&quot;Test Scenarios for Linked List Module&quot;</td></tr></table><p class="totop"><a href="#summary">back to summary</a></p>
<h3 id="m112">com.dsalgo.automation.runners.TestRunner#runScenario</h3><table class="result"><tr class="param"><th>Parameter #1</th><th>Parameter #2</th></tr><tr class="param stripe"><td>&quot;Verify that user is able to see a warning message while selecting &quot;Linked List&quot; from the dropdown without signing in&quot;</td><td>&quot;Access dsAlgo Portal&quot;</td></tr></table><p class="totop"><a href="#summary">back to summary</a></p>
<h3 id="m113">com.dsalgo.automation.runners.TestRunner#runScenario</h3><table class="result"><tr class="param"><th>Parameter #1</th><th>Parameter #2</th></tr><tr class="param stripe"><td>&quot;Verify that user is able to navigate to &quot;Types of Linked List&quot; page&quot;</td><td>&quot;Test Scenarios for Linked List Module&quot;</td></tr></table><p class="totop"><a href="#summary">back to summary</a></p>
<h3 id="m114">com.dsalgo.automation.runners.TestRunner#runScenario</h3><table class="result"><tr class="param"><th>Parameter #1</th><th>Parameter #2</th></tr><tr class="param stripe"><td>&quot;Verify that user receives error message for invalid Password field during Login&quot;</td><td>&quot;Navigation to Sign-In Page&quot;</td></tr></table><p class="totop"><a href="#summary">back to summary</a></p>
<h3 id="m115">com.dsalgo.automation.runners.TestRunner#runScenario</h3><table class="result"><tr class="param"><th>Parameter #1</th><th>Parameter #2</th></tr><tr class="param stripe"><td>&quot;Verify TryEditor with valid code&quot;</td><td>&quot;Tree&quot;</td></tr></table><p class="totop"><a href="#summary">back to summary</a></p>
<h3 id="m116">com.dsalgo.automation.runners.TestRunner#runScenario</h3><table class="result"><tr class="param"><th>Parameter #1</th><th>Parameter #2</th></tr><tr class="param stripe"><td>&quot;Verify that user is able to navigate to &quot;Introduction page&quot; from left side menu&quot;</td><td>&quot;Test Scenarios for Linked List Module&quot;</td></tr></table><p class="totop"><a href="#summary">back to summary</a></p>
<h3 id="m117">com.dsalgo.automation.runners.TestRunner#runScenario</h3><table class="result"><tr class="param"><th>Parameter #1</th><th>Parameter #2</th></tr><tr class="param stripe"><td>&quot;Verify that user is able to navigate to &quot;Basic Operation in List&quot; page&quot;</td><td>&quot;Test Scenarios for Arrays&quot;</td></tr></table><p class="totop"><a href="#summary">back to summary</a></p>
<h3 id="m118">com.dsalgo.automation.runners.TestRunner#runScenario</h3><table class="result"><tr class="param"><th>Parameter #1</th><th>Parameter #2</th></tr><tr class="param stripe"><td>&quot;Verify TryEditor with invalid code&quot;</td><td>&quot;Tree&quot;</td></tr></table><p class="totop"><a href="#summary">back to summary</a></p>
<h3 id="m119">com.dsalgo.automation.runners.TestRunner#runScenario</h3><table class="result"><tr class="param"><th>Parameter #1</th><th>Parameter #2</th></tr><tr class="param stripe"><td>&quot;Verify that user is able to navigate to &quot;Practice Questions&quot; Page for &quot;Operations in Stack&quot; page&quot;</td><td>&quot;Test Scenarios for Stack Module&quot;</td></tr></table><p class="totop"><a href="#summary">back to summary</a></p>
<h3 id="m120">com.dsalgo.automation.runners.TestRunner#runScenario</h3><table class="result"><tr class="param"><th>Parameter #1</th><th>Parameter #2</th></tr><tr class="param stripe"><td>&quot;Verify that user is able to navigate to &quot;Practice Questions&quot; Page for &quot;Deletion&quot; page&quot;</td><td>&quot;Test Scenarios for Linked List Module&quot;</td></tr></table><p class="totop"><a href="#summary">back to summary</a></p>
<h3 id="m121">com.dsalgo.automation.runners.TestRunner#runScenario</h3><table class="result"><tr class="param"><th>Parameter #1</th><th>Parameter #2</th></tr><tr class="param stripe"><td>&quot;Verify TryEditor with invalid code&quot;</td><td>&quot;Tree&quot;</td></tr></table><p class="totop"><a href="#summary">back to summary</a></p>
<h3 id="m122">com.dsalgo.automation.runners.TestRunner#runScenario</h3><table class="result"><tr class="param"><th>Parameter #1</th><th>Parameter #2</th></tr><tr class="param stripe"><td>&quot;Verify that user receives error for invalid python code for &quot;Insertion&quot; page&quot;</td><td>&quot;Test Scenarios for Linked List Module&quot;</td></tr></table><p class="totop"><a href="#summary">back to summary</a></p>
<h3 id="m123">com.dsalgo.automation.runners.TestRunner#runScenario</h3><table class="result"><tr class="param"><th>Parameter #1</th><th>Parameter #2</th></tr><tr class="param stripe"><td>&quot;Verify that user is able to navigate to &quot;try here Editor&quot; page for &quot;Introduction&quot; page&quot;</td><td>&quot;Test Scenarios for Linked List Module&quot;</td></tr></table><p class="totop"><a href="#summary">back to summary</a></p>
<h3 id="m124">com.dsalgo.automation.runners.TestRunner#runScenario</h3><table class="result"><tr class="param"><th>Parameter #1</th><th>Parameter #2</th></tr><tr class="param stripe"><td>&quot;Verify TryEditor with invalid&quot;</td><td>&quot;Tree&quot;</td></tr></table><p class="totop"><a href="#summary">back to summary</a></p>
<h3 id="m125">com.dsalgo.automation.runners.TestRunner#runScenario</h3><table class="result"><tr class="param"><th>Parameter #1</th><th>Parameter #2</th></tr><tr class="param stripe"><td>&quot;Verify that user is able to navigate to &quot;Arrays in Python&quot; page&quot;</td><td>&quot;Test Scenarios for Arrays&quot;</td></tr></table><p class="totop"><a href="#summary">back to summary</a></p>
<h3 id="m126">com.dsalgo.automation.runners.TestRunner#runScenario</h3><table class="result"><tr class="param"><th>Parameter #1</th><th>Parameter #2</th></tr><tr class="param stripe"><td>&quot;Verify that user is able to navigate to &quot;try here Editor&quot; page for &quot;Creating Linked List&quot; page&quot;</td><td>&quot;Test Scenarios for Linked List Module&quot;</td></tr></table><p class="totop"><a href="#summary">back to summary</a></p>
<h3 id="m127">com.dsalgo.automation.runners.TestRunner#runScenario</h3><table class="result"><tr class="param"><th>Parameter #1</th><th>Parameter #2</th></tr><tr class="param stripe"><td>&quot;Verify that user is able to see a warning message on clicking &quot;Get Started&quot; button of &quot;Queue&quot; without Sign in&quot;</td><td>&quot;Access dsAlgo Portal&quot;</td></tr></table><p class="totop"><a href="#summary">back to summary</a></p>
<h3 id="m128">com.dsalgo.automation.runners.TestRunner#runScenario</h3><table class="result"><tr class="param"><th>Parameter #1</th><th>Parameter #2</th></tr><tr class="param stripe"><td>&quot;Verify TryEditor with valid code&quot;</td><td>&quot;Tree&quot;</td></tr></table><p class="totop"><a href="#summary">back to summary</a></p>
<h3 id="m129">com.dsalgo.automation.runners.TestRunner#runScenario</h3><table class="result"><tr class="param"><th>Parameter #1</th><th>Parameter #2</th></tr><tr class="param stripe"><td>&quot;Verify that user is able to see a warning message on clicking &quot;Get Started&quot; button of &quot;Stack&quot; without Sign in&quot;</td><td>&quot;Access dsAlgo Portal&quot;</td></tr></table><p class="totop"><a href="#summary">back to summary</a></p>
<h3 id="m130">com.dsalgo.automation.runners.TestRunner#runScenario</h3><table class="result"><tr class="param"><th>Parameter #1</th><th>Parameter #2</th></tr><tr class="param stripe"><td>&quot;Verify TryEditor with invalid code&quot;</td><td>&quot;Tree&quot;</td></tr></table><p class="totop"><a href="#summary">back to summary</a></p>
<h3 id="m131">com.dsalgo.automation.runners.TestRunner#runScenario</h3><table class="result"><tr class="param"><th>Parameter #1</th><th>Parameter #2</th></tr><tr class="param stripe"><td>&quot;Verify that user receives error for invalid python code for &quot;Deletion&quot; page&quot;</td><td>&quot;Test Scenarios for Linked List Module&quot;</td></tr></table><p class="totop"><a href="#summary">back to summary</a></p>
<h3 id="m132">com.dsalgo.automation.runners.TestRunner#runScenario</h3><table class="result"><tr class="param"><th>Parameter #1</th><th>Parameter #2</th></tr><tr class="param stripe"><td>&quot;Verify that user receives error message for invalid python code on running &quot;Squares of a Sorted Array&quot; question&quot;</td><td>&quot;Test Scenarios for Arrays&quot;</td></tr></table><p class="totop"><a href="#summary">back to summary</a></p>
<h3 id="m133">com.dsalgo.automation.runners.TestRunner#runScenario</h3><table class="result"><tr class="param"><th>Parameter #1</th><th>Parameter #2</th></tr><tr class="param stripe"><td>&quot;User navigates to &quot;Try Editor&quot; page&quot;</td><td>&quot;Navigation to Graph Data Structure Page&quot;</td></tr></table><p class="totop"><a href="#summary">back to summary</a></p>
<h3 id="m134">com.dsalgo.automation.runners.TestRunner#runScenario</h3><table class="result"><tr class="param"><th>Parameter #1</th><th>Parameter #2</th></tr><tr class="param stripe"><td>&quot;Verify that user is able to view diagram on Binary Trees page&quot;</td><td>&quot;Tree&quot;</td></tr></table><p class="totop"><a href="#summary">back to summary</a></p>
<h3 id="m135">com.dsalgo.automation.runners.TestRunner#runScenario</h3><table class="result"><tr class="param"><th>Parameter #1</th><th>Parameter #2</th></tr><tr class="param stripe"><td>&quot;Verify that user receives error for invalid python code for &quot;Arrays using List&quot; page&quot;</td><td>&quot;Test Scenarios for Arrays&quot;</td></tr></table><p class="totop"><a href="#summary">back to summary</a></p>
<h3 id="m136">com.dsalgo.automation.runners.TestRunner#runScenario</h3><table class="result"><tr class="param"><th>Parameter #1</th><th>Parameter #2</th></tr><tr class="param stripe"><td>&quot;Verify that user is able to navigate to &quot;try Editor&quot; page for &quot;Arrays in Python&quot; page&quot;</td><td>&quot;Test Scenarios for Arrays&quot;</td></tr></table><p class="totop"><a href="#summary">back to summary</a></p>
<h3 id="m137">com.dsalgo.automation.runners.TestRunner#runScenario</h3><table class="result"><tr class="param"><th>Parameter #1</th><th>Parameter #2</th></tr><tr class="param stripe"><td>&quot;Verify that user receives error message for empty Password Confirmation field during registration&quot;</td><td>&quot;User Registration&quot;</td></tr></table><p class="totop"><a href="#summary">back to summary</a></p>
<h3 id="m138">com.dsalgo.automation.runners.TestRunner#runScenario</h3><table class="result"><tr class="param"><th>Parameter #1</th><th>Parameter #2</th></tr><tr class="param stripe"><td>&quot;Verify that user is able to see a warning message while selecting &quot;Arrays&quot; from the dropdown without signing in&quot;</td><td>&quot;Access dsAlgo Portal&quot;</td></tr></table><p class="totop"><a href="#summary">back to summary</a></p>
<h3 id="m139">com.dsalgo.automation.runners.TestRunner#runScenario</h3><table class="result"><tr class="param"><th>Parameter #1</th><th>Parameter #2</th></tr><tr class="param stripe"><td>&quot;Verify that user is able to navigate to &quot;try Editor&quot; page for &quot;Basic Operation in List&quot; page&quot;</td><td>&quot;Test Scenarios for Arrays&quot;</td></tr></table><p class="totop"><a href="#summary">back to summary</a></p>
<h3 id="m140">com.dsalgo.automation.runners.TestRunner#runScenario</h3><table class="result"><tr class="param"><th>Parameter #1</th><th>Parameter #2</th></tr><tr class="param stripe"><td>&quot;Verify that user is able to navigate to &quot;Search the array&quot; Page from Practice question page of &quot;Arrays in Python&quot; page&quot;</td><td>&quot;Test Scenarios for Arrays&quot;</td></tr></table><p class="totop"><a href="#summary">back to summary</a></p>
<h3 id="m141">com.dsalgo.automation.runners.TestRunner#runScenario</h3><table class="result"><tr class="param"><th>Parameter #1</th><th>Parameter #2</th></tr><tr class="param stripe"><td>&quot;Verify that user is able to navigate to &quot;Find Numbers with Even Number of Digits&quot; Page from Practice question page of &quot;Arrays in Python&quot; page&quot;</td><td>&quot;Test Scenarios for Arrays&quot;</td></tr></table><p class="totop"><a href="#summary">back to summary</a></p>
<h3 id="m142">com.dsalgo.automation.runners.TestRunner#runScenario</h3><table class="result"><tr class="param"><th>Parameter #1</th><th>Parameter #2</th></tr><tr class="param stripe"><td>&quot;Verify that user is able to see output for valid python code for &quot;Applications of Array&quot; page&quot;</td><td>&quot;Test Scenarios for Arrays&quot;</td></tr></table><p class="totop"><a href="#summary">back to summary</a></p>
<h3 id="m143">com.dsalgo.automation.runners.TestRunner#runScenario</h3><table class="result"><tr class="param"><th>Parameter #1</th><th>Parameter #2</th></tr><tr class="param stripe"><td>&quot;Verify that user receives error when click on Run button without entering code for &quot;Arrays in Python&quot; page&quot;</td><td>&quot;Test Scenarios for Arrays&quot;</td></tr></table><p class="totop"><a href="#summary">back to summary</a></p>
<h3 id="m144">com.dsalgo.automation.runners.TestRunner#runScenario</h3><table class="result"><tr class="param"><th>Parameter #1</th><th>Parameter #2</th></tr><tr class="param stripe"><td>&quot;Verify that user is able to navigate to &quot;try here Editor&quot; page for &quot;Deletion&quot; page&quot;</td><td>&quot;Test Scenarios for Linked List Module&quot;</td></tr></table><p class="totop"><a href="#summary">back to summary</a></p>
<h3 id="m145">com.dsalgo.automation.runners.TestRunner#runScenario</h3><table class="result"><tr class="param"><th>Parameter #1</th><th>Parameter #2</th></tr><tr class="param stripe"><td>&quot;Verify that user is able to navigate to Code executor page&quot;</td><td>&quot;Tree&quot;</td></tr></table><p class="totop"><a href="#summary">back to summary</a></p>
<h3 id="m146">com.dsalgo.automation.runners.TestRunner#runScenario</h3><table class="result"><tr class="param"><th>Parameter #1</th><th>Parameter #2</th></tr><tr class="param stripe"><td>&quot;Verify that user is able to navigate to &quot;Array&quot; data structure page&quot;</td><td>&quot;Test Scenarios for Arrays&quot;</td></tr></table><p class="totop"><a href="#summary">back to summary</a></p>
<h3 id="m147">com.dsalgo.automation.runners.TestRunner#runScenario</h3><table class="result"><tr class="param"><th>Parameter #1</th><th>Parameter #2</th></tr><tr class="param stripe"><td>&quot;Verify that user is able to see output for valid python code on&quot;Applications&quot; page&quot;</td><td>&quot;Test Scenarios for Stack Module&quot;</td></tr></table><p class="totop"><a href="#summary">back to summary</a></p>
<h3 id="m148">com.dsalgo.automation.runners.TestRunner#runScenario</h3><table class="result"><tr class="param"><th>Parameter #1</th><th>Parameter #2</th></tr><tr class="param stripe"><td>&quot;Verify that user receives error message for invalid Username field during Login&quot;</td><td>&quot;Navigation to Sign-In Page&quot;</td></tr></table><p class="totop"><a href="#summary">back to summary</a></p>
<h3 id="m149">com.dsalgo.automation.runners.TestRunner#runScenario</h3><table class="result"><tr class="param"><th>Parameter #1</th><th>Parameter #2</th></tr><tr class="param stripe"><td>&quot;Verify that user is able to see output for valid python code for &quot;Arrays in Python&quot; page&quot;</td><td>&quot;Test Scenarios for Arrays&quot;</td></tr></table><p class="totop"><a href="#summary">back to summary</a></p>
<h3 id="m150">com.dsalgo.automation.runners.TestRunner#runScenario</h3><table class="result"><tr class="param"><th>Parameter #1</th><th>Parameter #2</th></tr><tr class="param stripe"><td>&quot;Verify that user receives error when click on Run button without entering code for &quot;Types of Linked List&quot; page&quot;</td><td>&quot;Test Scenarios for Linked List Module&quot;</td></tr></table><p class="totop"><a href="#summary">back to summary</a></p>
<h3 id="m151">com.dsalgo.automation.runners.TestRunner#runScenario</h3><table class="result"><tr class="param"><th>Parameter #1</th><th>Parameter #2</th></tr><tr class="param stripe"><td>&quot;Verify that user is able to navigate to &quot;Arrays&quot; data structure page&quot;</td><td>&quot;Access dsAlgo Portal&quot;</td></tr></table><p class="totop"><a href="#summary">back to summary</a></p>
<h3 id="m152">com.dsalgo.automation.runners.TestRunner#runScenario</h3><table class="result"><tr class="param"><th>Parameter #1</th><th>Parameter #2</th></tr><tr class="param stripe"><td>&quot;Verify that user is able to navigate to &quot;Linked List&quot; data structure page&quot;</td><td>&quot;Access dsAlgo Portal&quot;</td></tr></table><p class="totop"><a href="#summary">back to summary</a></p>
<h3 id="m153">com.dsalgo.automation.runners.TestRunner#runScenario</h3><table class="result"><tr class="param"><th>Parameter #1</th><th>Parameter #2</th></tr><tr class="param stripe"><td>&quot;Verify that user receives error message for invalid python code on running &quot;Find Numbers with Even Number of Digits&quot; question&quot;</td><td>&quot;Test Scenarios for Arrays&quot;</td></tr></table><p class="totop"><a href="#summary">back to summary</a></p>
<h3 id="m154">com.dsalgo.automation.runners.TestRunner#runScenario</h3><table class="result"><tr class="param"><th>Parameter #1</th><th>Parameter #2</th></tr><tr class="param stripe"><td>&quot;Verify that user receives error when click on Run button without entering code for &quot;Applications&quot; page&quot;</td><td>&quot;Test Scenarios for Stack Module&quot;</td></tr></table><p class="totop"><a href="#summary">back to summary</a></p>
<h3 id="m155">com.dsalgo.automation.runners.TestRunner#runScenario</h3><table class="result"><tr class="param"><th>Parameter #1</th><th>Parameter #2</th></tr><tr class="param stripe"><td>&quot;Verify that user is able to navigate to &quot;Creating Linked List&quot; page&quot;</td><td>&quot;Test Scenarios for Linked List Module&quot;</td></tr></table><p class="totop"><a href="#summary">back to summary</a></p>
<h3 id="m156">com.dsalgo.automation.runners.TestRunner#runScenario</h3><table class="result"><tr class="param"><th>Parameter #1</th><th>Parameter #2</th></tr><tr class="param stripe"><td>&quot;Verify that user receives error for invalid python code for &quot;Applications of Array&quot; page&quot;</td><td>&quot;Test Scenarios for Arrays&quot;</td></tr></table><p class="totop"><a href="#summary">back to summary</a></p>
<h3 id="m157">com.dsalgo.automation.runners.TestRunner#runScenario</h3><table class="result"><tr class="param"><th>Parameter #1</th><th>Parameter #2</th></tr><tr class="param stripe"><td>&quot;Verify that user is able to navigate to &quot;Introduction&quot; page&quot;</td><td>&quot;Test Scenarios for Linked List Module&quot;</td></tr></table><p class="totop"><a href="#summary">back to summary</a></p>
<h3 id="m158">com.dsalgo.automation.runners.TestRunner#runScenario</h3><table class="result"><tr class="param"><th>Parameter #1</th><th>Parameter #2</th></tr><tr class="param stripe"><td>&quot;Verify that user receives error when click on Run button without entering code for &quot;Implementation&quot; page&quot;</td><td>&quot;Test Scenarios for Stack Module&quot;</td></tr></table><p class="totop"><a href="#summary">back to summary</a></p>
<h3 id="m159">com.dsalgo.automation.runners.TestRunner#runScenario</h3><table class="result"><tr class="param"><th>Parameter #1</th><th>Parameter #2</th></tr><tr class="param stripe"><td>&quot;Verify that user receives error for invalid python code on running &quot;Max Consecutive Ones&quot; question&quot;</td><td>&quot;Test Scenarios for Arrays&quot;</td></tr></table><p class="totop"><a href="#summary">back to summary</a></p>
<h3 id="m160">com.dsalgo.automation.runners.TestRunner#runScenario</h3><table class="result"><tr class="param"><th>Parameter #1</th><th>Parameter #2</th></tr><tr class="param stripe"><td>&quot;Verify that user receives error message for empty Password Confirmation field during registration&quot;</td><td>&quot;User Registration&quot;</td></tr></table><p class="totop"><a href="#summary">back to summary</a></p>
<h3 id="m161">com.dsalgo.automation.runners.TestRunner#runScenario</h3><table class="result"><tr class="param"><th>Parameter #1</th><th>Parameter #2</th></tr><tr class="param stripe"><td>&quot;Verify that user receives error when click on Run button without entering code for &quot;Insertion&quot; page&quot;</td><td>&quot;Test Scenarios for Linked List Module&quot;</td></tr></table><p class="totop"><a href="#summary">back to summary</a></p>
<h3 id="m162">com.dsalgo.automation.runners.TestRunner#runScenario</h3><table class="result"><tr class="param"><th>Parameter #1</th><th>Parameter #2</th></tr><tr class="param stripe"><td>&quot;Verify that user is able to navigate to Code executor page&quot;</td><td>&quot;Tree&quot;</td></tr></table><p class="totop"><a href="#summary">back to summary</a></p>
<h3 id="m163">com.dsalgo.automation.runners.TestRunner#runScenario</h3><table class="result"><tr class="param"><th>Parameter #1</th><th>Parameter #2</th></tr><tr class="param stripe"><td>&quot;Verify that user is able to navigate to &quot;Practice Questions&quot; Page for &quot;Creating Linked List&quot; page&quot;</td><td>&quot;Test Scenarios for Linked List Module&quot;</td></tr></table><p class="totop"><a href="#summary">back to summary</a></p>
<h3 id="m164">com.dsalgo.automation.runners.TestRunner#runScenario</h3><table class="result"><tr class="param"><th>Parameter #1</th><th>Parameter #2</th></tr><tr class="param stripe"><td>&quot;Verify TryEditor with valid code&quot;</td><td>&quot;Tree&quot;</td></tr></table><p class="totop"><a href="#summary">back to summary</a></p>
<h3 id="m165">com.dsalgo.automation.runners.TestRunner#runScenario</h3><table class="result"><tr class="param"><th>Parameter #1</th><th>Parameter #2</th></tr><tr class="param stripe"><td>&quot;Verify TryEditor with valid code&quot;</td><td>&quot;Tree&quot;</td></tr></table><p class="totop"><a href="#summary">back to summary</a></p>
<h3 id="m166">com.dsalgo.automation.runners.TestRunner#runScenario</h3><table class="result"><tr class="param"><th>Parameter #1</th><th>Parameter #2</th></tr><tr class="param stripe"><td>&quot;Verify that user is able to see a warning message on clicking &quot;Get Started&quot; button of &quot;Data Structures-Introduction&quot; without Sign in&quot;</td><td>&quot;Access dsAlgo Portal&quot;</td></tr></table><p class="totop"><a href="#summary">back to summary</a></p>
<h3 id="m167">com.dsalgo.automation.runners.TestRunner#runScenario</h3><table class="result"><tr class="param"><th>Parameter #1</th><th>Parameter #2</th></tr><tr class="param stripe"><td>&quot;Verify TryEditor with empty code&quot;</td><td>&quot;Queue&quot;</td></tr></table><p class="totop"><a href="#summary">back to summary</a></p>
<h3 id="m168">com.dsalgo.automation.runners.TestRunner#runScenario</h3><table class="result"><tr class="param"><th>Parameter #1</th><th>Parameter #2</th></tr><tr class="param stripe"><td>&quot;Verify TryEditor with valid code&quot;</td><td>&quot;Queue&quot;</td></tr></table><p class="totop"><a href="#summary">back to summary</a></p>
<h3 id="m169">com.dsalgo.automation.runners.TestRunner#runScenario</h3><table class="result"><tr class="param"><th>Parameter #1</th><th>Parameter #2</th></tr><tr class="param stripe"><td>&quot;Verify that user receives error when click on Run button without entering code for &quot;Implement Linked List in Python&quot; page&quot;</td><td>&quot;Test Scenarios for Linked List Module&quot;</td></tr></table><p class="totop"><a href="#summary">back to summary</a></p>
<h3 id="m170">com.dsalgo.automation.runners.TestRunner#runScenario</h3><table class="result"><tr class="param"><th>Parameter #1</th><th>Parameter #2</th></tr><tr class="param stripe"><td>&quot;Verify that user is able to navigate to Code executor page&quot;</td><td>&quot;Tree&quot;</td></tr></table><p class="totop"><a href="#summary">back to summary</a></p>
<h3 id="m171">com.dsalgo.automation.runners.TestRunner#runScenario</h3><table class="result"><tr class="param"><th>Parameter #1</th><th>Parameter #2</th></tr><tr class="param stripe"><td>&quot;Verify that user is able to navigate to Terminologies page&quot;</td><td>&quot;Tree&quot;</td></tr></table><p class="totop"><a href="#summary">back to summary</a></p>
<h3 id="m172">com.dsalgo.automation.runners.TestRunner#runScenario</h3><table class="result"><tr class="param"><th>Parameter #1</th><th>Parameter #2</th></tr><tr class="param stripe"><td>&quot;Verify that user is able to navigate to Code executor page&quot;</td><td>&quot;Tree&quot;</td></tr></table><p class="totop"><a href="#summary">back to summary</a></p>
<h3 id="m173">com.dsalgo.automation.runners.TestRunner#runScenario</h3><table class="result"><tr class="param"><th>Parameter #1</th><th>Parameter #2</th></tr><tr class="param stripe"><td>&quot;Verify that user receives error message without entering any code in &quot;Squares of a Sorted Array&quot; editor and click on Run button&quot;</td><td>&quot;Test Scenarios for Arrays&quot;</td></tr></table><p class="totop"><a href="#summary">back to summary</a></p>
<h3 id="m174">com.dsalgo.automation.runners.TestRunner#runScenario</h3><table class="result"><tr class="param"><th>Parameter #1</th><th>Parameter #2</th></tr><tr class="param stripe"><td>&quot;Verify that user receives error for invalid python code for &quot;Arrays in Python&quot; page&quot;</td><td>&quot;Test Scenarios for Arrays&quot;</td></tr></table><p class="totop"><a href="#summary">back to summary</a></p>
<h3 id="m175">com.dsalgo.automation.runners.TestRunner#runScenario</h3><table class="result"><tr class="param"><th>Parameter #1</th><th>Parameter #2</th></tr><tr class="param stripe"><td>&quot;Verify that user receives error for invalid python code for &quot;Implementation&quot; page&quot;</td><td>&quot;Test Scenarios for Stack Module&quot;</td></tr></table><p class="totop"><a href="#summary">back to summary</a></p>
<h3 id="m176">com.dsalgo.automation.runners.TestRunner#runScenario</h3><table class="result"><tr class="param"><th>Parameter #1</th><th>Parameter #2</th></tr><tr class="param stripe"><td>&quot;Verify that user is able to navigate to Code executor page&quot;</td><td>&quot;Tree&quot;</td></tr></table><p class="totop"><a href="#summary">back to summary</a></p>
<h3 id="m177">com.dsalgo.automation.runners.TestRunner#runScenario</h3><table class="result"><tr class="param"><th>Parameter #1</th><th>Parameter #2</th></tr><tr class="param stripe"><td>&quot;Verify that user is able to navigate to Code executor page&quot;</td><td>&quot;Tree&quot;</td></tr></table><p class="totop"><a href="#summary">back to summary</a></p>
<h3 id="m178">com.dsalgo.automation.runners.TestRunner#runScenario</h3><table class="result"><tr class="param"><th>Parameter #1</th><th>Parameter #2</th></tr><tr class="param stripe"><td>&quot;Verify that user receives error for invalid python code for &quot;Basic Operation in List&quot; page&quot;</td><td>&quot;Test Scenarios for Arrays&quot;</td></tr></table><p class="totop"><a href="#summary">back to summary</a></p>
<h3 id="m179">com.dsalgo.automation.runners.TestRunner#runScenario</h3><table class="result"><tr class="param"><th>Parameter #1</th><th>Parameter #2</th></tr><tr class="param stripe"><td>&quot;Verify that user is able to navigate to &quot;Operations in Stack&quot; page&quot;</td><td>&quot;Test Scenarios for Stack Module&quot;</td></tr></table><p class="totop"><a href="#summary">back to summary</a></p>
<h3 id="m180">com.dsalgo.automation.runners.TestRunner#runScenario</h3><table class="result"><tr class="param"><th>Parameter #1</th><th>Parameter #2</th></tr><tr class="param stripe"><td>&quot;Verify that user is able to navigate to Types of Binary Trees page&quot;</td><td>&quot;Tree&quot;</td></tr></table><p class="totop"><a href="#summary">back to summary</a></p>
<h3 id="m181">com.dsalgo.automation.runners.TestRunner#runScenario</h3><table class="result"><tr class="param"><th>Parameter #1</th><th>Parameter #2</th></tr><tr class="param stripe"><td>&quot;Verify that user is able to navigate to Implementation of Binary Trees page&quot;</td><td>&quot;Tree&quot;</td></tr></table><p class="totop"><a href="#summary">back to summary</a></p>
<h3 id="m182">com.dsalgo.automation.runners.TestRunner#runScenario</h3><table class="result"><tr class="param"><th>Parameter #1</th><th>Parameter #2</th></tr><tr class="param stripe"><td>&quot;Verify TryEditor with valid code&quot;</td><td>&quot;Queue&quot;</td></tr></table><p class="totop"><a href="#summary">back to summary</a></p>
<h3 id="m183">com.dsalgo.automation.runners.TestRunner#runScenario</h3><table class="result"><tr class="param"><th>Parameter #1</th><th>Parameter #2</th></tr><tr class="param stripe"><td>&quot;Verify that user receives error message for empty Password field during registration&quot;</td><td>&quot;User Registration&quot;</td></tr></table><p class="totop"><a href="#summary">back to summary</a></p>
<h3 id="m184">com.dsalgo.automation.runners.TestRunner#runScenario</h3><table class="result"><tr class="param"><th>Parameter #1</th><th>Parameter #2</th></tr><tr class="param stripe"><td>&quot;Verify that user receives error when click on Run button without entering code for &quot;Basic Operation in List&quot; page&quot;</td><td>&quot;Test Scenarios for Arrays&quot;</td></tr></table><p class="totop"><a href="#summary">back to summary</a></p>
<h3 id="m185">com.dsalgo.automation.runners.TestRunner#runScenario</h3><table class="result"><tr class="param"><th>Parameter #1</th><th>Parameter #2</th></tr><tr class="param stripe"><td>&quot;Verify the Home page for a user without Sign in&quot;</td><td>&quot;Access dsAlgo Portal&quot;</td></tr></table><p class="totop"><a href="#summary">back to summary</a></p>
<h3 id="m186">com.dsalgo.automation.runners.TestRunner#runScenario</h3><table class="result"><tr class="param"><th>Parameter #1</th><th>Parameter #2</th></tr><tr class="param stripe"><td>&quot;Verify that user receives error message for empty Password field during registration&quot;</td><td>&quot;User Registration&quot;</td></tr></table><p class="totop"><a href="#summary">back to summary</a></p>
<h3 id="m187">com.dsalgo.automation.runners.TestRunner#runScenario</h3><table class="result"><tr class="param"><th>Parameter #1</th><th>Parameter #2</th></tr><tr class="param stripe"><td>&quot;Verify that user is able to navigate to &quot;try Editor&quot; page for &quot;Applications of Array&quot; page&quot;</td><td>&quot;Test Scenarios for Arrays&quot;</td></tr></table><p class="totop"><a href="#summary">back to summary</a></p>
<h3 id="m188">com.dsalgo.automation.runners.TestRunner#runScenario</h3><table class="result"><tr class="param"><th>Parameter #1</th><th>Parameter #2</th></tr><tr class="param stripe"><td>&quot;Verify TryEditor with valid code&quot;</td><td>&quot;Tree&quot;</td></tr></table><p class="totop"><a href="#summary">back to summary</a></p>
<h3 id="m189">com.dsalgo.automation.runners.TestRunner#runScenario</h3><table class="result"><tr class="param"><th>Parameter #1</th><th>Parameter #2</th></tr><tr class="param stripe"><td>&quot;Verify that user is able to navigate to Types of Trees page&quot;</td><td>&quot;Tree&quot;</td></tr></table><p class="totop"><a href="#summary">back to summary</a></p>
<h3 id="m190">com.dsalgo.automation.runners.TestRunner#runScenario</h3><table class="result"><tr class="param"><th>Parameter #1</th><th>Parameter #2</th></tr><tr class="param stripe"><td>&quot;Verify TryEditor with invalid code&quot;</td><td>&quot;Tree&quot;</td></tr></table><p class="totop"><a href="#summary">back to summary</a></p>
<h3 id="m191">com.dsalgo.automation.runners.TestRunner#runScenario</h3><table class="result"><tr class="param"><th>Parameter #1</th><th>Parameter #2</th></tr><tr class="param stripe"><td>&quot;Verify TryEditor with empty code&quot;</td><td>&quot;Tree&quot;</td></tr></table><p class="totop"><a href="#summary">back to summary</a></p>
<h3 id="m192">com.dsalgo.automation.runners.TestRunner#runScenario</h3><table class="result"><tr class="param"><th>Parameter #1</th><th>Parameter #2</th></tr><tr class="param stripe"><td>&quot;Verify that user receives error when click on Run button without entering code for &quot;Creating Linked List&quot; page&quot;</td><td>&quot;Test Scenarios for Linked List Module&quot;</td></tr></table><p class="totop"><a href="#summary">back to summary</a></p>
<h3 id="m193">com.dsalgo.automation.runners.TestRunner#runScenario</h3><table class="result"><tr class="param"><th>Parameter #1</th><th>Parameter #2</th></tr><tr class="param stripe"><td>&quot;Verify that user receives error when click on Run button without entering code for &quot;Deletion&quot; page&quot;</td><td>&quot;Test Scenarios for Linked List Module&quot;</td></tr></table><p class="totop"><a href="#summary">back to summary</a></p>
<h3 id="m194">com.dsalgo.automation.runners.TestRunner#runScenario</h3><table class="result"><tr class="param"><th>Parameter #1</th><th>Parameter #2</th></tr><tr class="param stripe"><td>&quot;Verify TryEditor with invalid code&quot;</td><td>&quot;Queue&quot;</td></tr></table><p class="totop"><a href="#summary">back to summary</a></p>
<h3 id="m195">com.dsalgo.automation.runners.TestRunner#runScenario</h3><table class="result"><tr class="param"><th>Parameter #1</th><th>Parameter #2</th></tr><tr class="param stripe"><td>&quot;Verify that user is able to navigate to &quot;try here Editor&quot; page for &quot;Operations in Stack&quot; page&quot;</td><td>&quot;Test Scenarios for Stack Module&quot;</td></tr></table><p class="totop"><a href="#summary">back to summary</a></p>
<h3 id="m196">com.dsalgo.automation.runners.TestRunner#runScenario</h3><table class="result"><tr class="param"><th>Parameter #1</th><th>Parameter #2</th></tr><tr class="param stripe"><td>&quot;Verify that user is able to run valid python code for &quot;Max Consecutive Ones&quot; question&quot;</td><td>&quot;Test Scenarios for Arrays&quot;</td></tr></table><p class="totop"><a href="#summary">back to summary</a></p>
<h3 id="m197">com.dsalgo.automation.runners.TestRunner#runScenario</h3><table class="result"><tr class="param"><th>Parameter #1</th><th>Parameter #2</th></tr><tr class="param stripe"><td>&quot;Verify that user is able to see a warning message while selecting &quot;Graph&quot; from the dropdown without signing in&quot;</td><td>&quot;Access dsAlgo Portal&quot;</td></tr></table><p class="totop"><a href="#summary">back to summary</a></p>
<h3 id="m198">com.dsalgo.automation.runners.TestRunner#runScenario</h3><table class="result"><tr class="param"><th>Parameter #1</th><th>Parameter #2</th></tr><tr class="param stripe"><td>&quot;Verify TryEditor with valid code&quot;</td><td>&quot;Tree&quot;</td></tr></table><p class="totop"><a href="#summary">back to summary</a></p>
<h3 id="m199">com.dsalgo.automation.runners.TestRunner#runScenario</h3><table class="result"><tr class="param"><th>Parameter #1</th><th>Parameter #2</th></tr><tr class="param stripe"><td>&quot;Verify that user is able to navigate to Implementation using collections.deque page&quot;</td><td>&quot;Queue&quot;</td></tr></table><p class="totop"><a href="#summary">back to summary</a></p>
<h3 id="m200">com.dsalgo.automation.runners.TestRunner#runScenario</h3><table class="result"><tr class="param"><th>Parameter #1</th><th>Parameter #2</th></tr><tr class="param stripe"><td>&quot;Verify that user receives error on submitting invalid python code for &quot;Find Numbers with Even Number of Digits&quot; question&quot;</td><td>&quot;Test Scenarios for Arrays&quot;</td></tr></table><p class="totop"><a href="#summary">back to summary</a></p>
<h3 id="m201">com.dsalgo.automation.runners.TestRunner#runScenario</h3><table class="result"><tr class="param"><th>Parameter #1</th><th>Parameter #2</th></tr><tr class="param stripe"><td>&quot;Verify that user is able to navigate to &quot;try Editor&quot; page&quot;</td><td>&quot;Navigation to Data Structures - Introduction Page&quot;</td></tr></table><p class="totop"><a href="#summary">back to summary</a></p>
<h3 id="m202">com.dsalgo.automation.runners.TestRunner#runScenario</h3><table class="result"><tr class="param"><th>Parameter #1</th><th>Parameter #2</th></tr><tr class="param stripe"><td>&quot;Verify that user receives error message for all empty fields during registration&quot;</td><td>&quot;User Registration&quot;</td></tr></table><p class="totop"><a href="#summary">back to summary</a></p>
<h3 id="m203">com.dsalgo.automation.runners.TestRunner#runScenario</h3><table class="result"><tr class="param"><th>Parameter #1</th><th>Parameter #2</th></tr><tr class="param stripe"><td>&quot;Verify that user receives &quot;Submission Successful&quot; on submitting valid python code for &quot;Find Numbers with Even Number of Digits&quot; question&quot;</td><td>&quot;Test Scenarios for Arrays&quot;</td></tr></table><p class="totop"><a href="#summary">back to summary</a></p>
<h3 id="m204">com.dsalgo.automation.runners.TestRunner#runScenario</h3><table class="result"><tr class="param"><th>Parameter #1</th><th>Parameter #2</th></tr><tr class="param stripe"><td>&quot;Verify that user is able to navigate to &quot;Applications of Array&quot; page&quot;</td><td>&quot;Test Scenarios for Arrays&quot;</td></tr></table><p class="totop"><a href="#summary">back to summary</a></p>
<h3 id="m205">com.dsalgo.automation.runners.TestRunner#runScenario</h3><table class="result"><tr class="param"><th>Parameter #1</th><th>Parameter #2</th></tr><tr class="param stripe"><td>&quot;Verify that user is able to navigate to Code executor page&quot;</td><td>&quot;Tree&quot;</td></tr></table><p class="totop"><a href="#summary">back to summary</a></p>
<h3 id="m206">com.dsalgo.automation.runners.TestRunner#runScenario</h3><table class="result"><tr class="param"><th>Parameter #1</th><th>Parameter #2</th></tr><tr class="param stripe"><td>&quot;Verify that user is able to navigate to &quot;try Editor&quot; page for &quot;Arrays using List&quot; page&quot;</td><td>&quot;Test Scenarios for Arrays&quot;</td></tr></table><p class="totop"><a href="#summary">back to summary</a></p>
<h3 id="m207">com.dsalgo.automation.runners.TestRunner#runScenario</h3><table class="result"><tr class="param"><th>Parameter #1</th><th>Parameter #2</th></tr><tr class="param stripe"><td>&quot;Verify that user is able to navigate to Implementation using array page&quot;</td><td>&quot;Queue&quot;</td></tr></table><p class="totop"><a href="#summary">back to summary</a></p>
<h3 id="m208">com.dsalgo.automation.runners.TestRunner#runScenario</h3><table class="result"><tr class="param"><th>Parameter #1</th><th>Parameter #2</th></tr><tr class="param stripe"><td>&quot;Verify that user is able to redirected to the  home page&quot;</td><td>&quot;Test Scenarios for Arrays&quot;</td></tr></table><p class="totop"><a href="#summary">back to summary</a></p>
<h3 id="m209">com.dsalgo.automation.runners.TestRunner#runScenario</h3><table class="result"><tr class="param"><th>Parameter #1</th><th>Parameter #2</th></tr><tr class="param stripe"><td>&quot;Verify TryEditor with empty code&quot;</td><td>&quot;Tree&quot;</td></tr></table><p class="totop"><a href="#summary">back to summary</a></p>
<h3 id="m210">com.dsalgo.automation.runners.TestRunner#runScenario</h3><table class="result"><tr class="param"><th>Parameter #1</th><th>Parameter #2</th></tr><tr class="param stripe"><td>&quot;Verify that user is able to see output for valid python code for &quot;Arrays using List&quot; page&quot;</td><td>&quot;Test Scenarios for Arrays&quot;</td></tr></table><p class="totop"><a href="#summary">back to summary</a></p>
<h3 id="m211">com.dsalgo.automation.runners.TestRunner#runScenario</h3><table class="result"><tr class="param"><th>Parameter #1</th><th>Parameter #2</th></tr><tr class="param stripe"><td>&quot;Verify TryEditor invalid code&quot;</td><td>&quot;Tree&quot;</td></tr></table><p class="totop"><a href="#summary">back to summary</a></p>
<h3 id="m212">com.dsalgo.automation.runners.TestRunner#runScenario</h3><table class="result"><tr class="param"><th>Parameter #1</th><th>Parameter #2</th></tr><tr class="param stripe"><td>&quot;Verify that user is able to see output for valid python code for &quot;Basic Operation in List&quot; page&quot;</td><td>&quot;Test Scenarios for Arrays&quot;</td></tr></table><p class="totop"><a href="#summary">back to summary</a></p>
<h3 id="m213">com.dsalgo.automation.runners.TestRunner#runScenario</h3><table class="result"><tr class="param"><th>Parameter #1</th><th>Parameter #2</th></tr><tr class="param stripe"><td>&quot;Verify TryEditor with valid code&quot;</td><td>&quot;Tree&quot;</td></tr></table><p class="totop"><a href="#summary">back to summary</a></p>
<h3 id="m214">com.dsalgo.automation.runners.TestRunner#runScenario</h3><table class="result"><tr class="param"><th>Parameter #1</th><th>Parameter #2</th></tr><tr class="param stripe"><td>&quot;Verify TryEditor with empty code&quot;</td><td>&quot;Queue&quot;</td></tr></table><p class="totop"><a href="#summary">back to summary</a></p>
<h3 id="m215">com.dsalgo.automation.runners.TestRunner#runScenario</h3><table class="result"><tr class="param"><th>Parameter #1</th><th>Parameter #2</th></tr><tr class="param stripe"><td>&quot;Verify that user is able to navigate to Binary Search Trees page&quot;</td><td>&quot;Tree&quot;</td></tr></table><p class="totop"><a href="#summary">back to summary</a></p>
<h3 id="m216">com.dsalgo.automation.runners.TestRunner#runScenario</h3><table class="result"><tr class="param"><th>Parameter #1</th><th>Parameter #2</th></tr><tr class="param stripe"><td>&quot;Verify that user is able to navigate to Implementation of BST page&quot;</td><td>&quot;Tree&quot;</td></tr></table><p class="totop"><a href="#summary">back to summary</a></p>
<h3 id="m217">com.dsalgo.automation.runners.TestRunner#runScenario</h3><table class="result"><tr class="param"><th>Parameter #1</th><th>Parameter #2</th></tr><tr class="param stripe"><td>&quot;Verify that user receives error message without entering any code in &quot;Find Numbers with Even Number of Digits&quot; editor and click on Submit button&quot;</td><td>&quot;Test Scenarios for Arrays&quot;</td></tr></table><p class="totop"><a href="#summary">back to summary</a></p>
<h3 id="m218">com.dsalgo.automation.runners.TestRunner#runScenario</h3><table class="result"><tr class="param"><th>Parameter #1</th><th>Parameter #2</th></tr><tr class="param stripe"><td>&quot;Verify TryEditor with empty code&quot;</td><td>&quot;Tree&quot;</td></tr></table><p class="totop"><a href="#summary">back to summary</a></p>
<h3 id="m219">com.dsalgo.automation.runners.TestRunner#runScenario</h3><table class="result"><tr class="param"><th>Parameter #1</th><th>Parameter #2</th></tr><tr class="param stripe"><td>&quot;Verify that user navigates to the Graph page after signing in&quot;</td><td>&quot;Navigation to Graph Data Structure Page&quot;</td></tr></table><p class="totop"><a href="#summary">back to summary</a></p>
<h3 id="m220">com.dsalgo.automation.runners.TestRunner#runScenario</h3><table class="result"><tr class="param"><th>Parameter #1</th><th>Parameter #2</th></tr><tr class="param stripe"><td>&quot;Verify that user is able to navigate to &quot;try here Editor&quot; page for &quot;Implementation&quot; page&quot;</td><td>&quot;Test Scenarios for Stack Module&quot;</td></tr></table><p class="totop"><a href="#summary">back to summary</a></p>
<h3 id="m221">com.dsalgo.automation.runners.TestRunner#runScenario</h3><table class="result"><tr class="param"><th>Parameter #1</th><th>Parameter #2</th></tr><tr class="param stripe"><td>&quot;User navigates to the Registration Page from the Sign-In Page&quot;</td><td>&quot;Navigation to Sign-In Page&quot;</td></tr></table><p class="totop"><a href="#summary">back to summary</a></p>
<h3 id="m222">com.dsalgo.automation.runners.TestRunner#runScenario</h3><table class="result"><tr class="param"><th>Parameter #1</th><th>Parameter #2</th></tr><tr class="param stripe"><td>&quot;Verify that the user is able to sign out successfully&quot;</td><td>&quot;Access dsAlgo Portal&quot;</td></tr></table><p class="totop"><a href="#summary">back to summary</a></p>
<h3 id="m223">com.dsalgo.automation.runners.TestRunner#runScenario</h3><table class="result"><tr class="param"><th>Parameter #1</th><th>Parameter #2</th></tr><tr class="param stripe"><td>&quot;Verify that user is able to navigate to &quot;Deletion&quot; page&quot;</td><td>&quot;Test Scenarios for Linked List Module&quot;</td></tr></table><p class="totop"><a href="#summary">back to summary</a></p>
<h3 id="m224">com.dsalgo.automation.runners.TestRunner#runScenario</h3><table class="result"><tr class="param"><th>Parameter #1</th><th>Parameter #2</th></tr><tr class="param stripe"><td>&quot;Verify that user is able to navigate to &quot;Practice Questions&quot; Page for &quot;Implement Linked List&quot; page&quot;</td><td>&quot;Test Scenarios for Linked List Module&quot;</td></tr></table><p class="totop"><a href="#summary">back to summary</a></p>
<h3 id="m225">com.dsalgo.automation.runners.TestRunner#runScenario</h3><table class="result"><tr class="param"><th>Parameter #1</th><th>Parameter #2</th></tr><tr class="param stripe"><td>&quot;Verify that user receives error for invalid python code for &quot;Types of Linked List&quot; page&quot;</td><td>&quot;Test Scenarios for Linked List Module&quot;</td></tr></table><p class="totop"><a href="#summary">back to summary</a></p>
<h3 id="m226">com.dsalgo.automation.runners.TestRunner#runScenario</h3><table class="result"><tr class="param"><th>Parameter #1</th><th>Parameter #2</th></tr><tr class="param stripe"><td>&quot;Verify that user is able to navigate to Code executor page&quot;</td><td>&quot;Tree&quot;</td></tr></table><p class="totop"><a href="#summary">back to summary</a></p>
<h3 id="m227">com.dsalgo.automation.runners.TestRunner#runScenario</h3><table class="result"><tr class="param"><th>Parameter #1</th><th>Parameter #2</th></tr><tr class="param stripe"><td>&quot;Verify TryEditor with empty code&quot;</td><td>&quot;Tree&quot;</td></tr></table><p class="totop"><a href="#summary">back to summary</a></p>
<h3 id="m228">com.dsalgo.automation.runners.TestRunner#runScenario</h3><table class="result"><tr class="param"><th>Parameter #1</th><th>Parameter #2</th></tr><tr class="param stripe"><td>&quot;Verify that user is able to navigate to &quot;Practice Questions&quot; Page for &quot;Introduction&quot; page&quot;</td><td>&quot;Test Scenarios for Linked List Module&quot;</td></tr></table><p class="totop"><a href="#summary">back to summary</a></p>
<h3 id="m229">com.dsalgo.automation.runners.TestRunner#runScenario</h3><table class="result"><tr class="param"><th>Parameter #1</th><th>Parameter #2</th></tr><tr class="param stripe"><td>&quot;Verify that user receives error for invalid python code for &quot;Traversal&quot; page&quot;</td><td>&quot;Test Scenarios for Linked List Module&quot;</td></tr></table><p class="totop"><a href="#summary">back to summary</a></p>
<h3 id="m230">com.dsalgo.automation.runners.TestRunner#runScenario</h3><table class="result"><tr class="param"><th>Parameter #1</th><th>Parameter #2</th></tr><tr class="param stripe"><td>&quot;Verify that user is able to navigate to &quot;Traversal&quot; page&quot;</td><td>&quot;Test Scenarios for Linked List Module&quot;</td></tr></table><p class="totop"><a href="#summary">back to summary</a></p>
<h3 id="m231">com.dsalgo.automation.runners.TestRunner#runScenario</h3><table class="result"><tr class="param"><th>Parameter #1</th><th>Parameter #2</th></tr><tr class="param stripe"><td>&quot;Verify that user receives error message without entering any code in &quot;Max Consecutive Ones&quot; editor and click on Run button&quot;</td><td>&quot;Test Scenarios for Arrays&quot;</td></tr></table><p class="totop"><a href="#summary">back to summary</a></p>
<h3 id="m232">com.dsalgo.automation.runners.TestRunner#runScenario</h3><table class="result"><tr class="param"><th>Parameter #1</th><th>Parameter #2</th></tr><tr class="param stripe"><td>&quot;Verify  TryEditor with invalid code&quot;</td><td>&quot;Tree&quot;</td></tr></table><p class="totop"><a href="#summary">back to summary</a></p>
<h3 id="m233">com.dsalgo.automation.runners.TestRunner#runScenario</h3><table class="result"><tr class="param"><th>Parameter #1</th><th>Parameter #2</th></tr><tr class="param stripe"><td>&quot;Verify that user is able to see a warning message on clicking &quot;Get Started&quot; button of &quot;linked List&quot; without Sign in&quot;</td><td>&quot;Access dsAlgo Portal&quot;</td></tr></table><p class="totop"><a href="#summary">back to summary</a></p>
<h3 id="m234">com.dsalgo.automation.runners.TestRunner#runScenario</h3><table class="result"><tr class="param"><th>Parameter #1</th><th>Parameter #2</th></tr><tr class="param stripe"><td>&quot;Verify TryEditor with valid code&quot;</td><td>&quot;Tree&quot;</td></tr></table><p class="totop"><a href="#summary">back to summary</a></p>
<h3 id="m235">com.dsalgo.automation.runners.TestRunner#runScenario</h3><table class="result"><tr class="param"><th>Parameter #1</th><th>Parameter #2</th></tr><tr class="param stripe"><td>&quot;Verify that user is able to navigate to &quot;Practice Questions&quot; Page for &quot;Implementation&quot; page&quot;</td><td>&quot;Test Scenarios for Stack Module&quot;</td></tr></table><p class="totop"><a href="#summary">back to summary</a></p>
<h3 id="m236">com.dsalgo.automation.runners.TestRunner#runScenario</h3><table class="result"><tr class="param"><th>Parameter #1</th><th>Parameter #2</th></tr><tr class="param stripe"><td>&quot;Verify that user receives error when click on Run button without entering code for &quot;Traversal&quot; page&quot;</td><td>&quot;Test Scenarios for Linked List Module&quot;</td></tr></table><p class="totop"><a href="#summary">back to summary</a></p>
<h3 id="m237">com.dsalgo.automation.runners.TestRunner#runScenario</h3><table class="result"><tr class="param"><th>Parameter #1</th><th>Parameter #2</th></tr><tr class="param stripe"><td>&quot;Verify that user is able to navigate to &quot;Applications of Array&quot; page&quot;</td><td>&quot;Test Scenarios for Arrays&quot;</td></tr></table><p class="totop"><a href="#summary">back to summary</a></p>
<h3 id="m238">com.dsalgo.automation.runners.TestRunner#runScenario</h3><table class="result"><tr class="param"><th>Parameter #1</th><th>Parameter #2</th></tr><tr class="param stripe"><td>&quot;Verify that user receives error for invalid python code for &quot;Linked list introduction&quot; page&quot;</td><td>&quot;Test Scenarios for Linked List Module&quot;</td></tr></table><p class="totop"><a href="#summary">back to summary</a></p>
<h3 id="m239">com.dsalgo.automation.runners.TestRunner#runScenario</h3><table class="result"><tr class="param"><th>Parameter #1</th><th>Parameter #2</th></tr><tr class="param stripe"><td>&quot;Verify that user is able to navigate to Binary Tree Traversals page&quot;</td><td>&quot;Tree&quot;</td></tr></table><p class="totop"><a href="#summary">back to summary</a></p>
<h3 id="m240">com.dsalgo.automation.runners.TestRunner#runScenario</h3><table class="result"><tr class="param"><th>Parameter #1</th><th>Parameter #2</th></tr><tr class="param stripe"><td>&quot;Verify that user is able to navigate to &quot;Graph&quot; data structure page&quot;</td><td>&quot;Access dsAlgo Portal&quot;</td></tr></table><p class="totop"><a href="#summary">back to summary</a></p>
<h3 id="m241">com.dsalgo.automation.runners.TestRunner#runScenario</h3><table class="result"><tr class="param"><th>Parameter #1</th><th>Parameter #2</th></tr><tr class="param stripe"><td>&quot;Verify TryEditor with valid code&quot;</td><td>&quot;Queue&quot;</td></tr></table><p class="totop"><a href="#summary">back to summary</a></p>
<h3 id="m242">com.dsalgo.automation.runners.TestRunner#runScenario</h3><table class="result"><tr class="param"><th>Parameter #1</th><th>Parameter #2</th></tr><tr class="param stripe"><td>&quot;Verify that user is able to see a warning message on clicking &quot;Get Started&quot; button of &quot;Tree&quot; without Sign in&quot;</td><td>&quot;Access dsAlgo Portal&quot;</td></tr></table><p class="totop"><a href="#summary">back to summary</a></p>
<h3 id="m243">com.dsalgo.automation.runners.TestRunner#runScenario</h3><table class="result"><tr class="param"><th>Parameter #1</th><th>Parameter #2</th></tr><tr class="param stripe"><td>&quot;Verify that user is able to run valid python code for &quot;Squares of a Sorted Array&quot; question&quot;</td><td>&quot;Test Scenarios for Arrays&quot;</td></tr></table><p class="totop"><a href="#summary">back to summary</a></p>
<h3 id="m244">com.dsalgo.automation.runners.TestRunner#runScenario</h3><table class="result"><tr class="param"><th>Parameter #1</th><th>Parameter #2</th></tr><tr class="param stripe"><td>&quot;Verify that user is able to navigate to &quot;Practice Questions&quot; Page for &quot;Arrays in Python&quot; page&quot;</td><td>&quot;Test Scenarios for Arrays&quot;</td></tr></table><p class="totop"><a href="#summary">back to summary</a></p>
<h3 id="m245">com.dsalgo.automation.runners.TestRunner#runScenario</h3><table class="result"><tr class="param"><th>Parameter #1</th><th>Parameter #2</th></tr><tr class="param stripe"><td>&quot;Verify TryEditor with invalid code&quot;</td><td>&quot;Queue&quot;</td></tr></table><p class="totop"><a href="#summary">back to summary</a></p>
<h3 id="m246">com.dsalgo.automation.runners.TestRunner#runScenario</h3><table class="result"><tr class="param"><th>Parameter #1</th><th>Parameter #2</th></tr><tr class="param stripe"><td>&quot;Verify TryEditor with empty code&quot;</td><td>&quot;Tree&quot;</td></tr></table><p class="totop"><a href="#summary">back to summary</a></p>
<h3 id="m247">com.dsalgo.automation.runners.TestRunner#runScenario</h3><table class="result"><tr class="param"><th>Parameter #1</th><th>Parameter #2</th></tr><tr class="param stripe"><td>&quot;Verify that user receives error for invalid python code for &quot;Implement Linked List in Python&quot; page&quot;</td><td>&quot;Test Scenarios for Linked List Module&quot;</td></tr></table><p class="totop"><a href="#summary">back to summary</a></p>
<h3 id="m248">com.dsalgo.automation.runners.TestRunner#runScenario</h3><table class="result"><tr class="param"><th>Parameter #1</th><th>Parameter #2</th></tr><tr class="param stripe"><td>&quot;Verify that user receives error when click on Run button without entering code for &quot;Linked List Introduction&quot; page&quot;</td><td>&quot;Test Scenarios for Linked List Module&quot;</td></tr></table><p class="totop"><a href="#summary">back to summary</a></p>
<h3 id="m249">com.dsalgo.automation.runners.TestRunner#runScenario</h3><table class="result"><tr class="param"><th>Parameter #1</th><th>Parameter #2</th></tr><tr class="param stripe"><td>&quot;Verify that user is able to navigate to Overview of Trees page&quot;</td><td>&quot;Tree&quot;</td></tr></table><p class="totop"><a href="#summary">back to summary</a></p>
<h3 id="m250">com.dsalgo.automation.runners.TestRunner#runScenario</h3><table class="result"><tr class="param"><th>Parameter #1</th><th>Parameter #2</th></tr><tr class="param stripe"><td>&quot;Verify that user is able to see output for valid python code on &quot;Implement Linked List in Python&quot; page&quot;</td><td>&quot;Test Scenarios for Linked List Module&quot;</td></tr></table><p class="totop"><a href="#summary">back to summary</a></p>
<h3 id="m251">com.dsalgo.automation.runners.TestRunner#runScenario</h3><table class="result"><tr class="param"><th>Parameter #1</th><th>Parameter #2</th></tr><tr class="param stripe"><td>&quot;Verify that user is able to run valid python code for &quot;Search the array&quot; question&quot;</td><td>&quot;Test Scenarios for Arrays&quot;</td></tr></table><p class="totop"><a href="#summary">back to summary</a></p>
<h3 id="m252">com.dsalgo.automation.runners.TestRunner#runScenario</h3><table class="result"><tr class="param"><th>Parameter #1</th><th>Parameter #2</th></tr><tr class="param stripe"><td>&quot;Verify that user receives error message on submitting invalid python code for &quot;Max Consecutive Ones&quot; question&quot;</td><td>&quot;Test Scenarios for Arrays&quot;</td></tr></table><p class="totop"><a href="#summary">back to summary</a></p>
<h3 id="m253">com.dsalgo.automation.runners.TestRunner#runScenario</h3><table class="result"><tr class="param"><th>Parameter #1</th><th>Parameter #2</th></tr><tr class="param stripe"><td>&quot;Verify that user is able to navigate to Traversals-Illustration page&quot;</td><td>&quot;Tree&quot;</td></tr></table><p class="totop"><a href="#summary">back to summary</a></p>
<h3 id="m254">com.dsalgo.automation.runners.TestRunner#runScenario</h3><table class="result"><tr class="param"><th>Parameter #1</th><th>Parameter #2</th></tr><tr class="param stripe"><td>&quot;Verify that user is able to navigate to Code executor page&quot;</td><td>&quot;Tree&quot;</td></tr></table><p class="totop"><a href="#summary">back to summary</a></p>
<h3 id="m255">com.dsalgo.automation.runners.TestRunner#runScenario</h3><table class="result"><tr class="param"><th>Parameter #1</th><th>Parameter #2</th></tr><tr class="param stripe"><td>&quot;Verify that user navigates to the Register page from the Home Page&quot;</td><td>&quot;Access dsAlgo Portal&quot;</td></tr></table><p class="totop"><a href="#summary">back to summary</a></p>
<h3 id="m256">com.dsalgo.automation.runners.TestRunner#runScenario</h3><table class="result"><tr class="param"><th>Parameter #1</th><th>Parameter #2</th></tr><tr class="param stripe"><td>&quot;Verify that user receives error message without entering any code in &quot;Search the Array&quot; editor and click on Submit button&quot;</td><td>&quot;Test Scenarios for Arrays&quot;</td></tr></table><p class="totop"><a href="#summary">back to summary</a></p>
<h3 id="m257">com.dsalgo.automation.runners.TestRunner#runScenario</h3><table class="result"><tr class="param"><th>Parameter #1</th><th>Parameter #2</th></tr><tr class="param stripe"><td>&quot;Verify TryEditor with valid code&quot;</td><td>&quot;Tree&quot;</td></tr></table><p class="totop"><a href="#summary">back to summary</a></p>
<h3 id="m258">com.dsalgo.automation.runners.TestRunner#runScenario</h3><table class="result"><tr class="param"><th>Parameter #1</th><th>Parameter #2</th></tr><tr class="param stripe"><td>&quot;Verify TryEditor invalid code&quot;</td><td>&quot;Tree&quot;</td></tr></table><p class="totop"><a href="#summary">back to summary</a></p>
<h3 id="m259">com.dsalgo.automation.runners.TestRunner#runScenario</h3><table class="result"><tr class="param"><th>Parameter #1</th><th>Parameter #2</th></tr><tr class="param stripe"><td>&quot;Verify error message for invalid Python code&quot;</td><td>&quot;Navigation to Graph Data Structure Page&quot;</td></tr></table><p class="totop"><a href="#summary">back to summary</a></p>
<h3 id="m260">com.dsalgo.automation.runners.TestRunner#runScenario</h3><table class="result"><tr class="param"><th>Parameter #1</th><th>Parameter #2</th></tr><tr class="param stripe"><td>&quot;Verify that user is able to navigate to Code executor page&quot;</td><td>&quot;Queue&quot;</td></tr></table><p class="totop"><a href="#summary">back to summary</a></p>
<h3 id="m261">com.dsalgo.automation.runners.TestRunner#runScenario</h3><table class="result"><tr class="param"><th>Parameter #1</th><th>Parameter #2</th></tr><tr class="param stripe"><td>&quot;Verify that user is able to see output for valid python code on&quot;Creating Linked List&quot; page&quot;</td><td>&quot;Test Scenarios for Linked List Module&quot;</td></tr></table><p class="totop"><a href="#summary">back to summary</a></p>
<h3 id="m262">com.dsalgo.automation.runners.TestRunner#runScenario</h3><table class="result"><tr class="param"><th>Parameter #1</th><th>Parameter #2</th></tr><tr class="param stripe"><td>&quot;Verify that user receives error message without entering any code in &quot;Max Consecutive Ones&quot; editor and click on Submit button&quot;</td><td>&quot;Test Scenarios for Arrays&quot;</td></tr></table><p class="totop"><a href="#summary">back to summary</a></p>
<h3 id="m263">com.dsalgo.automation.runners.TestRunner#runScenario</h3><table class="result"><tr class="param"><th>Parameter #1</th><th>Parameter #2</th></tr><tr class="param stripe"><td>&quot;Verify that user is able to navigate to Code executor page&quot;</td><td>&quot;Tree&quot;</td></tr></table><p class="totop"><a href="#summary">back to summary</a></p>
<h3 id="m264">com.dsalgo.automation.runners.TestRunner#runScenario</h3><table class="result"><tr class="param"><th>Parameter #1</th><th>Parameter #2</th></tr><tr class="param stripe"><td>&quot;Verify that user is able to navigate to Implementation of Queue in Python page&quot;</td><td>&quot;Queue&quot;</td></tr></table><p class="totop"><a href="#summary">back to summary</a></p>
<h3 id="m265">com.dsalgo.automation.runners.TestRunner#runScenario</h3><table class="result"><tr class="param"><th>Parameter #1</th><th>Parameter #2</th></tr><tr class="param stripe"><td>&quot;Verify TryEditor with invalid code&quot;</td><td>&quot;Tree&quot;</td></tr></table><p class="totop"><a href="#summary">back to summary</a></p>
<h3 id="m266">com.dsalgo.automation.runners.TestRunner#runScenario</h3><table class="result"><tr class="param"><th>Parameter #1</th><th>Parameter #2</th></tr><tr class="param stripe"><td>&quot;Verify that user is able to navigate to Queue Operations page&quot;</td><td>&quot;Queue&quot;</td></tr></table><p class="totop"><a href="#summary">back to summary</a></p>
<h3 id="m267">com.dsalgo.automation.runners.TestRunner#runScenario</h3><table class="result"><tr class="param"><th>Parameter #1</th><th>Parameter #2</th></tr><tr class="param stripe"><td>&quot;Verify that user receives error message for empty Password field during Login&quot;</td><td>&quot;Navigation to Sign-In Page&quot;</td></tr></table><p class="totop"><a href="#summary">back to summary</a></p>
<h3 id="m268">com.dsalgo.automation.runners.TestRunner#runScenario</h3><table class="result"><tr class="param"><th>Parameter #1</th><th>Parameter #2</th></tr><tr class="param stripe"><td>&quot;Verify that user is able to navigate to &quot;try here Editor&quot; page for &quot;Traversal&quot; page&quot;</td><td>&quot;Test Scenarios for Linked List Module&quot;</td></tr></table><p class="totop"><a href="#summary">back to summary</a></p>
<h3 id="m269">com.dsalgo.automation.runners.TestRunner#runScenario</h3><table class="result"><tr class="param"><th>Parameter #1</th><th>Parameter #2</th></tr><tr class="param stripe"><td>&quot;Verify TryEditor with empty code&quot;</td><td>&quot;Tree&quot;</td></tr></table><p class="totop"><a href="#summary">back to summary</a></p>
<h3 id="m270">com.dsalgo.automation.runners.TestRunner#runScenario</h3><table class="result"><tr class="param"><th>Parameter #1</th><th>Parameter #2</th></tr><tr class="param stripe"><td>&quot;Verify that user is able to navigate to Binary Trees page&quot;</td><td>&quot;Tree&quot;</td></tr></table><p class="totop"><a href="#summary">back to summary</a></p>
<h3 id="m271">com.dsalgo.automation.runners.TestRunner#runScenario</h3><table class="result"><tr class="param"><th>Parameter #1</th><th>Parameter #2</th></tr><tr class="param stripe"><td>&quot;Verify output for valid Python code&quot;</td><td>&quot;Navigation to Graph Data Structure Page&quot;</td></tr></table><p class="totop"><a href="#summary">back to summary</a></p>
<h3 id="m272">com.dsalgo.automation.runners.TestRunner#runScenario</h3><table class="result"><tr class="param"><th>Parameter #1</th><th>Parameter #2</th></tr><tr class="param stripe"><td>&quot;Verify that user is able to navigate to Code executor page&quot;</td><td>&quot;Queue&quot;</td></tr></table><p class="totop"><a href="#summary">back to summary</a></p>
<h3 id="m273">com.dsalgo.automation.runners.TestRunner#runScenario</h3><table class="result"><tr class="param"><th>Parameter #1</th><th>Parameter #2</th></tr><tr class="param stripe"><td>&quot;Verify TryEditor with empty code&quot;</td><td>&quot;Tree&quot;</td></tr></table><p class="totop"><a href="#summary">back to summary</a></p>
<h3 id="m274">com.dsalgo.automation.runners.TestRunner#runScenario</h3><table class="result"><tr class="param"><th>Parameter #1</th><th>Parameter #2</th></tr><tr class="param stripe"><td>&quot;Verify that user is able to view diagram on Binary Tree Traversals page&quot;</td><td>&quot;Tree&quot;</td></tr></table><p class="totop"><a href="#summary">back to summary</a></p>
<h3 id="m275">com.dsalgo.automation.runners.TestRunner#runScenario</h3><table class="result"><tr class="param"><th>Parameter #1</th><th>Parameter #2</th></tr><tr class="param stripe"><td>&quot;Verify that user is able to navigate to &quot;Tree&quot; data structure page&quot;</td><td>&quot;Access dsAlgo Portal&quot;</td></tr></table><p class="totop"><a href="#summary">back to summary</a></p>
<h3 id="m276">com.dsalgo.automation.runners.TestRunner#runScenario</h3><table class="result"><tr class="param"><th>Parameter #1</th><th>Parameter #2</th></tr><tr class="param stripe"><td>&quot;Verify that user receives error when click on Run button without entering code for &quot;Operations in Stack&quot; page&quot;</td><td>&quot;Test Scenarios for Stack Module&quot;</td></tr></table><p class="totop"><a href="#summary">back to summary</a></p>
<h3 id="m277">com.dsalgo.automation.runners.TestRunner#runScenario</h3><table class="result"><tr class="param"><th>Parameter #1</th><th>Parameter #2</th></tr><tr class="param stripe"><td>&quot;Verify that user is able to see a warning message while selecting &quot;Tree&quot; from the dropdown without signing in&quot;</td><td>&quot;Access dsAlgo Portal&quot;</td></tr></table><p class="totop"><a href="#summary">back to summary</a></p>
<h3 id="m278">com.dsalgo.automation.runners.TestRunner#runScenario</h3><table class="result"><tr class="param"><th>Parameter #1</th><th>Parameter #2</th></tr><tr class="param stripe"><td>&quot;Verify that user is able to navigate to &quot;Insertion&quot; page&quot;</td><td>&quot;Test Scenarios for Linked List Module&quot;</td></tr></table><p class="totop"><a href="#summary">back to summary</a></p>
<h3 id="m279">com.dsalgo.automation.runners.TestRunner#runScenario</h3><table class="result"><tr class="param"><th>Parameter #1</th><th>Parameter #2</th></tr><tr class="param stripe"><td>&quot;Verify that user is able to view diagram on Types of Binary Trees page&quot;</td><td>&quot;Tree&quot;</td></tr></table><p class="totop"><a href="#summary">back to summary</a></p>
<h3 id="m280">com.dsalgo.automation.runners.TestRunner#runScenario</h3><table class="result"><tr class="param"><th>Parameter #1</th><th>Parameter #2</th></tr><tr class="param stripe"><td>&quot;Verify that user is able to see a warning message while selecting &quot;Queue&quot; from the dropdown without signing in&quot;</td><td>&quot;Access dsAlgo Portal&quot;</td></tr></table><p class="totop"><a href="#summary">back to summary</a></p>
<h3 id="m281">com.dsalgo.automation.runners.TestRunner#runScenario</h3><table class="result"><tr class="param"><th>Parameter #1</th><th>Parameter #2</th></tr><tr class="param stripe"><td>&quot;Verify that user is able to navigate to &quot;Queue&quot; data structure page&quot;</td><td>&quot;Access dsAlgo Portal&quot;</td></tr></table><p class="totop"><a href="#summary">back to summary</a></p>
<h3 id="m282">com.dsalgo.automation.runners.TestRunner#runScenario</h3><table class="result"><tr class="param"><th>Parameter #1</th><th>Parameter #2</th></tr><tr class="param stripe"><td>&quot;Verify that user is able to navigate to &quot;try here Editor&quot; page for &quot;Applications&quot; page&quot;</td><td>&quot;Test Scenarios for Stack Module&quot;</td></tr></table><p class="totop"><a href="#summary">back to summary</a></p>
<h3 id="m283">com.dsalgo.automation.runners.TestRunner#runScenario</h3><table class="result"><tr class="param"><th>Parameter #1</th><th>Parameter #2</th></tr><tr class="param stripe"><td>&quot;Verify that user is able to navigate to Tree Traversals page&quot;</td><td>&quot;Tree&quot;</td></tr></table><p class="totop"><a href="#summary">back to summary</a></p>
<h3 id="m284">com.dsalgo.automation.runners.TestRunner#runScenario</h3><table class="result"><tr class="param"><th>Parameter #1</th><th>Parameter #2</th></tr><tr class="param stripe"><td>&quot;Verify that user receives error for invalid python code for &quot;Operations in Stack&quot; page&quot;</td><td>&quot;Test Scenarios for Stack Module&quot;</td></tr></table><p class="totop"><a href="#summary">back to summary</a></p>
<h3 id="m285">com.dsalgo.automation.runners.TestRunner#runScenario</h3><table class="result"><tr class="param"><th>Parameter #1</th><th>Parameter #2</th></tr><tr class="param stripe"><td>&quot;Verify TryEditor with empty code&quot;</td><td>&quot;Tree&quot;</td></tr></table><p class="totop"><a href="#summary">back to summary</a></p>
<h3 id="m286">com.dsalgo.automation.runners.TestRunner#runScenario</h3><table class="result"><tr class="param"><th>Parameter #1</th><th>Parameter #2</th></tr><tr class="param stripe"><td>&quot;Verify that user is able to see a warning message while selecting &quot;Stack&quot; from the dropdown without signing in&quot;</td><td>&quot;Access dsAlgo Portal&quot;</td></tr></table><p class="totop"><a href="#summary">back to summary</a></p>
<h3 id="m287">com.dsalgo.automation.runners.TestRunner#runScenario</h3><table class="result"><tr class="param"><th>Parameter #1</th><th>Parameter #2</th></tr><tr class="param stripe"><td>&quot;Verify that user can land on the Home page after entering valid Username and Password&quot;</td><td>&quot;Navigation to Sign-In Page&quot;</td></tr></table><p class="totop"><a href="#summary">back to summary</a></p>
<h3 id="m288">com.dsalgo.automation.runners.TestRunner#runScenario</h3><table class="result"><tr class="param"><th>Parameter #1</th><th>Parameter #2</th></tr><tr class="param stripe"><td>&quot;Verify that user is able to navigate to &quot;Implement Linked List in Python&quot; page&quot;</td><td>&quot;Test Scenarios for Linked List Module&quot;</td></tr></table><p class="totop"><a href="#summary">back to summary</a></p>
<h3 id="m289">com.dsalgo.automation.runners.TestRunner#runScenario</h3><table class="result"><tr class="param"><th>Parameter #1</th><th>Parameter #2</th></tr><tr class="param stripe"><td>&quot;Verify that user receives error message without entering any code in &quot;Find Numbers with Even Number of Digits&quot; editor and click on Run button&quot;</td><td>&quot;Test Scenarios for Arrays&quot;</td></tr></table><p class="totop"><a href="#summary">back to summary</a></p>
<h3 id="m290">com.dsalgo.automation.runners.TestRunner#runScenario</h3><table class="result"><tr class="param"><th>Parameter #1</th><th>Parameter #2</th></tr><tr class="param stripe"><td>&quot;Verify that user is able to see output for valid python code on &quot;Deletion&quot; page&quot;</td><td>&quot;Test Scenarios for Linked List Module&quot;</td></tr></table><p class="totop"><a href="#summary">back to summary</a></p>
<h3 id="m291">com.dsalgo.automation.runners.TestRunner#runScenario</h3><table class="result"><tr class="param"><th>Parameter #1</th><th>Parameter #2</th></tr><tr class="param stripe"><td>&quot;Verify that user navigates to the Graph page&quot;</td><td>&quot;Navigation to Graph Data Structure Page&quot;</td></tr></table><p class="totop"><a href="#summary">back to summary</a></p>
<h3 id="m292">com.dsalgo.automation.runners.TestRunner#runScenario</h3><table class="result"><tr class="param"><th>Parameter #1</th><th>Parameter #2</th></tr><tr class="param stripe"><td>&quot;Verify that user is able to see a warning message on clicking &quot;Get Started&quot; button of &quot;Graph&quot; without Sign in&quot;</td><td>&quot;Access dsAlgo Portal&quot;</td></tr></table><p class="totop"><a href="#summary">back to summary</a></p>
<h3 id="m293">com.dsalgo.automation.runners.TestRunner#runScenario</h3><table class="result"><tr class="param"><th>Parameter #1</th><th>Parameter #2</th></tr><tr class="param stripe"><td>&quot;Verify that user is able to see output for valid python code on&quot;Implementation&quot; page&quot;</td><td>&quot;Test Scenarios for Stack Module&quot;</td></tr></table><p class="totop"><a href="#summary">back to summary</a></p>
<h3 id="m294">com.dsalgo.automation.runners.TestRunner#runScenario</h3><table class="result"><tr class="param"><th>Parameter #1</th><th>Parameter #2</th></tr><tr class="param stripe"><td>&quot;Verify TryEditor with invalid code&quot;</td><td>&quot;Queue&quot;</td></tr></table><p class="totop"><a href="#summary">back to summary</a></p>
<h3 id="m295">com.dsalgo.automation.runners.TestRunner#runScenario</h3><table class="result"><tr class="param"><th>Parameter #1</th><th>Parameter #2</th></tr><tr class="param stripe"><td>&quot;Verify that user is able to navigate to &quot;Practice Questions&quot; Page for &quot;Applications&quot; page&quot;</td><td>&quot;Test Scenarios for Stack Module&quot;</td></tr></table><p class="totop"><a href="#summary">back to summary</a></p>
<h3 id="m296">com.dsalgo.automation.runners.TestRunner#runScenario</h3><table class="result"><tr class="param"><th>Parameter #1</th><th>Parameter #2</th></tr><tr class="param stripe"><td>&quot;Verify that user is able to see output for valid python code on&quot;Insertion&quot; page&quot;</td><td>&quot;Test Scenarios for Linked List Module&quot;</td></tr></table><p class="totop"><a href="#summary">back to summary</a></p>
<h3 id="m297">com.dsalgo.automation.runners.TestRunner#runScenario</h3><table class="result"><tr class="param"><th>Parameter #1</th><th>Parameter #2</th></tr><tr class="param stripe"><td>&quot;Verify that user is able to navigate to &quot;Practice Questions&quot; Page for &quot;Types of Linked List&quot; page&quot;</td><td>&quot;Test Scenarios for Linked List Module&quot;</td></tr></table><p class="totop"><a href="#summary">back to summary</a></p>
<h3 id="m298">com.dsalgo.automation.runners.TestRunner#runScenario</h3><table class="result"><tr class="param"><th>Parameter #1</th><th>Parameter #2</th></tr><tr class="param stripe"><td>&quot;Verify TryEditor with invalid code&quot;</td><td>&quot;Tree&quot;</td></tr></table><p class="totop"><a href="#summary">back to summary</a></p>
<h3 id="m299">com.dsalgo.automation.runners.TestRunner#runScenario</h3><table class="result"><tr class="param"><th>Parameter #1</th><th>Parameter #2</th></tr><tr class="param stripe"><td>&quot;Verify TryEditor with invalid code&quot;</td><td>&quot;Tree&quot;</td></tr></table><p class="totop"><a href="#summary">back to summary</a></p>
<h3 id="m300">com.dsalgo.automation.runners.TestRunner#runScenario</h3><table class="result"><tr class="param"><th>Parameter #1</th><th>Parameter #2</th></tr><tr class="param stripe"><td>&quot;Verify TryEditor with invalid code&quot;</td><td>&quot;Queue&quot;</td></tr></table><p class="totop"><a href="#summary">back to summary</a></p>
<h3 id="m301">com.dsalgo.automation.runners.TestRunner#runScenario</h3><table class="result"><tr class="param"><th>Parameter #1</th><th>Parameter #2</th></tr><tr class="param stripe"><td>&quot;Verify that user is able to see a warning message on clicking &quot;Get Started&quot; button of &quot;Arrays&quot; without Sign in&quot;</td><td>&quot;Access dsAlgo Portal&quot;</td></tr></table><p class="totop"><a href="#summary">back to summary</a></p>
<h3 id="m302">com.dsalgo.automation.runners.TestRunner#runScenario</h3><table class="result"><tr class="param"><th>Parameter #1</th><th>Parameter #2</th></tr><tr class="param stripe"><td>&quot;Verify that user is able to view table on Traversals page&quot;</td><td>&quot;Tree&quot;</td></tr></table><p class="totop"><a href="#summary">back to summary</a></p>
</body>
</html>
